-- Found ament_cmake: 1.3.5 (/opt/ros/humble/share/ament_cmake/cmake)
-- Found geometry_msgs: 4.2.3 (/opt/ros/humble/share/geometry_msgs/cmake)
-- Found rosidl_generator_c: 3.1.5 (/opt/ros/humble/share/rosidl_generator_c/cmake)
-- Found rosidl_adapter: 3.1.5 (/opt/ros/humble/share/rosidl_adapter/cmake)
-- Found rosidl_generator_cpp: 3.1.5 (/opt/ros/humble/share/rosidl_generator_cpp/cmake)
-- Using all available rosidl_typesupport_c: rosidl_typesupport_fastrtps_c;rosidl_typesupport_introspection_c
-- Using all available rosidl_typesupport_cpp: rosidl_typesupport_fastrtps_cpp;rosidl_typesupport_introspection_cpp
-- Found rosidl_default_generators: 1.2.0 (/opt/ros/humble/share/rosidl_default_generators/cmake)
-- Found ament_cmake_ros: 0.10.0 (/opt/ros/humble/share/ament_cmake_ros/cmake)
-- Using all available rosidl_typesupport_c: rosidl_typesupport_fastrtps_c;rosidl_typesupport_introspection_c
-- Using all available rosidl_typesupport_cpp: rosidl_typesupport_fastrtps_cpp;rosidl_typesupport_introspection_cpp
-- Found python_cmake_module: 0.10.0 (/opt/ros/humble/share/python_cmake_module/cmake)
-- Using PYTHON_EXECUTABLE: /usr/bin/python3
-- Using PYTHON_INCLUDE_DIRS: /usr/include/python3.10
-- Using PYTHON_LIBRARIES: /usr/lib/x86_64-linux-gnu/libpython3.10.so
-- Found ament_lint_auto: 0.12.7 (/opt/ros/humble/share/ament_lint_auto/cmake)
-- Added test 'lint_cmake' to check CMake code style
-- Added test 'xmllint' to check XML markup files
-- Configuring done
-- Generating done
-- Build files have been written to: /home/zhaocake/Documents/single_program/rm_hotpot_exam/Folder_2_Ros/golden_miner/build/mineral_interfaces
[  3%] [34m[1mGenerating C code for ROS interfaces[0m
[  6%] [34m[1mGenerating C++ code for ROS interfaces[0m
[  6%] Built target ament_cmake_python_copy_mineral_interfaces
running egg_info
writing mineral_interfaces.egg-info/PKG-INFO
writing dependency_links to mineral_interfaces.egg-info/dependency_links.txt
writing top-level names to mineral_interfaces.egg-info/top_level.txt
reading manifest file 'mineral_interfaces.egg-info/SOURCES.txt'
writing manifest file 'mineral_interfaces.egg-info/SOURCES.txt'
[  6%] Built target mineral_interfaces__cpp
[35m[1mConsolidate compiler generated dependencies of target mineral_interfaces__rosidl_generator_c[0m
[  9%] [34m[1mGenerating C++ type support for eProsima Fast-RTPS[0m
[ 12%] [34m[1mGenerating C++ type support dispatch for ROS interfaces[0m
[ 16%] [34m[1mGenerating C++ introspection for ROS interfaces[0m
[ 19%] [32mBuilding C object CMakeFiles/mineral_interfaces__rosidl_generator_c.dir/rosidl_generator_c/mineral_interfaces/msg/detail/mineral__functions.c.o[0m
[ 19%] Built target ament_cmake_python_build_mineral_interfaces_egg
[ 22%] [32m[1mLinking C shared library libmineral_interfaces__rosidl_generator_c.so[0m
[ 22%] Built target mineral_interfaces__rosidl_generator_c
[ 29%] [34m[1mGenerating C introspection for ROS interfaces[0m
[ 29%] [34m[1mGenerating C type support dispatch for ROS interfaces[0m
[ 32%] [34m[1mGenerating C type support for eProsima Fast-RTPS[0m
[35m[1mConsolidate compiler generated dependencies of target mineral_interfaces__rosidl_typesupport_cpp[0m
[ 35%] [32mBuilding CXX object CMakeFiles/mineral_interfaces__rosidl_typesupport_cpp.dir/rosidl_typesupport_cpp/mineral_interfaces/msg/mineral__type_support.cpp.o[0m
[35m[1mConsolidate compiler generated dependencies of target mineral_interfaces__rosidl_typesupport_introspection_c[0m
[ 38%] [32mBuilding C object CMakeFiles/mineral_interfaces__rosidl_typesupport_introspection_c.dir/rosidl_typesupport_introspection_c/mineral_interfaces/msg/detail/mineral__type_support.c.o[0m
[35m[1mConsolidate compiler generated dependencies of target mineral_interfaces__rosidl_typesupport_introspection_cpp[0m
[ 41%] [32m[1mLinking C shared library libmineral_interfaces__rosidl_typesupport_introspection_c.so[0m
[35m[1mConsolidate compiler generated dependencies of target mineral_interfaces__rosidl_typesupport_fastrtps_cpp[0m
[ 45%] [32mBuilding CXX object CMakeFiles/mineral_interfaces__rosidl_typesupport_introspection_cpp.dir/rosidl_typesupport_introspection_cpp/mineral_interfaces/msg/detail/mineral__type_support.cpp.o[0m
[ 48%] [32mBuilding CXX object CMakeFiles/mineral_interfaces__rosidl_typesupport_fastrtps_cpp.dir/rosidl_typesupport_fastrtps_cpp/mineral_interfaces/msg/detail/dds_fastrtps/mineral__type_support.cpp.o[0m
[35m[1mConsolidate compiler generated dependencies of target mineral_interfaces__rosidl_typesupport_fastrtps_c[0m
[ 48%] Built target mineral_interfaces__rosidl_typesupport_introspection_c
[ 51%] [32mBuilding CXX object CMakeFiles/mineral_interfaces__rosidl_typesupport_fastrtps_c.dir/rosidl_typesupport_fastrtps_c/mineral_interfaces/msg/detail/mineral__type_support_c.cpp.o[0m
[35m[1mConsolidate compiler generated dependencies of target mineral_interfaces__rosidl_typesupport_c[0m
[ 54%] [32mBuilding CXX object CMakeFiles/mineral_interfaces__rosidl_typesupport_c.dir/rosidl_typesupport_c/mineral_interfaces/msg/mineral__type_support.cpp.o[0m
