[0.011s] Invoking command in '/home/zhaocake/Documents/single_program/rm_hotpot_exam/Folder_2_Ros/golden_miner/build/mineral_interfaces': CMAKE_PREFIX_PATH=/opt/ros/humble /usr/bin/cmake --build /home/zhaocake/Documents/single_program/rm_hotpot_exam/Folder_2_Ros/golden_miner/build/mineral_interfaces -- -j8 -l8
[0.026s] -- Found ament_cmake: 1.3.5 (/opt/ros/humble/share/ament_cmake/cmake)
[0.116s] -- Found geometry_msgs: 4.2.3 (/opt/ros/humble/share/geometry_msgs/cmake)
[0.132s] -- Found rosidl_generator_c: 3.1.5 (/opt/ros/humble/share/rosidl_generator_c/cmake)
[0.134s] -- Found rosidl_adapter: 3.1.5 (/opt/ros/humble/share/rosidl_adapter/cmake)
[0.137s] -- Found rosidl_generator_cpp: 3.1.5 (/opt/ros/humble/share/rosidl_generator_cpp/cmake)
[0.144s] -- Using all available rosidl_typesupport_c: rosidl_typesupport_fastrtps_c;rosidl_typesupport_introspection_c
[0.153s] -- Using all available rosidl_typesupport_cpp: rosidl_typesupport_fastrtps_cpp;rosidl_typesupport_introspection_cpp
[0.223s] -- Found rosidl_default_generators: 1.2.0 (/opt/ros/humble/share/rosidl_default_generators/cmake)
[0.399s] -- Found ament_cmake_ros: 0.10.0 (/opt/ros/humble/share/ament_cmake_ros/cmake)
[0.665s] -- Using all available rosidl_typesupport_c: rosidl_typesupport_fastrtps_c;rosidl_typesupport_introspection_c
[0.767s] -- Using all available rosidl_typesupport_cpp: rosidl_typesupport_fastrtps_cpp;rosidl_typesupport_introspection_cpp
[0.781s] -- Found python_cmake_module: 0.10.0 (/opt/ros/humble/share/python_cmake_module/cmake)
[0.795s] -- Using PYTHON_EXECUTABLE: /usr/bin/python3
[0.795s] -- Using PYTHON_INCLUDE_DIRS: /usr/include/python3.10
[0.795s] -- Using PYTHON_LIBRARIES: /usr/lib/x86_64-linux-gnu/libpython3.10.so
[0.818s] -- Found ament_lint_auto: 0.12.7 (/opt/ros/humble/share/ament_lint_auto/cmake)
[0.825s] -- Added test 'lint_cmake' to check CMake code style
[0.826s] -- Added test 'xmllint' to check XML markup files
[0.827s] -- Configuring done
[0.855s] -- Generating done
[0.858s] -- Build files have been written to: /home/zhaocake/Documents/single_program/rm_hotpot_exam/Folder_2_Ros/golden_miner/build/mineral_interfaces
[0.876s] [  3%] [34m[1mGenerating C code for ROS interfaces[0m
[0.882s] [  6%] [34m[1mGenerating C++ code for ROS interfaces[0m
[0.887s] [  6%] Built target ament_cmake_python_copy_mineral_interfaces
[1.048s] running egg_info
[1.048s] writing mineral_interfaces.egg-info/PKG-INFO
[1.049s] writing dependency_links to mineral_interfaces.egg-info/dependency_links.txt
[1.049s] writing top-level names to mineral_interfaces.egg-info/top_level.txt
[1.051s] reading manifest file 'mineral_interfaces.egg-info/SOURCES.txt'
[1.051s] [35m[1mConsolidate compiler generated dependencies of target mineral_interfaces__rosidl_generator_c[0m
[1.052s] writing manifest file 'mineral_interfaces.egg-info/SOURCES.txt'
[1.058s] [  6%] Built target mineral_interfaces__cpp
[1.060s] [  9%] [32mBuilding C object CMakeFiles/mineral_interfaces__rosidl_generator_c.dir/rosidl_generator_c/mineral_interfaces/msg/detail/mineral__functions.c.o[0m
[1.065s] [ 12%] [34m[1mGenerating C++ type support for eProsima Fast-RTPS[0m
[1.066s] [ 16%] [34m[1mGenerating C++ type support dispatch for ROS interfaces[0m
[1.067s] [ 19%] [34m[1mGenerating C++ introspection for ROS interfaces[0m
[1.080s] [ 19%] Built target ament_cmake_python_build_mineral_interfaces_egg
[1.091s] [ 22%] [32m[1mLinking C shared library libmineral_interfaces__rosidl_generator_c.so[0m
[1.121s] [ 22%] Built target mineral_interfaces__rosidl_generator_c
[1.129s] [ 25%] [34m[1mGenerating C type support dispatch for ROS interfaces[0m
[1.131s] [ 32%] [34m[1mGenerating C type support for eProsima Fast-RTPS[0m
[1.131s] [ 32%] [34m[1mGenerating C introspection for ROS interfaces[0m
[1.220s] [35m[1mConsolidate compiler generated dependencies of target mineral_interfaces__rosidl_typesupport_cpp[0m
[1.231s] [ 35%] [32mBuilding CXX object CMakeFiles/mineral_interfaces__rosidl_typesupport_cpp.dir/rosidl_typesupport_cpp/mineral_interfaces/msg/mineral__type_support.cpp.o[0m
[1.243s] [35m[1mConsolidate compiler generated dependencies of target mineral_interfaces__rosidl_typesupport_fastrtps_cpp[0m
[1.255s] [ 38%] [32mBuilding CXX object CMakeFiles/mineral_interfaces__rosidl_typesupport_fastrtps_cpp.dir/rosidl_typesupport_fastrtps_cpp/mineral_interfaces/msg/detail/dds_fastrtps/mineral__type_support.cpp.o[0m
[1.325s] [35m[1mConsolidate compiler generated dependencies of target mineral_interfaces__rosidl_typesupport_introspection_cpp[0m
[1.337s] [ 41%] [32mBuilding CXX object CMakeFiles/mineral_interfaces__rosidl_typesupport_introspection_cpp.dir/rosidl_typesupport_introspection_cpp/mineral_interfaces/msg/detail/mineral__type_support.cpp.o[0m
[1.379s] [35m[1mConsolidate compiler generated dependencies of target mineral_interfaces__rosidl_typesupport_introspection_c[0m
[1.388s] [35m[1mConsolidate compiler generated dependencies of target mineral_interfaces__rosidl_typesupport_c[0m
[1.391s] [ 45%] [32mBuilding C object CMakeFiles/mineral_interfaces__rosidl_typesupport_introspection_c.dir/rosidl_typesupport_introspection_c/mineral_interfaces/msg/detail/mineral__type_support.c.o[0m
[1.408s] [ 48%] [32mBuilding CXX object CMakeFiles/mineral_interfaces__rosidl_typesupport_c.dir/rosidl_typesupport_c/mineral_interfaces/msg/mineral__type_support.cpp.o[0m
[1.409s] [35m[1mConsolidate compiler generated dependencies of target mineral_interfaces__rosidl_typesupport_fastrtps_c[0m
[1.422s] [ 51%] [32mBuilding CXX object CMakeFiles/mineral_interfaces__rosidl_typesupport_fastrtps_c.dir/rosidl_typesupport_fastrtps_c/mineral_interfaces/msg/detail/mineral__type_support_c.cpp.o[0m
[1.429s] [ 54%] [32m[1mLinking C shared library libmineral_interfaces__rosidl_typesupport_introspection_c.so[0m
[1.435s] [ 58%] [32m[1mLinking CXX shared library libmineral_interfaces__rosidl_typesupport_cpp.so[0m
[1.437s] [ 61%] [32m[1mLinking CXX shared library libmineral_interfaces__rosidl_typesupport_c.so[0m
[1.460s] [ 61%] Built target mineral_interfaces__rosidl_typesupport_introspection_c
[1.465s] [ 61%] Built target mineral_interfaces__rosidl_typesupport_cpp
[1.478s] [ 61%] Built target mineral_interfaces__rosidl_typesupport_c
[1.545s] [ 64%] [32m[1mLinking CXX shared library libmineral_interfaces__rosidl_typesupport_fastrtps_cpp.so[0m
[1.600s] [ 64%] Built target mineral_interfaces__rosidl_typesupport_fastrtps_cpp
[1.617s] [ 67%] [32m[1mLinking CXX shared library libmineral_interfaces__rosidl_typesupport_introspection_cpp.so[0m
[1.652s] [ 70%] [32m[1mLinking CXX shared library libmineral_interfaces__rosidl_typesupport_fastrtps_c.so[0m
[1.660s] [ 70%] Built target mineral_interfaces__rosidl_typesupport_introspection_cpp
[1.701s] [ 70%] Built target mineral_interfaces__rosidl_typesupport_fastrtps_c
[1.716s] [ 70%] Built target mineral_interfaces
[1.730s] [ 74%] [34m[1mGenerating Python code for ROS interfaces[0m
[1.935s] [ 74%] Built target mineral_interfaces__py
[1.947s] [ 77%] [32mBuilding C object CMakeFiles/mineral_interfaces__rosidl_generator_py.dir/rosidl_generator_py/mineral_interfaces/msg/_mineral_s.c.o[0m
[2.030s] [ 80%] [32m[1mLinking C shared library rosidl_generator_py/mineral_interfaces/libmineral_interfaces__rosidl_generator_py.so[0m
[2.066s] [ 80%] Built target mineral_interfaces__rosidl_generator_py
[2.080s] [ 90%] [32mBuilding C object CMakeFiles/mineral_interfaces__rosidl_typesupport_c__pyext.dir/rosidl_generator_py/mineral_interfaces/_mineral_interfaces_s.ep.rosidl_typesupport_c.c.o[0m
[2.080s] [ 90%] [32mBuilding C object CMakeFiles/mineral_interfaces__rosidl_typesupport_introspection_c__pyext.dir/rosidl_generator_py/mineral_interfaces/_mineral_interfaces_s.ep.rosidl_typesupport_introspection_c.c.o[0m
[2.080s] [ 90%] [32mBuilding C object CMakeFiles/mineral_interfaces__rosidl_typesupport_fastrtps_c__pyext.dir/rosidl_generator_py/mineral_interfaces/_mineral_interfaces_s.ep.rosidl_typesupport_fastrtps_c.c.o[0m
[2.143s] [100%] [32m[1mLinking C shared library rosidl_generator_py/mineral_interfaces/mineral_interfaces_s__rosidl_typesupport_introspection_c.cpython-310-x86_64-linux-gnu.so[0m
[2.143s] [100%] [32m[1mLinking C shared library rosidl_generator_py/mineral_interfaces/mineral_interfaces_s__rosidl_typesupport_c.cpython-310-x86_64-linux-gnu.so[0m
[2.143s] [100%] [32m[1mLinking C shared library rosidl_generator_py/mineral_interfaces/mineral_interfaces_s__rosidl_typesupport_fastrtps_c.cpython-310-x86_64-linux-gnu.so[0m
[2.169s] [100%] Built target mineral_interfaces__rosidl_typesupport_c__pyext
[2.169s] [100%] Built target mineral_interfaces__rosidl_typesupport_introspection_c__pyext
[2.169s] [100%] Built target mineral_interfaces__rosidl_typesupport_fastrtps_c__pyext
[2.176s] Invoked command in '/home/zhaocake/Documents/single_program/rm_hotpot_exam/Folder_2_Ros/golden_miner/build/mineral_interfaces' returned '0': CMAKE_PREFIX_PATH=/opt/ros/humble /usr/bin/cmake --build /home/zhaocake/Documents/single_program/rm_hotpot_exam/Folder_2_Ros/golden_miner/build/mineral_interfaces -- -j8 -l8
[2.218s] Invoking command in '/home/zhaocake/Documents/single_program/rm_hotpot_exam/Folder_2_Ros/golden_miner/build/mineral_interfaces': CMAKE_PREFIX_PATH=/opt/ros/humble /usr/bin/cmake --install /home/zhaocake/Documents/single_program/rm_hotpot_exam/Folder_2_Ros/golden_miner/build/mineral_interfaces
[2.224s] -- Install configuration: ""
[2.224s] -- Installing: /home/zhaocake/Documents/single_program/rm_hotpot_exam/Folder_2_Ros/golden_miner/install/mineral_interfaces/share/ament_index/resource_index/rosidl_interfaces/mineral_interfaces
[2.224s] -- Installing: /home/zhaocake/Documents/single_program/rm_hotpot_exam/Folder_2_Ros/golden_miner/install/mineral_interfaces/include/mineral_interfaces/mineral_interfaces
[2.224s] -- Installing: /home/zhaocake/Documents/single_program/rm_hotpot_exam/Folder_2_Ros/golden_miner/install/mineral_interfaces/include/mineral_interfaces/mineral_interfaces/msg
[2.224s] -- Installing: /home/zhaocake/Documents/single_program/rm_hotpot_exam/Folder_2_Ros/golden_miner/install/mineral_interfaces/include/mineral_interfaces/mineral_interfaces/msg/detail
[2.224s] -- Installing: /home/zhaocake/Documents/single_program/rm_hotpot_exam/Folder_2_Ros/golden_miner/install/mineral_interfaces/include/mineral_interfaces/mineral_interfaces/msg/detail/mineral__type_support.h
[2.224s] -- Installing: /home/zhaocake/Documents/single_program/rm_hotpot_exam/Folder_2_Ros/golden_miner/install/mineral_interfaces/include/mineral_interfaces/mineral_interfaces/msg/detail/mineral__functions.c
[2.224s] -- Installing: /home/zhaocake/Documents/single_program/rm_hotpot_exam/Folder_2_Ros/golden_miner/install/mineral_interfaces/include/mineral_interfaces/mineral_interfaces/msg/detail/mineral__functions.h
[2.224s] -- Installing: /home/zhaocake/Documents/single_program/rm_hotpot_exam/Folder_2_Ros/golden_miner/install/mineral_interfaces/include/mineral_interfaces/mineral_interfaces/msg/detail/mineral__struct.h
[2.224s] -- Installing: /home/zhaocake/Documents/single_program/rm_hotpot_exam/Folder_2_Ros/golden_miner/install/mineral_interfaces/include/mineral_interfaces/mineral_interfaces/msg/rosidl_generator_c__visibility_control.h
[2.224s] -- Installing: /home/zhaocake/Documents/single_program/rm_hotpot_exam/Folder_2_Ros/golden_miner/install/mineral_interfaces/include/mineral_interfaces/mineral_interfaces/msg/mineral.h
[2.224s] -- Installing: /home/zhaocake/Documents/single_program/rm_hotpot_exam/Folder_2_Ros/golden_miner/install/mineral_interfaces/share/mineral_interfaces/environment/library_path.sh
[2.224s] -- Installing: /home/zhaocake/Documents/single_program/rm_hotpot_exam/Folder_2_Ros/golden_miner/install/mineral_interfaces/share/mineral_interfaces/environment/library_path.dsv
[2.225s] -- Installing: /home/zhaocake/Documents/single_program/rm_hotpot_exam/Folder_2_Ros/golden_miner/install/mineral_interfaces/lib/libmineral_interfaces__rosidl_generator_c.so
[2.225s] -- Set runtime path of "/home/zhaocake/Documents/single_program/rm_hotpot_exam/Folder_2_Ros/golden_miner/install/mineral_interfaces/lib/libmineral_interfaces__rosidl_generator_c.so" to ""
[2.225s] -- Up-to-date: /home/zhaocake/Documents/single_program/rm_hotpot_exam/Folder_2_Ros/golden_miner/install/mineral_interfaces/include/mineral_interfaces/mineral_interfaces
[2.225s] -- Up-to-date: /home/zhaocake/Documents/single_program/rm_hotpot_exam/Folder_2_Ros/golden_miner/install/mineral_interfaces/include/mineral_interfaces/mineral_interfaces/msg
[2.225s] -- Up-to-date: /home/zhaocake/Documents/single_program/rm_hotpot_exam/Folder_2_Ros/golden_miner/install/mineral_interfaces/include/mineral_interfaces/mineral_interfaces/msg/detail
[2.225s] -- Installing: /home/zhaocake/Documents/single_program/rm_hotpot_exam/Folder_2_Ros/golden_miner/install/mineral_interfaces/include/mineral_interfaces/mineral_interfaces/msg/detail/mineral__rosidl_typesupport_fastrtps_c.h
[2.225s] -- Installing: /home/zhaocake/Documents/single_program/rm_hotpot_exam/Folder_2_Ros/golden_miner/install/mineral_interfaces/include/mineral_interfaces/mineral_interfaces/msg/rosidl_typesupport_fastrtps_c__visibility_control.h
[2.225s] -- Installing: /home/zhaocake/Documents/single_program/rm_hotpot_exam/Folder_2_Ros/golden_miner/install/mineral_interfaces/lib/libmineral_interfaces__rosidl_typesupport_fastrtps_c.so
[2.225s] -- Set runtime path of "/home/zhaocake/Documents/single_program/rm_hotpot_exam/Folder_2_Ros/golden_miner/install/mineral_interfaces/lib/libmineral_interfaces__rosidl_typesupport_fastrtps_c.so" to ""
[2.225s] -- Up-to-date: /home/zhaocake/Documents/single_program/rm_hotpot_exam/Folder_2_Ros/golden_miner/install/mineral_interfaces/include/mineral_interfaces/mineral_interfaces
[2.225s] -- Up-to-date: /home/zhaocake/Documents/single_program/rm_hotpot_exam/Folder_2_Ros/golden_miner/install/mineral_interfaces/include/mineral_interfaces/mineral_interfaces/msg
[2.225s] -- Up-to-date: /home/zhaocake/Documents/single_program/rm_hotpot_exam/Folder_2_Ros/golden_miner/install/mineral_interfaces/include/mineral_interfaces/mineral_interfaces/msg/detail
[2.225s] -- Installing: /home/zhaocake/Documents/single_program/rm_hotpot_exam/Folder_2_Ros/golden_miner/install/mineral_interfaces/include/mineral_interfaces/mineral_interfaces/msg/detail/mineral__builder.hpp
[2.225s] -- Installing: /home/zhaocake/Documents/single_program/rm_hotpot_exam/Folder_2_Ros/golden_miner/install/mineral_interfaces/include/mineral_interfaces/mineral_interfaces/msg/detail/mineral__traits.hpp
[2.226s] -- Installing: /home/zhaocake/Documents/single_program/rm_hotpot_exam/Folder_2_Ros/golden_miner/install/mineral_interfaces/include/mineral_interfaces/mineral_interfaces/msg/detail/mineral__struct.hpp
[2.226s] -- Installing: /home/zhaocake/Documents/single_program/rm_hotpot_exam/Folder_2_Ros/golden_miner/install/mineral_interfaces/include/mineral_interfaces/mineral_interfaces/msg/mineral.hpp
[2.226s] -- Up-to-date: /home/zhaocake/Documents/single_program/rm_hotpot_exam/Folder_2_Ros/golden_miner/install/mineral_interfaces/include/mineral_interfaces/mineral_interfaces
[2.226s] -- Up-to-date: /home/zhaocake/Documents/single_program/rm_hotpot_exam/Folder_2_Ros/golden_miner/install/mineral_interfaces/include/mineral_interfaces/mineral_interfaces/msg
[2.226s] -- Up-to-date: /home/zhaocake/Documents/single_program/rm_hotpot_exam/Folder_2_Ros/golden_miner/install/mineral_interfaces/include/mineral_interfaces/mineral_interfaces/msg/detail
[2.226s] -- Installing: /home/zhaocake/Documents/single_program/rm_hotpot_exam/Folder_2_Ros/golden_miner/install/mineral_interfaces/include/mineral_interfaces/mineral_interfaces/msg/detail/mineral__rosidl_typesupport_fastrtps_cpp.hpp
[2.226s] -- Installing: /home/zhaocake/Documents/single_program/rm_hotpot_exam/Folder_2_Ros/golden_miner/install/mineral_interfaces/include/mineral_interfaces/mineral_interfaces/msg/detail/dds_fastrtps
[2.226s] -- Installing: /home/zhaocake/Documents/single_program/rm_hotpot_exam/Folder_2_Ros/golden_miner/install/mineral_interfaces/include/mineral_interfaces/mineral_interfaces/msg/rosidl_typesupport_fastrtps_cpp__visibility_control.h
[2.226s] -- Installing: /home/zhaocake/Documents/single_program/rm_hotpot_exam/Folder_2_Ros/golden_miner/install/mineral_interfaces/lib/libmineral_interfaces__rosidl_typesupport_fastrtps_cpp.so
[2.226s] -- Set runtime path of "/home/zhaocake/Documents/single_program/rm_hotpot_exam/Folder_2_Ros/golden_miner/install/mineral_interfaces/lib/libmineral_interfaces__rosidl_typesupport_fastrtps_cpp.so" to ""
[2.226s] -- Up-to-date: /home/zhaocake/Documents/single_program/rm_hotpot_exam/Folder_2_Ros/golden_miner/install/mineral_interfaces/include/mineral_interfaces/mineral_interfaces
[2.226s] -- Up-to-date: /home/zhaocake/Documents/single_program/rm_hotpot_exam/Folder_2_Ros/golden_miner/install/mineral_interfaces/include/mineral_interfaces/mineral_interfaces/msg
[2.226s] -- Up-to-date: /home/zhaocake/Documents/single_program/rm_hotpot_exam/Folder_2_Ros/golden_miner/install/mineral_interfaces/include/mineral_interfaces/mineral_interfaces/msg/detail
[2.226s] -- Installing: /home/zhaocake/Documents/single_program/rm_hotpot_exam/Folder_2_Ros/golden_miner/install/mineral_interfaces/include/mineral_interfaces/mineral_interfaces/msg/detail/mineral__type_support.c
[2.226s] -- Installing: /home/zhaocake/Documents/single_program/rm_hotpot_exam/Folder_2_Ros/golden_miner/install/mineral_interfaces/include/mineral_interfaces/mineral_interfaces/msg/detail/mineral__rosidl_typesupport_introspection_c.h
[2.226s] -- Installing: /home/zhaocake/Documents/single_program/rm_hotpot_exam/Folder_2_Ros/golden_miner/install/mineral_interfaces/include/mineral_interfaces/mineral_interfaces/msg/rosidl_typesupport_introspection_c__visibility_control.h
[2.226s] -- Installing: /home/zhaocake/Documents/single_program/rm_hotpot_exam/Folder_2_Ros/golden_miner/install/mineral_interfaces/lib/libmineral_interfaces__rosidl_typesupport_introspection_c.so
[2.227s] -- Set runtime path of "/home/zhaocake/Documents/single_program/rm_hotpot_exam/Folder_2_Ros/golden_miner/install/mineral_interfaces/lib/libmineral_interfaces__rosidl_typesupport_introspection_c.so" to ""
[2.227s] -- Installing: /home/zhaocake/Documents/single_program/rm_hotpot_exam/Folder_2_Ros/golden_miner/install/mineral_interfaces/lib/libmineral_interfaces__rosidl_typesupport_c.so
[2.227s] -- Set runtime path of "/home/zhaocake/Documents/single_program/rm_hotpot_exam/Folder_2_Ros/golden_miner/install/mineral_interfaces/lib/libmineral_interfaces__rosidl_typesupport_c.so" to ""
[2.227s] -- Up-to-date: /home/zhaocake/Documents/single_program/rm_hotpot_exam/Folder_2_Ros/golden_miner/install/mineral_interfaces/include/mineral_interfaces/mineral_interfaces
[2.227s] -- Up-to-date: /home/zhaocake/Documents/single_program/rm_hotpot_exam/Folder_2_Ros/golden_miner/install/mineral_interfaces/include/mineral_interfaces/mineral_interfaces/msg
[2.227s] -- Up-to-date: /home/zhaocake/Documents/single_program/rm_hotpot_exam/Folder_2_Ros/golden_miner/install/mineral_interfaces/include/mineral_interfaces/mineral_interfaces/msg/detail
[2.227s] -- Installing: /home/zhaocake/Documents/single_program/rm_hotpot_exam/Folder_2_Ros/golden_miner/install/mineral_interfaces/include/mineral_interfaces/mineral_interfaces/msg/detail/mineral__type_support.cpp
[2.227s] -- Installing: /home/zhaocake/Documents/single_program/rm_hotpot_exam/Folder_2_Ros/golden_miner/install/mineral_interfaces/include/mineral_interfaces/mineral_interfaces/msg/detail/mineral__rosidl_typesupport_introspection_cpp.hpp
[2.227s] -- Installing: /home/zhaocake/Documents/single_program/rm_hotpot_exam/Folder_2_Ros/golden_miner/install/mineral_interfaces/lib/libmineral_interfaces__rosidl_typesupport_introspection_cpp.so
[2.227s] -- Set runtime path of "/home/zhaocake/Documents/single_program/rm_hotpot_exam/Folder_2_Ros/golden_miner/install/mineral_interfaces/lib/libmineral_interfaces__rosidl_typesupport_introspection_cpp.so" to ""
[2.227s] -- Installing: /home/zhaocake/Documents/single_program/rm_hotpot_exam/Folder_2_Ros/golden_miner/install/mineral_interfaces/lib/libmineral_interfaces__rosidl_typesupport_cpp.so
[2.227s] -- Set runtime path of "/home/zhaocake/Documents/single_program/rm_hotpot_exam/Folder_2_Ros/golden_miner/install/mineral_interfaces/lib/libmineral_interfaces__rosidl_typesupport_cpp.so" to ""
[2.227s] -- Installing: /home/zhaocake/Documents/single_program/rm_hotpot_exam/Folder_2_Ros/golden_miner/install/mineral_interfaces/share/mineral_interfaces/environment/pythonpath.sh
[2.227s] -- Installing: /home/zhaocake/Documents/single_program/rm_hotpot_exam/Folder_2_Ros/golden_miner/install/mineral_interfaces/share/mineral_interfaces/environment/pythonpath.dsv
[2.228s] -- Installing: /home/zhaocake/Documents/single_program/rm_hotpot_exam/Folder_2_Ros/golden_miner/install/mineral_interfaces/local/lib/python3.10/dist-packages/mineral_interfaces-0.0.0-py3.10.egg-info
[2.228s] -- Installing: /home/zhaocake/Documents/single_program/rm_hotpot_exam/Folder_2_Ros/golden_miner/install/mineral_interfaces/local/lib/python3.10/dist-packages/mineral_interfaces-0.0.0-py3.10.egg-info/dependency_links.txt
[2.228s] -- Installing: /home/zhaocake/Documents/single_program/rm_hotpot_exam/Folder_2_Ros/golden_miner/install/mineral_interfaces/local/lib/python3.10/dist-packages/mineral_interfaces-0.0.0-py3.10.egg-info/top_level.txt
[2.228s] -- Installing: /home/zhaocake/Documents/single_program/rm_hotpot_exam/Folder_2_Ros/golden_miner/install/mineral_interfaces/local/lib/python3.10/dist-packages/mineral_interfaces-0.0.0-py3.10.egg-info/SOURCES.txt
[2.228s] -- Installing: /home/zhaocake/Documents/single_program/rm_hotpot_exam/Folder_2_Ros/golden_miner/install/mineral_interfaces/local/lib/python3.10/dist-packages/mineral_interfaces-0.0.0-py3.10.egg-info/PKG-INFO
[2.228s] -- Installing: /home/zhaocake/Documents/single_program/rm_hotpot_exam/Folder_2_Ros/golden_miner/install/mineral_interfaces/local/lib/python3.10/dist-packages/mineral_interfaces
[2.228s] -- Installing: /home/zhaocake/Documents/single_program/rm_hotpot_exam/Folder_2_Ros/golden_miner/install/mineral_interfaces/local/lib/python3.10/dist-packages/mineral_interfaces/mineral_interfaces_s__rosidl_typesupport_c.cpython-310-x86_64-linux-gnu.so
[2.228s] -- Installing: /home/zhaocake/Documents/single_program/rm_hotpot_exam/Folder_2_Ros/golden_miner/install/mineral_interfaces/local/lib/python3.10/dist-packages/mineral_interfaces/_mineral_interfaces_s.ep.rosidl_typesupport_fastrtps_c.c
[2.228s] -- Installing: /home/zhaocake/Documents/single_program/rm_hotpot_exam/Folder_2_Ros/golden_miner/install/mineral_interfaces/local/lib/python3.10/dist-packages/mineral_interfaces/_mineral_interfaces_s.ep.rosidl_typesupport_c.c
[2.228s] -- Installing: /home/zhaocake/Documents/single_program/rm_hotpot_exam/Folder_2_Ros/golden_miner/install/mineral_interfaces/local/lib/python3.10/dist-packages/mineral_interfaces/__init__.py
[2.228s] -- Installing: /home/zhaocake/Documents/single_program/rm_hotpot_exam/Folder_2_Ros/golden_miner/install/mineral_interfaces/local/lib/python3.10/dist-packages/mineral_interfaces/_mineral_interfaces_s.ep.rosidl_typesupport_introspection_c.c
[2.228s] -- Installing: /home/zhaocake/Documents/single_program/rm_hotpot_exam/Folder_2_Ros/golden_miner/install/mineral_interfaces/local/lib/python3.10/dist-packages/mineral_interfaces/msg
[2.228s] -- Installing: /home/zhaocake/Documents/single_program/rm_hotpot_exam/Folder_2_Ros/golden_miner/install/mineral_interfaces/local/lib/python3.10/dist-packages/mineral_interfaces/msg/_mineral_s.c
[2.228s] -- Installing: /home/zhaocake/Documents/single_program/rm_hotpot_exam/Folder_2_Ros/golden_miner/install/mineral_interfaces/local/lib/python3.10/dist-packages/mineral_interfaces/msg/__init__.py
[2.228s] -- Installing: /home/zhaocake/Documents/single_program/rm_hotpot_exam/Folder_2_Ros/golden_miner/install/mineral_interfaces/local/lib/python3.10/dist-packages/mineral_interfaces/msg/_mineral.py
[2.228s] -- Installing: /home/zhaocake/Documents/single_program/rm_hotpot_exam/Folder_2_Ros/golden_miner/install/mineral_interfaces/local/lib/python3.10/dist-packages/mineral_interfaces/mineral_interfaces_s__rosidl_typesupport_fastrtps_c.cpython-310-x86_64-linux-gnu.so
[2.228s] -- Installing: /home/zhaocake/Documents/single_program/rm_hotpot_exam/Folder_2_Ros/golden_miner/install/mineral_interfaces/local/lib/python3.10/dist-packages/mineral_interfaces/mineral_interfaces_s__rosidl_typesupport_introspection_c.cpython-310-x86_64-linux-gnu.so
[2.228s] -- Installing: /home/zhaocake/Documents/single_program/rm_hotpot_exam/Folder_2_Ros/golden_miner/install/mineral_interfaces/local/lib/python3.10/dist-packages/mineral_interfaces/libmineral_interfaces__rosidl_generator_py.so
[2.251s] Listing '/home/zhaocake/Documents/single_program/rm_hotpot_exam/Folder_2_Ros/golden_miner/install/mineral_interfaces/local/lib/python3.10/dist-packages/mineral_interfaces'...
[2.251s] Compiling '/home/zhaocake/Documents/single_program/rm_hotpot_exam/Folder_2_Ros/golden_miner/install/mineral_interfaces/local/lib/python3.10/dist-packages/mineral_interfaces/__init__.py'...
[2.251s] Listing '/home/zhaocake/Documents/single_program/rm_hotpot_exam/Folder_2_Ros/golden_miner/install/mineral_interfaces/local/lib/python3.10/dist-packages/mineral_interfaces/msg'...
[2.251s] Compiling '/home/zhaocake/Documents/single_program/rm_hotpot_exam/Folder_2_Ros/golden_miner/install/mineral_interfaces/local/lib/python3.10/dist-packages/mineral_interfaces/msg/__init__.py'...
[2.251s] Compiling '/home/zhaocake/Documents/single_program/rm_hotpot_exam/Folder_2_Ros/golden_miner/install/mineral_interfaces/local/lib/python3.10/dist-packages/mineral_interfaces/msg/_mineral.py'...
[2.255s] -- Installing: /home/zhaocake/Documents/single_program/rm_hotpot_exam/Folder_2_Ros/golden_miner/install/mineral_interfaces/local/lib/python3.10/dist-packages/mineral_interfaces/mineral_interfaces_s__rosidl_typesupport_fastrtps_c.cpython-310-x86_64-linux-gnu.so
[2.255s] -- Set runtime path of "/home/zhaocake/Documents/single_program/rm_hotpot_exam/Folder_2_Ros/golden_miner/install/mineral_interfaces/local/lib/python3.10/dist-packages/mineral_interfaces/mineral_interfaces_s__rosidl_typesupport_fastrtps_c.cpython-310-x86_64-linux-gnu.so" to ""
[2.255s] -- Installing: /home/zhaocake/Documents/single_program/rm_hotpot_exam/Folder_2_Ros/golden_miner/install/mineral_interfaces/local/lib/python3.10/dist-packages/mineral_interfaces/mineral_interfaces_s__rosidl_typesupport_introspection_c.cpython-310-x86_64-linux-gnu.so
[2.255s] -- Set runtime path of "/home/zhaocake/Documents/single_program/rm_hotpot_exam/Folder_2_Ros/golden_miner/install/mineral_interfaces/local/lib/python3.10/dist-packages/mineral_interfaces/mineral_interfaces_s__rosidl_typesupport_introspection_c.cpython-310-x86_64-linux-gnu.so" to ""
[2.255s] -- Installing: /home/zhaocake/Documents/single_program/rm_hotpot_exam/Folder_2_Ros/golden_miner/install/mineral_interfaces/local/lib/python3.10/dist-packages/mineral_interfaces/mineral_interfaces_s__rosidl_typesupport_c.cpython-310-x86_64-linux-gnu.so
[2.255s] -- Set runtime path of "/home/zhaocake/Documents/single_program/rm_hotpot_exam/Folder_2_Ros/golden_miner/install/mineral_interfaces/local/lib/python3.10/dist-packages/mineral_interfaces/mineral_interfaces_s__rosidl_typesupport_c.cpython-310-x86_64-linux-gnu.so" to ""
[2.255s] -- Installing: /home/zhaocake/Documents/single_program/rm_hotpot_exam/Folder_2_Ros/golden_miner/install/mineral_interfaces/lib/libmineral_interfaces__rosidl_generator_py.so
[2.256s] -- Set runtime path of "/home/zhaocake/Documents/single_program/rm_hotpot_exam/Folder_2_Ros/golden_miner/install/mineral_interfaces/lib/libmineral_interfaces__rosidl_generator_py.so" to ""
[2.256s] -- Installing: /home/zhaocake/Documents/single_program/rm_hotpot_exam/Folder_2_Ros/golden_miner/install/mineral_interfaces/share/mineral_interfaces/msg/Mineral.idl
[2.256s] -- Installing: /home/zhaocake/Documents/single_program/rm_hotpot_exam/Folder_2_Ros/golden_miner/install/mineral_interfaces/share/mineral_interfaces/msg/Mineral.msg
[2.256s] -- Installing: /home/zhaocake/Documents/single_program/rm_hotpot_exam/Folder_2_Ros/golden_miner/install/mineral_interfaces/share/ament_index/resource_index/package_run_dependencies/mineral_interfaces
[2.256s] -- Installing: /home/zhaocake/Documents/single_program/rm_hotpot_exam/Folder_2_Ros/golden_miner/install/mineral_interfaces/share/ament_index/resource_index/parent_prefix_path/mineral_interfaces
[2.256s] -- Installing: /home/zhaocake/Documents/single_program/rm_hotpot_exam/Folder_2_Ros/golden_miner/install/mineral_interfaces/share/mineral_interfaces/environment/ament_prefix_path.sh
[2.256s] -- Installing: /home/zhaocake/Documents/single_program/rm_hotpot_exam/Folder_2_Ros/golden_miner/install/mineral_interfaces/share/mineral_interfaces/environment/ament_prefix_path.dsv
[2.256s] -- Installing: /home/zhaocake/Documents/single_program/rm_hotpot_exam/Folder_2_Ros/golden_miner/install/mineral_interfaces/share/mineral_interfaces/environment/path.sh
[2.256s] -- Installing: /home/zhaocake/Documents/single_program/rm_hotpot_exam/Folder_2_Ros/golden_miner/install/mineral_interfaces/share/mineral_interfaces/environment/path.dsv
[2.256s] -- Installing: /home/zhaocake/Documents/single_program/rm_hotpot_exam/Folder_2_Ros/golden_miner/install/mineral_interfaces/share/mineral_interfaces/local_setup.bash
[2.256s] -- Installing: /home/zhaocake/Documents/single_program/rm_hotpot_exam/Folder_2_Ros/golden_miner/install/mineral_interfaces/share/mineral_interfaces/local_setup.sh
[2.256s] -- Installing: /home/zhaocake/Documents/single_program/rm_hotpot_exam/Folder_2_Ros/golden_miner/install/mineral_interfaces/share/mineral_interfaces/local_setup.zsh
[2.256s] -- Installing: /home/zhaocake/Documents/single_program/rm_hotpot_exam/Folder_2_Ros/golden_miner/install/mineral_interfaces/share/mineral_interfaces/local_setup.dsv
[2.257s] -- Installing: /home/zhaocake/Documents/single_program/rm_hotpot_exam/Folder_2_Ros/golden_miner/install/mineral_interfaces/share/mineral_interfaces/package.dsv
[2.257s] -- Installing: /home/zhaocake/Documents/single_program/rm_hotpot_exam/Folder_2_Ros/golden_miner/install/mineral_interfaces/share/ament_index/resource_index/packages/mineral_interfaces
[2.257s] -- Installing: /home/zhaocake/Documents/single_program/rm_hotpot_exam/Folder_2_Ros/golden_miner/install/mineral_interfaces/share/mineral_interfaces/cmake/export_mineral_interfaces__rosidl_generator_cExport.cmake
[2.257s] -- Installing: /home/zhaocake/Documents/single_program/rm_hotpot_exam/Folder_2_Ros/golden_miner/install/mineral_interfaces/share/mineral_interfaces/cmake/export_mineral_interfaces__rosidl_generator_cExport-noconfig.cmake
[2.257s] -- Installing: /home/zhaocake/Documents/single_program/rm_hotpot_exam/Folder_2_Ros/golden_miner/install/mineral_interfaces/share/mineral_interfaces/cmake/export_mineral_interfaces__rosidl_typesupport_fastrtps_cExport.cmake
[2.257s] -- Installing: /home/zhaocake/Documents/single_program/rm_hotpot_exam/Folder_2_Ros/golden_miner/install/mineral_interfaces/share/mineral_interfaces/cmake/export_mineral_interfaces__rosidl_typesupport_fastrtps_cExport-noconfig.cmake
[2.257s] -- Installing: /home/zhaocake/Documents/single_program/rm_hotpot_exam/Folder_2_Ros/golden_miner/install/mineral_interfaces/share/mineral_interfaces/cmake/export_mineral_interfaces__rosidl_generator_cppExport.cmake
[2.257s] -- Installing: /home/zhaocake/Documents/single_program/rm_hotpot_exam/Folder_2_Ros/golden_miner/install/mineral_interfaces/share/mineral_interfaces/cmake/export_mineral_interfaces__rosidl_typesupport_fastrtps_cppExport.cmake
[2.257s] -- Installing: /home/zhaocake/Documents/single_program/rm_hotpot_exam/Folder_2_Ros/golden_miner/install/mineral_interfaces/share/mineral_interfaces/cmake/export_mineral_interfaces__rosidl_typesupport_fastrtps_cppExport-noconfig.cmake
[2.257s] -- Installing: /home/zhaocake/Documents/single_program/rm_hotpot_exam/Folder_2_Ros/golden_miner/install/mineral_interfaces/share/mineral_interfaces/cmake/mineral_interfaces__rosidl_typesupport_introspection_cExport.cmake
[2.257s] -- Installing: /home/zhaocake/Documents/single_program/rm_hotpot_exam/Folder_2_Ros/golden_miner/install/mineral_interfaces/share/mineral_interfaces/cmake/mineral_interfaces__rosidl_typesupport_introspection_cExport-noconfig.cmake
[2.257s] -- Installing: /home/zhaocake/Documents/single_program/rm_hotpot_exam/Folder_2_Ros/golden_miner/install/mineral_interfaces/share/mineral_interfaces/cmake/mineral_interfaces__rosidl_typesupport_cExport.cmake
[2.258s] -- Installing: /home/zhaocake/Documents/single_program/rm_hotpot_exam/Folder_2_Ros/golden_miner/install/mineral_interfaces/share/mineral_interfaces/cmake/mineral_interfaces__rosidl_typesupport_cExport-noconfig.cmake
[2.258s] -- Installing: /home/zhaocake/Documents/single_program/rm_hotpot_exam/Folder_2_Ros/golden_miner/install/mineral_interfaces/share/mineral_interfaces/cmake/mineral_interfaces__rosidl_typesupport_introspection_cppExport.cmake
[2.258s] -- Installing: /home/zhaocake/Documents/single_program/rm_hotpot_exam/Folder_2_Ros/golden_miner/install/mineral_interfaces/share/mineral_interfaces/cmake/mineral_interfaces__rosidl_typesupport_introspection_cppExport-noconfig.cmake
[2.258s] -- Installing: /home/zhaocake/Documents/single_program/rm_hotpot_exam/Folder_2_Ros/golden_miner/install/mineral_interfaces/share/mineral_interfaces/cmake/mineral_interfaces__rosidl_typesupport_cppExport.cmake
[2.258s] -- Installing: /home/zhaocake/Documents/single_program/rm_hotpot_exam/Folder_2_Ros/golden_miner/install/mineral_interfaces/share/mineral_interfaces/cmake/mineral_interfaces__rosidl_typesupport_cppExport-noconfig.cmake
[2.258s] -- Installing: /home/zhaocake/Documents/single_program/rm_hotpot_exam/Folder_2_Ros/golden_miner/install/mineral_interfaces/share/mineral_interfaces/cmake/export_mineral_interfaces__rosidl_generator_pyExport.cmake
[2.258s] -- Installing: /home/zhaocake/Documents/single_program/rm_hotpot_exam/Folder_2_Ros/golden_miner/install/mineral_interfaces/share/mineral_interfaces/cmake/export_mineral_interfaces__rosidl_generator_pyExport-noconfig.cmake
[2.258s] -- Installing: /home/zhaocake/Documents/single_program/rm_hotpot_exam/Folder_2_Ros/golden_miner/install/mineral_interfaces/share/mineral_interfaces/cmake/rosidl_cmake-extras.cmake
[2.258s] -- Installing: /home/zhaocake/Documents/single_program/rm_hotpot_exam/Folder_2_Ros/golden_miner/install/mineral_interfaces/share/mineral_interfaces/cmake/ament_cmake_export_dependencies-extras.cmake
[2.258s] -- Installing: /home/zhaocake/Documents/single_program/rm_hotpot_exam/Folder_2_Ros/golden_miner/install/mineral_interfaces/share/mineral_interfaces/cmake/ament_cmake_export_include_directories-extras.cmake
[2.258s] -- Installing: /home/zhaocake/Documents/single_program/rm_hotpot_exam/Folder_2_Ros/golden_miner/install/mineral_interfaces/share/mineral_interfaces/cmake/ament_cmake_export_libraries-extras.cmake
[2.258s] -- Installing: /home/zhaocake/Documents/single_program/rm_hotpot_exam/Folder_2_Ros/golden_miner/install/mineral_interfaces/share/mineral_interfaces/cmake/ament_cmake_export_targets-extras.cmake
[2.259s] -- Installing: /home/zhaocake/Documents/single_program/rm_hotpot_exam/Folder_2_Ros/golden_miner/install/mineral_interfaces/share/mineral_interfaces/cmake/rosidl_cmake_export_typesupport_targets-extras.cmake
[2.259s] -- Installing: /home/zhaocake/Documents/single_program/rm_hotpot_exam/Folder_2_Ros/golden_miner/install/mineral_interfaces/share/mineral_interfaces/cmake/rosidl_cmake_export_typesupport_libraries-extras.cmake
[2.259s] -- Installing: /home/zhaocake/Documents/single_program/rm_hotpot_exam/Folder_2_Ros/golden_miner/install/mineral_interfaces/share/mineral_interfaces/cmake/mineral_interfacesConfig.cmake
[2.259s] -- Installing: /home/zhaocake/Documents/single_program/rm_hotpot_exam/Folder_2_Ros/golden_miner/install/mineral_interfaces/share/mineral_interfaces/cmake/mineral_interfacesConfig-version.cmake
[2.259s] -- Installing: /home/zhaocake/Documents/single_program/rm_hotpot_exam/Folder_2_Ros/golden_miner/install/mineral_interfaces/share/mineral_interfaces/package.xml
[2.261s] Invoked command in '/home/zhaocake/Documents/single_program/rm_hotpot_exam/Folder_2_Ros/golden_miner/build/mineral_interfaces' returned '0': CMAKE_PREFIX_PATH=/opt/ros/humble /usr/bin/cmake --install /home/zhaocake/Documents/single_program/rm_hotpot_exam/Folder_2_Ros/golden_miner/build/mineral_interfaces
