[0.224s] DEBUG:colcon:Command line arguments: ['/usr/bin/colcon', 'build', '--packages-select', 'au_interfaces']
[0.225s] DEBUG:colcon:Parsed command line arguments: Namespace(log_base=None, log_level=None, verb_name='build', build_base='build', install_base='install', merge_install=False, symlink_install=False, test_result_base=None, continue_on_error=False, executor='parallel', parallel_workers=8, event_handlers=None, ignore_user_meta=False, metas=['./colcon.meta'], base_paths=['.'], packages_ignore=None, packages_ignore_regex=None, paths=None, packages_up_to=None, packages_up_to_regex=None, packages_above=None, packages_above_and_dependencies=None, packages_above_depth=None, packages_select_by_dep=None, packages_skip_by_dep=None, packages_skip_up_to=None, packages_select_build_failed=False, packages_skip_build_finished=False, packages_select_test_failures=False, packages_skip_test_passed=False, packages_select=['au_interfaces'], packages_skip=None, packages_select_regex=None, packages_skip_regex=None, packages_start=None, packages_end=None, allow_overriding=[], cmake_args=None, cmake_target=None, cmake_target_skip_unavailable=False, cmake_clean_cache=False, cmake_clean_first=False, cmake_force_configure=False, ament_cmake_args=None, catkin_cmake_args=None, catkin_skip_building_tests=False, verb_parser=<colcon_defaults.argument_parser.defaults.DefaultArgumentsDecorator object at 0x7fa67ece7be0>, verb_extension=<colcon_core.verb.build.BuildVerb object at 0x7fa67f551fc0>, main=<bound method BuildVerb.main of <colcon_core.verb.build.BuildVerb object at 0x7fa67f551fc0>>)
[0.242s] Level 1:colcon.colcon_core.package_discovery:discover_packages(colcon_meta) check parameters
[0.242s] Level 1:colcon.colcon_core.package_discovery:discover_packages(recursive) check parameters
[0.242s] Level 1:colcon.colcon_core.package_discovery:discover_packages(ignore) check parameters
[0.242s] Level 1:colcon.colcon_core.package_discovery:discover_packages(path) check parameters
[0.242s] Level 1:colcon.colcon_core.package_discovery:discover_packages(colcon_meta) discover
[0.242s] Level 1:colcon.colcon_core.package_discovery:discover_packages(recursive) discover
[0.242s] INFO:colcon.colcon_core.package_discovery:Crawling recursively for packages in '/home/zhaocake/Documents/single_program/rm_hotpot_exam/Folder_2_Ros/Au_miner'
[0.242s] Level 1:colcon.colcon_core.package_identification:_identify(.) by extensions ['ignore', 'ignore_ament_install']
[0.242s] Level 1:colcon.colcon_core.package_identification:_identify(.) by extension 'ignore'
[0.242s] Level 1:colcon.colcon_core.package_identification:_identify(.) by extension 'ignore_ament_install'
[0.242s] Level 1:colcon.colcon_core.package_identification:_identify(.) by extensions ['colcon_pkg']
[0.242s] Level 1:colcon.colcon_core.package_identification:_identify(.) by extension 'colcon_pkg'
[0.242s] Level 1:colcon.colcon_core.package_identification:_identify(.) by extensions ['colcon_meta']
[0.242s] Level 1:colcon.colcon_core.package_identification:_identify(.) by extension 'colcon_meta'
[0.242s] Level 1:colcon.colcon_core.package_identification:_identify(.) by extensions ['ros']
[0.242s] Level 1:colcon.colcon_core.package_identification:_identify(.) by extension 'ros'
[0.250s] Level 1:colcon.colcon_core.package_identification:_identify(.) by extensions ['cmake', 'python']
[0.250s] Level 1:colcon.colcon_core.package_identification:_identify(.) by extension 'cmake'
[0.250s] Level 1:colcon.colcon_core.package_identification:_identify(.) by extension 'python'
[0.250s] Level 1:colcon.colcon_core.package_identification:_identify(.) by extensions ['python_setup_py']
[0.250s] Level 1:colcon.colcon_core.package_identification:_identify(.) by extension 'python_setup_py'
[0.250s] Level 1:colcon.colcon_core.package_identification:_identify(build) by extensions ['ignore', 'ignore_ament_install']
[0.250s] Level 1:colcon.colcon_core.package_identification:_identify(build) by extension 'ignore'
[0.250s] Level 1:colcon.colcon_core.package_identification:_identify(build) ignored
[0.250s] Level 1:colcon.colcon_core.package_identification:_identify(install) by extensions ['ignore', 'ignore_ament_install']
[0.250s] Level 1:colcon.colcon_core.package_identification:_identify(install) by extension 'ignore'
[0.251s] Level 1:colcon.colcon_core.package_identification:_identify(install) ignored
[0.251s] Level 1:colcon.colcon_core.package_identification:_identify(log) by extensions ['ignore', 'ignore_ament_install']
[0.251s] Level 1:colcon.colcon_core.package_identification:_identify(log) by extension 'ignore'
[0.251s] Level 1:colcon.colcon_core.package_identification:_identify(log) ignored
[0.251s] Level 1:colcon.colcon_core.package_identification:_identify(src) by extensions ['ignore', 'ignore_ament_install']
[0.251s] Level 1:colcon.colcon_core.package_identification:_identify(src) by extension 'ignore'
[0.251s] Level 1:colcon.colcon_core.package_identification:_identify(src) by extension 'ignore_ament_install'
[0.251s] Level 1:colcon.colcon_core.package_identification:_identify(src) by extensions ['colcon_pkg']
[0.251s] Level 1:colcon.colcon_core.package_identification:_identify(src) by extension 'colcon_pkg'
[0.251s] Level 1:colcon.colcon_core.package_identification:_identify(src) by extensions ['colcon_meta']
[0.251s] Level 1:colcon.colcon_core.package_identification:_identify(src) by extension 'colcon_meta'
[0.251s] Level 1:colcon.colcon_core.package_identification:_identify(src) by extensions ['ros']
[0.251s] Level 1:colcon.colcon_core.package_identification:_identify(src) by extension 'ros'
[0.251s] Level 1:colcon.colcon_core.package_identification:_identify(src) by extensions ['cmake', 'python']
[0.251s] Level 1:colcon.colcon_core.package_identification:_identify(src) by extension 'cmake'
[0.251s] Level 1:colcon.colcon_core.package_identification:_identify(src) by extension 'python'
[0.251s] Level 1:colcon.colcon_core.package_identification:_identify(src) by extensions ['python_setup_py']
[0.251s] Level 1:colcon.colcon_core.package_identification:_identify(src) by extension 'python_setup_py'
[0.251s] Level 1:colcon.colcon_core.package_identification:_identify(src/au_interfaces) by extensions ['ignore', 'ignore_ament_install']
[0.251s] Level 1:colcon.colcon_core.package_identification:_identify(src/au_interfaces) by extension 'ignore'
[0.251s] Level 1:colcon.colcon_core.package_identification:_identify(src/au_interfaces) by extension 'ignore_ament_install'
[0.251s] Level 1:colcon.colcon_core.package_identification:_identify(src/au_interfaces) by extensions ['colcon_pkg']
[0.251s] Level 1:colcon.colcon_core.package_identification:_identify(src/au_interfaces) by extension 'colcon_pkg'
[0.251s] Level 1:colcon.colcon_core.package_identification:_identify(src/au_interfaces) by extensions ['colcon_meta']
[0.251s] Level 1:colcon.colcon_core.package_identification:_identify(src/au_interfaces) by extension 'colcon_meta'
[0.251s] Level 1:colcon.colcon_core.package_identification:_identify(src/au_interfaces) by extensions ['ros']
[0.251s] Level 1:colcon.colcon_core.package_identification:_identify(src/au_interfaces) by extension 'ros'
[0.253s] DEBUG:colcon.colcon_core.package_identification:Package 'src/au_interfaces' with type 'ros.ament_cmake' and name 'au_interfaces'
[0.253s] Level 1:colcon.colcon_core.package_discovery:discover_packages(recursive) using defaults
[0.253s] Level 1:colcon.colcon_core.package_discovery:discover_packages(ignore) discover
[0.253s] Level 1:colcon.colcon_core.package_discovery:discover_packages(ignore) using defaults
[0.253s] Level 1:colcon.colcon_core.package_discovery:discover_packages(path) discover
[0.253s] Level 1:colcon.colcon_core.package_discovery:discover_packages(path) using defaults
[0.271s] Level 1:colcon.colcon_core.package_discovery:discover_packages(prefix_path) check parameters
[0.271s] Level 1:colcon.colcon_core.package_discovery:discover_packages(prefix_path) discover
[0.274s] DEBUG:colcon.colcon_installed_package_information.package_discovery:Found 384 installed packages in /opt/ros/humble
[0.275s] Level 1:colcon.colcon_core.package_discovery:discover_packages(prefix_path) using defaults
[0.317s] Level 5:colcon.colcon_core.verb:set package 'au_interfaces' build argument 'cmake_args' from command line to 'None'
[0.317s] Level 5:colcon.colcon_core.verb:set package 'au_interfaces' build argument 'cmake_target' from command line to 'None'
[0.317s] Level 5:colcon.colcon_core.verb:set package 'au_interfaces' build argument 'cmake_target_skip_unavailable' from command line to 'False'
[0.318s] Level 5:colcon.colcon_core.verb:set package 'au_interfaces' build argument 'cmake_clean_cache' from command line to 'False'
[0.318s] Level 5:colcon.colcon_core.verb:set package 'au_interfaces' build argument 'cmake_clean_first' from command line to 'False'
[0.318s] Level 5:colcon.colcon_core.verb:set package 'au_interfaces' build argument 'cmake_force_configure' from command line to 'False'
[0.318s] Level 5:colcon.colcon_core.verb:set package 'au_interfaces' build argument 'ament_cmake_args' from command line to 'None'
[0.318s] Level 5:colcon.colcon_core.verb:set package 'au_interfaces' build argument 'catkin_cmake_args' from command line to 'None'
[0.318s] Level 5:colcon.colcon_core.verb:set package 'au_interfaces' build argument 'catkin_skip_building_tests' from command line to 'False'
[0.318s] DEBUG:colcon.colcon_core.verb:Building package 'au_interfaces' with the following arguments: {'ament_cmake_args': None, 'build_base': '/home/zhaocake/Documents/single_program/rm_hotpot_exam/Folder_2_Ros/Au_miner/build/au_interfaces', 'catkin_cmake_args': None, 'catkin_skip_building_tests': False, 'cmake_args': None, 'cmake_clean_cache': False, 'cmake_clean_first': False, 'cmake_force_configure': False, 'cmake_target': None, 'cmake_target_skip_unavailable': False, 'install_base': '/home/zhaocake/Documents/single_program/rm_hotpot_exam/Folder_2_Ros/Au_miner/install/au_interfaces', 'merge_install': False, 'path': '/home/zhaocake/Documents/single_program/rm_hotpot_exam/Folder_2_Ros/Au_miner/src/au_interfaces', 'symlink_install': False, 'test_result_base': None}
[0.319s] INFO:colcon.colcon_core.executor:Executing jobs using 'parallel' executor
[0.323s] DEBUG:colcon.colcon_parallel_executor.executor.parallel:run_until_complete
[0.323s] INFO:colcon.colcon_ros.task.ament_cmake.build:Building ROS package in '/home/zhaocake/Documents/single_program/rm_hotpot_exam/Folder_2_Ros/Au_miner/src/au_interfaces' with build type 'ament_cmake'
[0.323s] INFO:colcon.colcon_cmake.task.cmake.build:Building CMake package in '/home/zhaocake/Documents/single_program/rm_hotpot_exam/Folder_2_Ros/Au_miner/src/au_interfaces'
[0.327s] INFO:colcon.colcon_core.plugin_system:Skipping extension 'colcon_core.shell.bat': Not used on non-Windows systems
[0.327s] INFO:colcon.colcon_core.shell:Skip shell extension 'powershell' for command environment: Not usable outside of PowerShell
[0.327s] DEBUG:colcon.colcon_core.shell:Skip shell extension 'dsv' for command environment
[0.335s] DEBUG:colcon.colcon_core.event_handler.log_command:Invoking command in '/home/zhaocake/Documents/single_program/rm_hotpot_exam/Folder_2_Ros/Au_miner/build/au_interfaces': CMAKE_PREFIX_PATH=/opt/ros/humble /usr/bin/cmake /home/zhaocake/Documents/single_program/rm_hotpot_exam/Folder_2_Ros/Au_miner/src/au_interfaces -DCMAKE_INSTALL_PREFIX=/home/zhaocake/Documents/single_program/rm_hotpot_exam/Folder_2_Ros/Au_miner/install/au_interfaces
[1.436s] DEBUG:colcon.colcon_core.event_handler.log_command:Invoked command in '/home/zhaocake/Documents/single_program/rm_hotpot_exam/Folder_2_Ros/Au_miner/build/au_interfaces' returned '0': CMAKE_PREFIX_PATH=/opt/ros/humble /usr/bin/cmake /home/zhaocake/Documents/single_program/rm_hotpot_exam/Folder_2_Ros/Au_miner/src/au_interfaces -DCMAKE_INSTALL_PREFIX=/home/zhaocake/Documents/single_program/rm_hotpot_exam/Folder_2_Ros/Au_miner/install/au_interfaces
[1.438s] DEBUG:colcon.colcon_core.event_handler.log_command:Invoking command in '/home/zhaocake/Documents/single_program/rm_hotpot_exam/Folder_2_Ros/Au_miner/build/au_interfaces': CMAKE_PREFIX_PATH=/opt/ros/humble /usr/bin/cmake --build /home/zhaocake/Documents/single_program/rm_hotpot_exam/Folder_2_Ros/Au_miner/build/au_interfaces -- -j8 -l8
[2.785s] DEBUG:colcon.colcon_core.event_handler.log_command:Invoked command in '/home/zhaocake/Documents/single_program/rm_hotpot_exam/Folder_2_Ros/Au_miner/build/au_interfaces' returned '0': CMAKE_PREFIX_PATH=/opt/ros/humble /usr/bin/cmake --build /home/zhaocake/Documents/single_program/rm_hotpot_exam/Folder_2_Ros/Au_miner/build/au_interfaces -- -j8 -l8
[2.825s] DEBUG:colcon.colcon_core.event_handler.log_command:Invoking command in '/home/zhaocake/Documents/single_program/rm_hotpot_exam/Folder_2_Ros/Au_miner/build/au_interfaces': CMAKE_PREFIX_PATH=/opt/ros/humble /usr/bin/cmake --install /home/zhaocake/Documents/single_program/rm_hotpot_exam/Folder_2_Ros/Au_miner/build/au_interfaces
[2.867s] Level 1:colcon.colcon_core.environment:create_environment_scripts_only(au_interfaces)
[2.867s] DEBUG:colcon.colcon_core.event_handler.log_command:Invoked command in '/home/zhaocake/Documents/single_program/rm_hotpot_exam/Folder_2_Ros/Au_miner/build/au_interfaces' returned '0': CMAKE_PREFIX_PATH=/opt/ros/humble /usr/bin/cmake --install /home/zhaocake/Documents/single_program/rm_hotpot_exam/Folder_2_Ros/Au_miner/build/au_interfaces
[2.873s] Level 1:colcon.colcon_core.environment:checking '/home/zhaocake/Documents/single_program/rm_hotpot_exam/Folder_2_Ros/Au_miner/install/au_interfaces' for CMake module files
[2.874s] Level 1:colcon.colcon_core.environment:checking '/home/zhaocake/Documents/single_program/rm_hotpot_exam/Folder_2_Ros/Au_miner/install/au_interfaces' for CMake config files
[2.874s] Level 1:colcon.colcon_core.shell:create_environment_hook('au_interfaces', 'cmake_prefix_path')
[2.876s] INFO:colcon.colcon_core.shell:Creating environment hook '/home/zhaocake/Documents/single_program/rm_hotpot_exam/Folder_2_Ros/Au_miner/install/au_interfaces/share/au_interfaces/hook/cmake_prefix_path.ps1'
[2.876s] INFO:colcon.colcon_core.shell:Creating environment descriptor '/home/zhaocake/Documents/single_program/rm_hotpot_exam/Folder_2_Ros/Au_miner/install/au_interfaces/share/au_interfaces/hook/cmake_prefix_path.dsv'
[2.876s] INFO:colcon.colcon_core.shell:Creating environment hook '/home/zhaocake/Documents/single_program/rm_hotpot_exam/Folder_2_Ros/Au_miner/install/au_interfaces/share/au_interfaces/hook/cmake_prefix_path.sh'
[2.877s] Level 1:colcon.colcon_core.environment:checking '/home/zhaocake/Documents/single_program/rm_hotpot_exam/Folder_2_Ros/Au_miner/install/au_interfaces/lib'
[2.877s] Level 1:colcon.colcon_core.shell:create_environment_hook('au_interfaces', 'ld_library_path_lib')
[2.879s] INFO:colcon.colcon_core.shell:Creating environment hook '/home/zhaocake/Documents/single_program/rm_hotpot_exam/Folder_2_Ros/Au_miner/install/au_interfaces/share/au_interfaces/hook/ld_library_path_lib.ps1'
[2.879s] INFO:colcon.colcon_core.shell:Creating environment descriptor '/home/zhaocake/Documents/single_program/rm_hotpot_exam/Folder_2_Ros/Au_miner/install/au_interfaces/share/au_interfaces/hook/ld_library_path_lib.dsv'
[2.880s] INFO:colcon.colcon_core.shell:Creating environment hook '/home/zhaocake/Documents/single_program/rm_hotpot_exam/Folder_2_Ros/Au_miner/install/au_interfaces/share/au_interfaces/hook/ld_library_path_lib.sh'
[2.880s] Level 1:colcon.colcon_core.environment:checking '/home/zhaocake/Documents/single_program/rm_hotpot_exam/Folder_2_Ros/Au_miner/install/au_interfaces/bin'
[2.880s] Level 1:colcon.colcon_core.environment:checking '/home/zhaocake/Documents/single_program/rm_hotpot_exam/Folder_2_Ros/Au_miner/install/au_interfaces/lib/pkgconfig/au_interfaces.pc'
[2.880s] Level 1:colcon.colcon_core.environment:checking '/home/zhaocake/Documents/single_program/rm_hotpot_exam/Folder_2_Ros/Au_miner/install/au_interfaces/lib/python3.10/site-packages'
[2.880s] Level 1:colcon.colcon_core.environment:checking '/home/zhaocake/Documents/single_program/rm_hotpot_exam/Folder_2_Ros/Au_miner/install/au_interfaces/bin'
[2.882s] INFO:colcon.colcon_core.shell:Creating package script '/home/zhaocake/Documents/single_program/rm_hotpot_exam/Folder_2_Ros/Au_miner/install/au_interfaces/share/au_interfaces/package.ps1'
[2.883s] INFO:colcon.colcon_core.shell:Creating package descriptor '/home/zhaocake/Documents/single_program/rm_hotpot_exam/Folder_2_Ros/Au_miner/install/au_interfaces/share/au_interfaces/package.dsv'
[2.883s] INFO:colcon.colcon_core.shell:Creating package script '/home/zhaocake/Documents/single_program/rm_hotpot_exam/Folder_2_Ros/Au_miner/install/au_interfaces/share/au_interfaces/package.sh'
[2.883s] INFO:colcon.colcon_core.shell:Creating package script '/home/zhaocake/Documents/single_program/rm_hotpot_exam/Folder_2_Ros/Au_miner/install/au_interfaces/share/au_interfaces/package.bash'
[2.884s] INFO:colcon.colcon_core.shell:Creating package script '/home/zhaocake/Documents/single_program/rm_hotpot_exam/Folder_2_Ros/Au_miner/install/au_interfaces/share/au_interfaces/package.zsh'
[2.884s] Level 1:colcon.colcon_core.environment:create_file_with_runtime_dependencies(/home/zhaocake/Documents/single_program/rm_hotpot_exam/Folder_2_Ros/Au_miner/install/au_interfaces/share/colcon-core/packages/au_interfaces)
[2.920s] Level 1:colcon.colcon_core.environment:create_environment_scripts_only(au_interfaces)
[2.922s] Level 1:colcon.colcon_core.environment:checking '/home/zhaocake/Documents/single_program/rm_hotpot_exam/Folder_2_Ros/Au_miner/install/au_interfaces' for CMake module files
[2.923s] Level 1:colcon.colcon_core.environment:checking '/home/zhaocake/Documents/single_program/rm_hotpot_exam/Folder_2_Ros/Au_miner/install/au_interfaces' for CMake config files
[2.923s] Level 1:colcon.colcon_core.shell:create_environment_hook('au_interfaces', 'cmake_prefix_path')
[2.925s] INFO:colcon.colcon_core.shell:Creating environment hook '/home/zhaocake/Documents/single_program/rm_hotpot_exam/Folder_2_Ros/Au_miner/install/au_interfaces/share/au_interfaces/hook/cmake_prefix_path.ps1'
[2.925s] INFO:colcon.colcon_core.shell:Creating environment descriptor '/home/zhaocake/Documents/single_program/rm_hotpot_exam/Folder_2_Ros/Au_miner/install/au_interfaces/share/au_interfaces/hook/cmake_prefix_path.dsv'
[2.925s] INFO:colcon.colcon_core.shell:Creating environment hook '/home/zhaocake/Documents/single_program/rm_hotpot_exam/Folder_2_Ros/Au_miner/install/au_interfaces/share/au_interfaces/hook/cmake_prefix_path.sh'
[2.926s] Level 1:colcon.colcon_core.environment:checking '/home/zhaocake/Documents/single_program/rm_hotpot_exam/Folder_2_Ros/Au_miner/install/au_interfaces/lib'
[2.926s] Level 1:colcon.colcon_core.shell:create_environment_hook('au_interfaces', 'ld_library_path_lib')
[2.928s] INFO:colcon.colcon_core.shell:Creating environment hook '/home/zhaocake/Documents/single_program/rm_hotpot_exam/Folder_2_Ros/Au_miner/install/au_interfaces/share/au_interfaces/hook/ld_library_path_lib.ps1'
[2.928s] INFO:colcon.colcon_core.shell:Creating environment descriptor '/home/zhaocake/Documents/single_program/rm_hotpot_exam/Folder_2_Ros/Au_miner/install/au_interfaces/share/au_interfaces/hook/ld_library_path_lib.dsv'
[2.928s] INFO:colcon.colcon_core.shell:Creating environment hook '/home/zhaocake/Documents/single_program/rm_hotpot_exam/Folder_2_Ros/Au_miner/install/au_interfaces/share/au_interfaces/hook/ld_library_path_lib.sh'
[2.929s] Level 1:colcon.colcon_core.environment:checking '/home/zhaocake/Documents/single_program/rm_hotpot_exam/Folder_2_Ros/Au_miner/install/au_interfaces/bin'
[2.929s] Level 1:colcon.colcon_core.environment:checking '/home/zhaocake/Documents/single_program/rm_hotpot_exam/Folder_2_Ros/Au_miner/install/au_interfaces/lib/pkgconfig/au_interfaces.pc'
[2.929s] Level 1:colcon.colcon_core.environment:checking '/home/zhaocake/Documents/single_program/rm_hotpot_exam/Folder_2_Ros/Au_miner/install/au_interfaces/lib/python3.10/site-packages'
[2.929s] Level 1:colcon.colcon_core.environment:checking '/home/zhaocake/Documents/single_program/rm_hotpot_exam/Folder_2_Ros/Au_miner/install/au_interfaces/bin'
[2.931s] INFO:colcon.colcon_core.shell:Creating package script '/home/zhaocake/Documents/single_program/rm_hotpot_exam/Folder_2_Ros/Au_miner/install/au_interfaces/share/au_interfaces/package.ps1'
[2.931s] INFO:colcon.colcon_core.shell:Creating package descriptor '/home/zhaocake/Documents/single_program/rm_hotpot_exam/Folder_2_Ros/Au_miner/install/au_interfaces/share/au_interfaces/package.dsv'
[2.932s] INFO:colcon.colcon_core.shell:Creating package script '/home/zhaocake/Documents/single_program/rm_hotpot_exam/Folder_2_Ros/Au_miner/install/au_interfaces/share/au_interfaces/package.sh'
[2.932s] INFO:colcon.colcon_core.shell:Creating package script '/home/zhaocake/Documents/single_program/rm_hotpot_exam/Folder_2_Ros/Au_miner/install/au_interfaces/share/au_interfaces/package.bash'
[2.932s] INFO:colcon.colcon_core.shell:Creating package script '/home/zhaocake/Documents/single_program/rm_hotpot_exam/Folder_2_Ros/Au_miner/install/au_interfaces/share/au_interfaces/package.zsh'
[2.932s] Level 1:colcon.colcon_core.environment:create_file_with_runtime_dependencies(/home/zhaocake/Documents/single_program/rm_hotpot_exam/Folder_2_Ros/Au_miner/install/au_interfaces/share/colcon-core/packages/au_interfaces)
[2.932s] DEBUG:colcon.colcon_parallel_executor.executor.parallel:closing loop
[2.933s] DEBUG:colcon.colcon_parallel_executor.executor.parallel:loop closed
[2.933s] DEBUG:colcon.colcon_parallel_executor.executor.parallel:run_until_complete finished with '0'
[2.933s] DEBUG:colcon.colcon_core.event_reactor:joining thread
[2.937s] INFO:colcon.colcon_core.plugin_system:Skipping extension 'colcon_notification.desktop_notification.terminal_notifier': Not used on non-Darwin systems
[2.937s] INFO:colcon.colcon_core.plugin_system:Skipping extension 'colcon_notification.desktop_notification.win32': Not used on non-Windows systems
[2.937s] INFO:colcon.colcon_notification.desktop_notification:Sending desktop notification using 'notify2'
[2.946s] DEBUG:colcon.colcon_core.event_reactor:joined thread
[2.948s] INFO:colcon.colcon_core.shell:Creating prefix script '/home/zhaocake/Documents/single_program/rm_hotpot_exam/Folder_2_Ros/Au_miner/install/local_setup.ps1'
[2.949s] INFO:colcon.colcon_core.shell:Creating prefix util module '/home/zhaocake/Documents/single_program/rm_hotpot_exam/Folder_2_Ros/Au_miner/install/_local_setup_util_ps1.py'
[2.950s] INFO:colcon.colcon_core.shell:Creating prefix chain script '/home/zhaocake/Documents/single_program/rm_hotpot_exam/Folder_2_Ros/Au_miner/install/setup.ps1'
[2.951s] INFO:colcon.colcon_core.shell:Creating prefix script '/home/zhaocake/Documents/single_program/rm_hotpot_exam/Folder_2_Ros/Au_miner/install/local_setup.sh'
[2.951s] INFO:colcon.colcon_core.shell:Creating prefix util module '/home/zhaocake/Documents/single_program/rm_hotpot_exam/Folder_2_Ros/Au_miner/install/_local_setup_util_sh.py'
[2.952s] INFO:colcon.colcon_core.shell:Creating prefix chain script '/home/zhaocake/Documents/single_program/rm_hotpot_exam/Folder_2_Ros/Au_miner/install/setup.sh'
[2.953s] INFO:colcon.colcon_core.shell:Creating prefix script '/home/zhaocake/Documents/single_program/rm_hotpot_exam/Folder_2_Ros/Au_miner/install/local_setup.bash'
[2.953s] INFO:colcon.colcon_core.shell:Creating prefix chain script '/home/zhaocake/Documents/single_program/rm_hotpot_exam/Folder_2_Ros/Au_miner/install/setup.bash'
[2.954s] INFO:colcon.colcon_core.shell:Creating prefix script '/home/zhaocake/Documents/single_program/rm_hotpot_exam/Folder_2_Ros/Au_miner/install/local_setup.zsh'
[2.954s] INFO:colcon.colcon_core.shell:Creating prefix chain script '/home/zhaocake/Documents/single_program/rm_hotpot_exam/Folder_2_Ros/Au_miner/install/setup.zsh'
