[0.012s] Invoking command in '/home/zhaocake/Documents/single_program/rm_hotpot_exam/Folder_2_Ros/Au_miner/build/au_interfaces': CMAKE_PREFIX_PATH=/opt/ros/humble /usr/bin/cmake /home/zhaocake/Documents/single_program/rm_hotpot_exam/Folder_2_Ros/Au_miner/src/au_interfaces -DCMAKE_INSTALL_PREFIX=/home/zhaocake/Documents/single_program/rm_hotpot_exam/Folder_2_Ros/Au_miner/install/au_interfaces
[0.021s] -- Found ament_cmake: 1.3.5 (/opt/ros/humble/share/ament_cmake/cmake)
[0.112s] -- Found rclcpp: 16.0.5 (/opt/ros/humble/share/rclcpp/cmake)
[0.130s] -- Found rosidl_generator_c: 3.1.5 (/opt/ros/humble/share/rosidl_generator_c/cmake)
[0.132s] -- Found rosidl_adapter: 3.1.5 (/opt/ros/humble/share/rosidl_adapter/cmake)
[0.135s] -- Found rosidl_generator_cpp: 3.1.5 (/opt/ros/humble/share/rosidl_generator_cpp/cmake)
[0.142s] -- Using all available rosidl_typesupport_c: rosidl_typesupport_fastrtps_c;rosidl_typesupport_introspection_c
[0.152s] -- Using all available rosidl_typesupport_cpp: rosidl_typesupport_fastrtps_cpp;rosidl_typesupport_introspection_cpp
[0.187s] -- Found rmw_implementation_cmake: 6.1.1 (/opt/ros/humble/share/rmw_implementation_cmake/cmake)
[0.187s] -- Found rmw_fastrtps_cpp: 6.2.3 (/opt/ros/humble/share/rmw_fastrtps_cpp/cmake)
[0.266s] -- Using RMW implementation 'rmw_fastrtps_cpp' as default
[0.364s] -- Found rosidl_default_generators: 1.2.0 (/opt/ros/humble/share/rosidl_default_generators/cmake)
[0.368s] -- Found geometry_msgs: 4.2.3 (/opt/ros/humble/share/geometry_msgs/cmake)
[0.583s] -- Found ament_cmake_ros: 0.10.0 (/opt/ros/humble/share/ament_cmake_ros/cmake)
[0.862s] -- Using all available rosidl_typesupport_c: rosidl_typesupport_fastrtps_c;rosidl_typesupport_introspection_c
[0.969s] -- Using all available rosidl_typesupport_cpp: rosidl_typesupport_fastrtps_cpp;rosidl_typesupport_introspection_cpp
[0.986s] -- Found PythonInterp: /usr/bin/python3 (found suitable version "3.10.12", minimum required is "3.6") 
[0.987s] -- Found python_cmake_module: 0.10.0 (/opt/ros/humble/share/python_cmake_module/cmake)
[1.004s] -- Found PythonLibs: /usr/lib/x86_64-linux-gnu/libpython3.10.so (found suitable version "3.10.12", minimum required is "3.5") 
[1.004s] -- Using PYTHON_EXECUTABLE: /usr/bin/python3
[1.004s] -- Using PYTHON_INCLUDE_DIRS: /usr/include/python3.10
[1.004s] -- Using PYTHON_LIBRARIES: /usr/lib/x86_64-linux-gnu/libpython3.10.so
[1.019s] -- Found PythonExtra: .so  
[1.058s] -- Found ament_lint_auto: 0.12.7 (/opt/ros/humble/share/ament_lint_auto/cmake)
[1.071s] -- Added test 'lint_cmake' to check CMake code style
[1.071s] -- Added test 'xmllint' to check XML markup files
[1.073s] -- Configuring done
[1.100s] -- Generating done
[1.103s] -- Build files have been written to: /home/zhaocake/Documents/single_program/rm_hotpot_exam/Folder_2_Ros/Au_miner/build/au_interfaces
[1.113s] Invoked command in '/home/zhaocake/Documents/single_program/rm_hotpot_exam/Folder_2_Ros/Au_miner/build/au_interfaces' returned '0': CMAKE_PREFIX_PATH=/opt/ros/humble /usr/bin/cmake /home/zhaocake/Documents/single_program/rm_hotpot_exam/Folder_2_Ros/Au_miner/src/au_interfaces -DCMAKE_INSTALL_PREFIX=/home/zhaocake/Documents/single_program/rm_hotpot_exam/Folder_2_Ros/Au_miner/install/au_interfaces
[1.115s] Invoking command in '/home/zhaocake/Documents/single_program/rm_hotpot_exam/Folder_2_Ros/Au_miner/build/au_interfaces': CMAKE_PREFIX_PATH=/opt/ros/humble /usr/bin/cmake --build /home/zhaocake/Documents/single_program/rm_hotpot_exam/Folder_2_Ros/Au_miner/build/au_interfaces -- -j8 -l8
[1.142s] [  3%] [34m[1mGenerating C code for ROS interfaces[0m
[1.149s] [  6%] [34m[1mGenerating C++ code for ROS interfaces[0m
[1.155s] [  6%] Built target ament_cmake_python_copy_au_interfaces
[1.316s] [  6%] Built target au_interfaces__cpp
[1.319s] [  9%] [32mBuilding C object CMakeFiles/au_interfaces__rosidl_generator_c.dir/rosidl_generator_c/au_interfaces/msg/detail/mineralsingle__functions.c.o[0m
[1.324s] [ 12%] [34m[1mGenerating C++ type support for eProsima Fast-RTPS[0m
[1.324s] [ 16%] [34m[1mGenerating C++ type support dispatch for ROS interfaces[0m
[1.324s] [ 19%] [34m[1mGenerating C++ introspection for ROS interfaces[0m
[1.331s] running egg_info
[1.332s] creating au_interfaces.egg-info
[1.333s] writing au_interfaces.egg-info/PKG-INFO
[1.334s] writing dependency_links to au_interfaces.egg-info/dependency_links.txt
[1.334s] writing top-level names to au_interfaces.egg-info/top_level.txt
[1.334s] writing manifest file 'au_interfaces.egg-info/SOURCES.txt'
[1.341s] reading manifest file 'au_interfaces.egg-info/SOURCES.txt'
[1.341s] writing manifest file 'au_interfaces.egg-info/SOURCES.txt'
[1.373s] [ 22%] [32m[1mLinking C shared library libau_interfaces__rosidl_generator_c.so[0m
[1.376s] [ 22%] Built target ament_cmake_python_build_au_interfaces_egg
[1.399s] [ 22%] Built target au_interfaces__rosidl_generator_c
[1.406s] [ 29%] [34m[1mGenerating C type support for eProsima Fast-RTPS[0m
[1.406s] [ 29%] [34m[1mGenerating C type support dispatch for ROS interfaces[0m
[1.407s] [ 32%] [34m[1mGenerating C introspection for ROS interfaces[0m
[1.509s] [ 35%] [32mBuilding CXX object CMakeFiles/au_interfaces__rosidl_typesupport_introspection_cpp.dir/rosidl_typesupport_introspection_cpp/au_interfaces/msg/detail/mineralsingle__type_support.cpp.o[0m
[1.562s] [ 38%] [32mBuilding CXX object CMakeFiles/au_interfaces__rosidl_typesupport_c.dir/rosidl_typesupport_c/au_interfaces/msg/mineralsingle__type_support.cpp.o[0m
[1.585s] [ 41%] [32mBuilding CXX object CMakeFiles/au_interfaces__rosidl_typesupport_cpp.dir/rosidl_typesupport_cpp/au_interfaces/msg/mineralsingle__type_support.cpp.o[0m
[1.598s] [ 45%] [32mBuilding CXX object CMakeFiles/au_interfaces__rosidl_typesupport_fastrtps_cpp.dir/rosidl_typesupport_fastrtps_cpp/au_interfaces/msg/detail/dds_fastrtps/mineralsingle__type_support.cpp.o[0m
[1.603s] [ 48%] [32m[1mLinking CXX shared library libau_interfaces__rosidl_typesupport_c.so[0m
[1.635s] [ 48%] Built target au_interfaces__rosidl_typesupport_c
[1.689s] [ 54%] [32mBuilding C object CMakeFiles/au_interfaces__rosidl_typesupport_introspection_c.dir/rosidl_typesupport_introspection_c/au_interfaces/msg/detail/mineralsingle__type_support.c.o[0m
[1.689s] [ 54%] [32mBuilding CXX object CMakeFiles/au_interfaces__rosidl_typesupport_fastrtps_c.dir/rosidl_typesupport_fastrtps_c/au_interfaces/msg/detail/mineralsingle__type_support_c.cpp.o[0m
[1.712s] [ 58%] [32m[1mLinking C shared library libau_interfaces__rosidl_typesupport_introspection_c.so[0m
[1.737s] [ 58%] Built target au_interfaces__rosidl_typesupport_introspection_c
[1.767s] [ 61%] [32m[1mLinking CXX shared library libau_interfaces__rosidl_typesupport_cpp.so[0m
[1.795s] [ 61%] Built target au_interfaces__rosidl_typesupport_cpp
[1.856s] [ 64%] [32m[1mLinking CXX shared library libau_interfaces__rosidl_typesupport_introspection_cpp.so[0m
[1.901s] [ 64%] Built target au_interfaces__rosidl_typesupport_introspection_cpp
[1.953s] [ 67%] [32m[1mLinking CXX shared library libau_interfaces__rosidl_typesupport_fastrtps_cpp.so[0m
[1.955s] [ 70%] [32m[1mLinking CXX shared library libau_interfaces__rosidl_typesupport_fastrtps_c.so[0m
[2.013s] [ 70%] Built target au_interfaces__rosidl_typesupport_fastrtps_cpp
[2.017s] [ 70%] Built target au_interfaces__rosidl_typesupport_fastrtps_c
[2.031s] [ 70%] Built target au_interfaces
[2.046s] [ 74%] [34m[1mGenerating Python code for ROS interfaces[0m
[2.241s] [ 74%] Built target au_interfaces__py
[2.255s] [ 77%] [32mBuilding C object CMakeFiles/au_interfaces__rosidl_generator_py.dir/rosidl_generator_py/au_interfaces/msg/_mineralsingle_s.c.o[0m
[2.319s] [ 80%] [32m[1mLinking C shared library rosidl_generator_py/au_interfaces/libau_interfaces__rosidl_generator_py.so[0m
[2.347s] [ 80%] Built target au_interfaces__rosidl_generator_py
[2.361s] [ 90%] [32mBuilding C object CMakeFiles/au_interfaces__rosidl_typesupport_introspection_c__pyext.dir/rosidl_generator_py/au_interfaces/_au_interfaces_s.ep.rosidl_typesupport_introspection_c.c.o[0m
[2.361s] [ 90%] [32mBuilding C object CMakeFiles/au_interfaces__rosidl_typesupport_c__pyext.dir/rosidl_generator_py/au_interfaces/_au_interfaces_s.ep.rosidl_typesupport_c.c.o[0m
[2.361s] [ 90%] [32mBuilding C object CMakeFiles/au_interfaces__rosidl_typesupport_fastrtps_c__pyext.dir/rosidl_generator_py/au_interfaces/_au_interfaces_s.ep.rosidl_typesupport_fastrtps_c.c.o[0m
[2.423s] [100%] [32m[1mLinking C shared library rosidl_generator_py/au_interfaces/au_interfaces_s__rosidl_typesupport_fastrtps_c.cpython-310-x86_64-linux-gnu.so[0m
[2.423s] [100%] [32m[1mLinking C shared library rosidl_generator_py/au_interfaces/au_interfaces_s__rosidl_typesupport_introspection_c.cpython-310-x86_64-linux-gnu.so[0m
[2.423s] [100%] [32m[1mLinking C shared library rosidl_generator_py/au_interfaces/au_interfaces_s__rosidl_typesupport_c.cpython-310-x86_64-linux-gnu.so[0m
[2.453s] [100%] Built target au_interfaces__rosidl_typesupport_fastrtps_c__pyext
[2.453s] [100%] Built target au_interfaces__rosidl_typesupport_c__pyext
[2.453s] [100%] Built target au_interfaces__rosidl_typesupport_introspection_c__pyext
[2.462s] Invoked command in '/home/zhaocake/Documents/single_program/rm_hotpot_exam/Folder_2_Ros/Au_miner/build/au_interfaces' returned '0': CMAKE_PREFIX_PATH=/opt/ros/humble /usr/bin/cmake --build /home/zhaocake/Documents/single_program/rm_hotpot_exam/Folder_2_Ros/Au_miner/build/au_interfaces -- -j8 -l8
[2.502s] Invoking command in '/home/zhaocake/Documents/single_program/rm_hotpot_exam/Folder_2_Ros/Au_miner/build/au_interfaces': CMAKE_PREFIX_PATH=/opt/ros/humble /usr/bin/cmake --install /home/zhaocake/Documents/single_program/rm_hotpot_exam/Folder_2_Ros/Au_miner/build/au_interfaces
[2.507s] -- Install configuration: ""
[2.507s] -- Installing: /home/zhaocake/Documents/single_program/rm_hotpot_exam/Folder_2_Ros/Au_miner/install/au_interfaces/share/ament_index/resource_index/rosidl_interfaces/au_interfaces
[2.507s] -- Installing: /home/zhaocake/Documents/single_program/rm_hotpot_exam/Folder_2_Ros/Au_miner/install/au_interfaces/include/au_interfaces/au_interfaces
[2.507s] -- Installing: /home/zhaocake/Documents/single_program/rm_hotpot_exam/Folder_2_Ros/Au_miner/install/au_interfaces/include/au_interfaces/au_interfaces/msg
[2.507s] -- Installing: /home/zhaocake/Documents/single_program/rm_hotpot_exam/Folder_2_Ros/Au_miner/install/au_interfaces/include/au_interfaces/au_interfaces/msg/detail
[2.507s] -- Installing: /home/zhaocake/Documents/single_program/rm_hotpot_exam/Folder_2_Ros/Au_miner/install/au_interfaces/include/au_interfaces/au_interfaces/msg/detail/mineralsingle__functions.h
[2.508s] -- Installing: /home/zhaocake/Documents/single_program/rm_hotpot_exam/Folder_2_Ros/Au_miner/install/au_interfaces/include/au_interfaces/au_interfaces/msg/detail/mineralsingle__type_support.h
[2.508s] -- Installing: /home/zhaocake/Documents/single_program/rm_hotpot_exam/Folder_2_Ros/Au_miner/install/au_interfaces/include/au_interfaces/au_interfaces/msg/detail/mineralsingle__functions.c
[2.508s] -- Installing: /home/zhaocake/Documents/single_program/rm_hotpot_exam/Folder_2_Ros/Au_miner/install/au_interfaces/include/au_interfaces/au_interfaces/msg/detail/mineralsingle__struct.h
[2.508s] -- Installing: /home/zhaocake/Documents/single_program/rm_hotpot_exam/Folder_2_Ros/Au_miner/install/au_interfaces/include/au_interfaces/au_interfaces/msg/rosidl_generator_c__visibility_control.h
[2.508s] -- Installing: /home/zhaocake/Documents/single_program/rm_hotpot_exam/Folder_2_Ros/Au_miner/install/au_interfaces/include/au_interfaces/au_interfaces/msg/mineralsingle.h
[2.508s] -- Installing: /home/zhaocake/Documents/single_program/rm_hotpot_exam/Folder_2_Ros/Au_miner/install/au_interfaces/share/au_interfaces/environment/library_path.sh
[2.508s] -- Installing: /home/zhaocake/Documents/single_program/rm_hotpot_exam/Folder_2_Ros/Au_miner/install/au_interfaces/share/au_interfaces/environment/library_path.dsv
[2.508s] -- Installing: /home/zhaocake/Documents/single_program/rm_hotpot_exam/Folder_2_Ros/Au_miner/install/au_interfaces/lib/libau_interfaces__rosidl_generator_c.so
[2.508s] -- Set runtime path of "/home/zhaocake/Documents/single_program/rm_hotpot_exam/Folder_2_Ros/Au_miner/install/au_interfaces/lib/libau_interfaces__rosidl_generator_c.so" to ""
[2.508s] -- Up-to-date: /home/zhaocake/Documents/single_program/rm_hotpot_exam/Folder_2_Ros/Au_miner/install/au_interfaces/include/au_interfaces/au_interfaces
[2.508s] -- Up-to-date: /home/zhaocake/Documents/single_program/rm_hotpot_exam/Folder_2_Ros/Au_miner/install/au_interfaces/include/au_interfaces/au_interfaces/msg
[2.508s] -- Up-to-date: /home/zhaocake/Documents/single_program/rm_hotpot_exam/Folder_2_Ros/Au_miner/install/au_interfaces/include/au_interfaces/au_interfaces/msg/detail
[2.508s] -- Installing: /home/zhaocake/Documents/single_program/rm_hotpot_exam/Folder_2_Ros/Au_miner/install/au_interfaces/include/au_interfaces/au_interfaces/msg/detail/mineralsingle__rosidl_typesupport_fastrtps_c.h
[2.508s] -- Installing: /home/zhaocake/Documents/single_program/rm_hotpot_exam/Folder_2_Ros/Au_miner/install/au_interfaces/include/au_interfaces/au_interfaces/msg/rosidl_typesupport_fastrtps_c__visibility_control.h
[2.508s] -- Installing: /home/zhaocake/Documents/single_program/rm_hotpot_exam/Folder_2_Ros/Au_miner/install/au_interfaces/lib/libau_interfaces__rosidl_typesupport_fastrtps_c.so
[2.508s] -- Set runtime path of "/home/zhaocake/Documents/single_program/rm_hotpot_exam/Folder_2_Ros/Au_miner/install/au_interfaces/lib/libau_interfaces__rosidl_typesupport_fastrtps_c.so" to ""
[2.508s] -- Up-to-date: /home/zhaocake/Documents/single_program/rm_hotpot_exam/Folder_2_Ros/Au_miner/install/au_interfaces/include/au_interfaces/au_interfaces
[2.508s] -- Up-to-date: /home/zhaocake/Documents/single_program/rm_hotpot_exam/Folder_2_Ros/Au_miner/install/au_interfaces/include/au_interfaces/au_interfaces/msg
[2.508s] -- Up-to-date: /home/zhaocake/Documents/single_program/rm_hotpot_exam/Folder_2_Ros/Au_miner/install/au_interfaces/include/au_interfaces/au_interfaces/msg/detail
[2.509s] -- Installing: /home/zhaocake/Documents/single_program/rm_hotpot_exam/Folder_2_Ros/Au_miner/install/au_interfaces/include/au_interfaces/au_interfaces/msg/detail/mineralsingle__builder.hpp
[2.509s] -- Installing: /home/zhaocake/Documents/single_program/rm_hotpot_exam/Folder_2_Ros/Au_miner/install/au_interfaces/include/au_interfaces/au_interfaces/msg/detail/mineralsingle__struct.hpp
[2.509s] -- Installing: /home/zhaocake/Documents/single_program/rm_hotpot_exam/Folder_2_Ros/Au_miner/install/au_interfaces/include/au_interfaces/au_interfaces/msg/detail/mineralsingle__traits.hpp
[2.509s] -- Installing: /home/zhaocake/Documents/single_program/rm_hotpot_exam/Folder_2_Ros/Au_miner/install/au_interfaces/include/au_interfaces/au_interfaces/msg/mineralsingle.hpp
[2.509s] -- Up-to-date: /home/zhaocake/Documents/single_program/rm_hotpot_exam/Folder_2_Ros/Au_miner/install/au_interfaces/include/au_interfaces/au_interfaces
[2.509s] -- Up-to-date: /home/zhaocake/Documents/single_program/rm_hotpot_exam/Folder_2_Ros/Au_miner/install/au_interfaces/include/au_interfaces/au_interfaces/msg
[2.509s] -- Up-to-date: /home/zhaocake/Documents/single_program/rm_hotpot_exam/Folder_2_Ros/Au_miner/install/au_interfaces/include/au_interfaces/au_interfaces/msg/detail
[2.509s] -- Installing: /home/zhaocake/Documents/single_program/rm_hotpot_exam/Folder_2_Ros/Au_miner/install/au_interfaces/include/au_interfaces/au_interfaces/msg/detail/mineralsingle__rosidl_typesupport_fastrtps_cpp.hpp
[2.509s] -- Installing: /home/zhaocake/Documents/single_program/rm_hotpot_exam/Folder_2_Ros/Au_miner/install/au_interfaces/include/au_interfaces/au_interfaces/msg/detail/dds_fastrtps
[2.509s] -- Installing: /home/zhaocake/Documents/single_program/rm_hotpot_exam/Folder_2_Ros/Au_miner/install/au_interfaces/include/au_interfaces/au_interfaces/msg/rosidl_typesupport_fastrtps_cpp__visibility_control.h
[2.509s] -- Installing: /home/zhaocake/Documents/single_program/rm_hotpot_exam/Folder_2_Ros/Au_miner/install/au_interfaces/lib/libau_interfaces__rosidl_typesupport_fastrtps_cpp.so
[2.509s] -- Set runtime path of "/home/zhaocake/Documents/single_program/rm_hotpot_exam/Folder_2_Ros/Au_miner/install/au_interfaces/lib/libau_interfaces__rosidl_typesupport_fastrtps_cpp.so" to ""
[2.509s] -- Up-to-date: /home/zhaocake/Documents/single_program/rm_hotpot_exam/Folder_2_Ros/Au_miner/install/au_interfaces/include/au_interfaces/au_interfaces
[2.509s] -- Up-to-date: /home/zhaocake/Documents/single_program/rm_hotpot_exam/Folder_2_Ros/Au_miner/install/au_interfaces/include/au_interfaces/au_interfaces/msg
[2.509s] -- Up-to-date: /home/zhaocake/Documents/single_program/rm_hotpot_exam/Folder_2_Ros/Au_miner/install/au_interfaces/include/au_interfaces/au_interfaces/msg/detail
[2.509s] -- Installing: /home/zhaocake/Documents/single_program/rm_hotpot_exam/Folder_2_Ros/Au_miner/install/au_interfaces/include/au_interfaces/au_interfaces/msg/detail/mineralsingle__rosidl_typesupport_introspection_c.h
[2.509s] -- Installing: /home/zhaocake/Documents/single_program/rm_hotpot_exam/Folder_2_Ros/Au_miner/install/au_interfaces/include/au_interfaces/au_interfaces/msg/detail/mineralsingle__type_support.c
[2.510s] -- Installing: /home/zhaocake/Documents/single_program/rm_hotpot_exam/Folder_2_Ros/Au_miner/install/au_interfaces/include/au_interfaces/au_interfaces/msg/rosidl_typesupport_introspection_c__visibility_control.h
[2.510s] -- Installing: /home/zhaocake/Documents/single_program/rm_hotpot_exam/Folder_2_Ros/Au_miner/install/au_interfaces/lib/libau_interfaces__rosidl_typesupport_introspection_c.so
[2.510s] -- Set runtime path of "/home/zhaocake/Documents/single_program/rm_hotpot_exam/Folder_2_Ros/Au_miner/install/au_interfaces/lib/libau_interfaces__rosidl_typesupport_introspection_c.so" to ""
[2.510s] -- Installing: /home/zhaocake/Documents/single_program/rm_hotpot_exam/Folder_2_Ros/Au_miner/install/au_interfaces/lib/libau_interfaces__rosidl_typesupport_c.so
[2.510s] -- Set runtime path of "/home/zhaocake/Documents/single_program/rm_hotpot_exam/Folder_2_Ros/Au_miner/install/au_interfaces/lib/libau_interfaces__rosidl_typesupport_c.so" to ""
[2.510s] -- Up-to-date: /home/zhaocake/Documents/single_program/rm_hotpot_exam/Folder_2_Ros/Au_miner/install/au_interfaces/include/au_interfaces/au_interfaces
[2.510s] -- Up-to-date: /home/zhaocake/Documents/single_program/rm_hotpot_exam/Folder_2_Ros/Au_miner/install/au_interfaces/include/au_interfaces/au_interfaces/msg
[2.510s] -- Up-to-date: /home/zhaocake/Documents/single_program/rm_hotpot_exam/Folder_2_Ros/Au_miner/install/au_interfaces/include/au_interfaces/au_interfaces/msg/detail
[2.510s] -- Installing: /home/zhaocake/Documents/single_program/rm_hotpot_exam/Folder_2_Ros/Au_miner/install/au_interfaces/include/au_interfaces/au_interfaces/msg/detail/mineralsingle__rosidl_typesupport_introspection_cpp.hpp
[2.510s] -- Installing: /home/zhaocake/Documents/single_program/rm_hotpot_exam/Folder_2_Ros/Au_miner/install/au_interfaces/include/au_interfaces/au_interfaces/msg/detail/mineralsingle__type_support.cpp
[2.510s] -- Installing: /home/zhaocake/Documents/single_program/rm_hotpot_exam/Folder_2_Ros/Au_miner/install/au_interfaces/lib/libau_interfaces__rosidl_typesupport_introspection_cpp.so
[2.510s] -- Set runtime path of "/home/zhaocake/Documents/single_program/rm_hotpot_exam/Folder_2_Ros/Au_miner/install/au_interfaces/lib/libau_interfaces__rosidl_typesupport_introspection_cpp.so" to ""
[2.510s] -- Installing: /home/zhaocake/Documents/single_program/rm_hotpot_exam/Folder_2_Ros/Au_miner/install/au_interfaces/lib/libau_interfaces__rosidl_typesupport_cpp.so
[2.510s] -- Set runtime path of "/home/zhaocake/Documents/single_program/rm_hotpot_exam/Folder_2_Ros/Au_miner/install/au_interfaces/lib/libau_interfaces__rosidl_typesupport_cpp.so" to ""
[2.511s] -- Installing: /home/zhaocake/Documents/single_program/rm_hotpot_exam/Folder_2_Ros/Au_miner/install/au_interfaces/share/au_interfaces/environment/pythonpath.sh
[2.511s] -- Installing: /home/zhaocake/Documents/single_program/rm_hotpot_exam/Folder_2_Ros/Au_miner/install/au_interfaces/share/au_interfaces/environment/pythonpath.dsv
[2.511s] -- Installing: /home/zhaocake/Documents/single_program/rm_hotpot_exam/Folder_2_Ros/Au_miner/install/au_interfaces/local/lib/python3.10/dist-packages/au_interfaces-0.0.0-py3.10.egg-info
[2.511s] -- Installing: /home/zhaocake/Documents/single_program/rm_hotpot_exam/Folder_2_Ros/Au_miner/install/au_interfaces/local/lib/python3.10/dist-packages/au_interfaces-0.0.0-py3.10.egg-info/dependency_links.txt
[2.511s] -- Installing: /home/zhaocake/Documents/single_program/rm_hotpot_exam/Folder_2_Ros/Au_miner/install/au_interfaces/local/lib/python3.10/dist-packages/au_interfaces-0.0.0-py3.10.egg-info/top_level.txt
[2.511s] -- Installing: /home/zhaocake/Documents/single_program/rm_hotpot_exam/Folder_2_Ros/Au_miner/install/au_interfaces/local/lib/python3.10/dist-packages/au_interfaces-0.0.0-py3.10.egg-info/SOURCES.txt
[2.511s] -- Installing: /home/zhaocake/Documents/single_program/rm_hotpot_exam/Folder_2_Ros/Au_miner/install/au_interfaces/local/lib/python3.10/dist-packages/au_interfaces-0.0.0-py3.10.egg-info/PKG-INFO
[2.511s] -- Installing: /home/zhaocake/Documents/single_program/rm_hotpot_exam/Folder_2_Ros/Au_miner/install/au_interfaces/local/lib/python3.10/dist-packages/au_interfaces
[2.511s] -- Installing: /home/zhaocake/Documents/single_program/rm_hotpot_exam/Folder_2_Ros/Au_miner/install/au_interfaces/local/lib/python3.10/dist-packages/au_interfaces/au_interfaces_s__rosidl_typesupport_c.cpython-310-x86_64-linux-gnu.so
[2.511s] -- Installing: /home/zhaocake/Documents/single_program/rm_hotpot_exam/Folder_2_Ros/Au_miner/install/au_interfaces/local/lib/python3.10/dist-packages/au_interfaces/libau_interfaces__rosidl_generator_py.so
[2.511s] -- Installing: /home/zhaocake/Documents/single_program/rm_hotpot_exam/Folder_2_Ros/Au_miner/install/au_interfaces/local/lib/python3.10/dist-packages/au_interfaces/_au_interfaces_s.ep.rosidl_typesupport_c.c
[2.511s] -- Installing: /home/zhaocake/Documents/single_program/rm_hotpot_exam/Folder_2_Ros/Au_miner/install/au_interfaces/local/lib/python3.10/dist-packages/au_interfaces/_au_interfaces_s.ep.rosidl_typesupport_fastrtps_c.c
[2.511s] -- Installing: /home/zhaocake/Documents/single_program/rm_hotpot_exam/Folder_2_Ros/Au_miner/install/au_interfaces/local/lib/python3.10/dist-packages/au_interfaces/au_interfaces_s__rosidl_typesupport_introspection_c.cpython-310-x86_64-linux-gnu.so
[2.511s] -- Installing: /home/zhaocake/Documents/single_program/rm_hotpot_exam/Folder_2_Ros/Au_miner/install/au_interfaces/local/lib/python3.10/dist-packages/au_interfaces/__init__.py
[2.512s] -- Installing: /home/zhaocake/Documents/single_program/rm_hotpot_exam/Folder_2_Ros/Au_miner/install/au_interfaces/local/lib/python3.10/dist-packages/au_interfaces/msg
[2.512s] -- Installing: /home/zhaocake/Documents/single_program/rm_hotpot_exam/Folder_2_Ros/Au_miner/install/au_interfaces/local/lib/python3.10/dist-packages/au_interfaces/msg/__init__.py
[2.512s] -- Installing: /home/zhaocake/Documents/single_program/rm_hotpot_exam/Folder_2_Ros/Au_miner/install/au_interfaces/local/lib/python3.10/dist-packages/au_interfaces/msg/_mineralsingle_s.c
[2.512s] -- Installing: /home/zhaocake/Documents/single_program/rm_hotpot_exam/Folder_2_Ros/Au_miner/install/au_interfaces/local/lib/python3.10/dist-packages/au_interfaces/msg/_mineralsingle.py
[2.512s] -- Installing: /home/zhaocake/Documents/single_program/rm_hotpot_exam/Folder_2_Ros/Au_miner/install/au_interfaces/local/lib/python3.10/dist-packages/au_interfaces/_au_interfaces_s.ep.rosidl_typesupport_introspection_c.c
[2.512s] -- Installing: /home/zhaocake/Documents/single_program/rm_hotpot_exam/Folder_2_Ros/Au_miner/install/au_interfaces/local/lib/python3.10/dist-packages/au_interfaces/au_interfaces_s__rosidl_typesupport_fastrtps_c.cpython-310-x86_64-linux-gnu.so
[2.535s] Listing '/home/zhaocake/Documents/single_program/rm_hotpot_exam/Folder_2_Ros/Au_miner/install/au_interfaces/local/lib/python3.10/dist-packages/au_interfaces'...
[2.535s] Compiling '/home/zhaocake/Documents/single_program/rm_hotpot_exam/Folder_2_Ros/Au_miner/install/au_interfaces/local/lib/python3.10/dist-packages/au_interfaces/__init__.py'...
[2.535s] Listing '/home/zhaocake/Documents/single_program/rm_hotpot_exam/Folder_2_Ros/Au_miner/install/au_interfaces/local/lib/python3.10/dist-packages/au_interfaces/msg'...
[2.535s] Compiling '/home/zhaocake/Documents/single_program/rm_hotpot_exam/Folder_2_Ros/Au_miner/install/au_interfaces/local/lib/python3.10/dist-packages/au_interfaces/msg/__init__.py'...
[2.535s] Compiling '/home/zhaocake/Documents/single_program/rm_hotpot_exam/Folder_2_Ros/Au_miner/install/au_interfaces/local/lib/python3.10/dist-packages/au_interfaces/msg/_mineralsingle.py'...
[2.538s] -- Installing: /home/zhaocake/Documents/single_program/rm_hotpot_exam/Folder_2_Ros/Au_miner/install/au_interfaces/local/lib/python3.10/dist-packages/au_interfaces/au_interfaces_s__rosidl_typesupport_fastrtps_c.cpython-310-x86_64-linux-gnu.so
[2.538s] -- Set runtime path of "/home/zhaocake/Documents/single_program/rm_hotpot_exam/Folder_2_Ros/Au_miner/install/au_interfaces/local/lib/python3.10/dist-packages/au_interfaces/au_interfaces_s__rosidl_typesupport_fastrtps_c.cpython-310-x86_64-linux-gnu.so" to ""
[2.538s] -- Installing: /home/zhaocake/Documents/single_program/rm_hotpot_exam/Folder_2_Ros/Au_miner/install/au_interfaces/local/lib/python3.10/dist-packages/au_interfaces/au_interfaces_s__rosidl_typesupport_introspection_c.cpython-310-x86_64-linux-gnu.so
[2.538s] -- Set runtime path of "/home/zhaocake/Documents/single_program/rm_hotpot_exam/Folder_2_Ros/Au_miner/install/au_interfaces/local/lib/python3.10/dist-packages/au_interfaces/au_interfaces_s__rosidl_typesupport_introspection_c.cpython-310-x86_64-linux-gnu.so" to ""
[2.538s] -- Installing: /home/zhaocake/Documents/single_program/rm_hotpot_exam/Folder_2_Ros/Au_miner/install/au_interfaces/local/lib/python3.10/dist-packages/au_interfaces/au_interfaces_s__rosidl_typesupport_c.cpython-310-x86_64-linux-gnu.so
[2.539s] -- Set runtime path of "/home/zhaocake/Documents/single_program/rm_hotpot_exam/Folder_2_Ros/Au_miner/install/au_interfaces/local/lib/python3.10/dist-packages/au_interfaces/au_interfaces_s__rosidl_typesupport_c.cpython-310-x86_64-linux-gnu.so" to ""
[2.539s] -- Installing: /home/zhaocake/Documents/single_program/rm_hotpot_exam/Folder_2_Ros/Au_miner/install/au_interfaces/lib/libau_interfaces__rosidl_generator_py.so
[2.539s] -- Set runtime path of "/home/zhaocake/Documents/single_program/rm_hotpot_exam/Folder_2_Ros/Au_miner/install/au_interfaces/lib/libau_interfaces__rosidl_generator_py.so" to ""
[2.539s] -- Installing: /home/zhaocake/Documents/single_program/rm_hotpot_exam/Folder_2_Ros/Au_miner/install/au_interfaces/share/au_interfaces/msg/Mineralsingle.idl
[2.539s] -- Installing: /home/zhaocake/Documents/single_program/rm_hotpot_exam/Folder_2_Ros/Au_miner/install/au_interfaces/share/au_interfaces/msg/Mineralsingle.msg
[2.539s] -- Installing: /home/zhaocake/Documents/single_program/rm_hotpot_exam/Folder_2_Ros/Au_miner/install/au_interfaces/share/ament_index/resource_index/package_run_dependencies/au_interfaces
[2.539s] -- Installing: /home/zhaocake/Documents/single_program/rm_hotpot_exam/Folder_2_Ros/Au_miner/install/au_interfaces/share/ament_index/resource_index/parent_prefix_path/au_interfaces
[2.539s] -- Installing: /home/zhaocake/Documents/single_program/rm_hotpot_exam/Folder_2_Ros/Au_miner/install/au_interfaces/share/au_interfaces/environment/ament_prefix_path.sh
[2.540s] -- Installing: /home/zhaocake/Documents/single_program/rm_hotpot_exam/Folder_2_Ros/Au_miner/install/au_interfaces/share/au_interfaces/environment/ament_prefix_path.dsv
[2.540s] -- Installing: /home/zhaocake/Documents/single_program/rm_hotpot_exam/Folder_2_Ros/Au_miner/install/au_interfaces/share/au_interfaces/environment/path.sh
[2.540s] -- Installing: /home/zhaocake/Documents/single_program/rm_hotpot_exam/Folder_2_Ros/Au_miner/install/au_interfaces/share/au_interfaces/environment/path.dsv
[2.540s] -- Installing: /home/zhaocake/Documents/single_program/rm_hotpot_exam/Folder_2_Ros/Au_miner/install/au_interfaces/share/au_interfaces/local_setup.bash
[2.540s] -- Installing: /home/zhaocake/Documents/single_program/rm_hotpot_exam/Folder_2_Ros/Au_miner/install/au_interfaces/share/au_interfaces/local_setup.sh
[2.540s] -- Installing: /home/zhaocake/Documents/single_program/rm_hotpot_exam/Folder_2_Ros/Au_miner/install/au_interfaces/share/au_interfaces/local_setup.zsh
[2.540s] -- Installing: /home/zhaocake/Documents/single_program/rm_hotpot_exam/Folder_2_Ros/Au_miner/install/au_interfaces/share/au_interfaces/local_setup.dsv
[2.540s] -- Installing: /home/zhaocake/Documents/single_program/rm_hotpot_exam/Folder_2_Ros/Au_miner/install/au_interfaces/share/au_interfaces/package.dsv
[2.540s] -- Installing: /home/zhaocake/Documents/single_program/rm_hotpot_exam/Folder_2_Ros/Au_miner/install/au_interfaces/share/ament_index/resource_index/packages/au_interfaces
[2.540s] -- Installing: /home/zhaocake/Documents/single_program/rm_hotpot_exam/Folder_2_Ros/Au_miner/install/au_interfaces/share/au_interfaces/cmake/export_au_interfaces__rosidl_generator_cExport.cmake
[2.541s] -- Installing: /home/zhaocake/Documents/single_program/rm_hotpot_exam/Folder_2_Ros/Au_miner/install/au_interfaces/share/au_interfaces/cmake/export_au_interfaces__rosidl_generator_cExport-noconfig.cmake
[2.541s] -- Installing: /home/zhaocake/Documents/single_program/rm_hotpot_exam/Folder_2_Ros/Au_miner/install/au_interfaces/share/au_interfaces/cmake/export_au_interfaces__rosidl_typesupport_fastrtps_cExport.cmake
[2.541s] -- Installing: /home/zhaocake/Documents/single_program/rm_hotpot_exam/Folder_2_Ros/Au_miner/install/au_interfaces/share/au_interfaces/cmake/export_au_interfaces__rosidl_typesupport_fastrtps_cExport-noconfig.cmake
[2.541s] -- Installing: /home/zhaocake/Documents/single_program/rm_hotpot_exam/Folder_2_Ros/Au_miner/install/au_interfaces/share/au_interfaces/cmake/export_au_interfaces__rosidl_generator_cppExport.cmake
[2.541s] -- Installing: /home/zhaocake/Documents/single_program/rm_hotpot_exam/Folder_2_Ros/Au_miner/install/au_interfaces/share/au_interfaces/cmake/export_au_interfaces__rosidl_typesupport_fastrtps_cppExport.cmake
[2.541s] -- Installing: /home/zhaocake/Documents/single_program/rm_hotpot_exam/Folder_2_Ros/Au_miner/install/au_interfaces/share/au_interfaces/cmake/export_au_interfaces__rosidl_typesupport_fastrtps_cppExport-noconfig.cmake
[2.541s] -- Installing: /home/zhaocake/Documents/single_program/rm_hotpot_exam/Folder_2_Ros/Au_miner/install/au_interfaces/share/au_interfaces/cmake/au_interfaces__rosidl_typesupport_introspection_cExport.cmake
[2.541s] -- Installing: /home/zhaocake/Documents/single_program/rm_hotpot_exam/Folder_2_Ros/Au_miner/install/au_interfaces/share/au_interfaces/cmake/au_interfaces__rosidl_typesupport_introspection_cExport-noconfig.cmake
[2.541s] -- Installing: /home/zhaocake/Documents/single_program/rm_hotpot_exam/Folder_2_Ros/Au_miner/install/au_interfaces/share/au_interfaces/cmake/au_interfaces__rosidl_typesupport_cExport.cmake
[2.541s] -- Installing: /home/zhaocake/Documents/single_program/rm_hotpot_exam/Folder_2_Ros/Au_miner/install/au_interfaces/share/au_interfaces/cmake/au_interfaces__rosidl_typesupport_cExport-noconfig.cmake
[2.541s] -- Installing: /home/zhaocake/Documents/single_program/rm_hotpot_exam/Folder_2_Ros/Au_miner/install/au_interfaces/share/au_interfaces/cmake/au_interfaces__rosidl_typesupport_introspection_cppExport.cmake
[2.541s] -- Installing: /home/zhaocake/Documents/single_program/rm_hotpot_exam/Folder_2_Ros/Au_miner/install/au_interfaces/share/au_interfaces/cmake/au_interfaces__rosidl_typesupport_introspection_cppExport-noconfig.cmake
[2.541s] -- Installing: /home/zhaocake/Documents/single_program/rm_hotpot_exam/Folder_2_Ros/Au_miner/install/au_interfaces/share/au_interfaces/cmake/au_interfaces__rosidl_typesupport_cppExport.cmake
[2.542s] -- Installing: /home/zhaocake/Documents/single_program/rm_hotpot_exam/Folder_2_Ros/Au_miner/install/au_interfaces/share/au_interfaces/cmake/au_interfaces__rosidl_typesupport_cppExport-noconfig.cmake
[2.542s] -- Installing: /home/zhaocake/Documents/single_program/rm_hotpot_exam/Folder_2_Ros/Au_miner/install/au_interfaces/share/au_interfaces/cmake/export_au_interfaces__rosidl_generator_pyExport.cmake
[2.542s] -- Installing: /home/zhaocake/Documents/single_program/rm_hotpot_exam/Folder_2_Ros/Au_miner/install/au_interfaces/share/au_interfaces/cmake/export_au_interfaces__rosidl_generator_pyExport-noconfig.cmake
[2.542s] -- Installing: /home/zhaocake/Documents/single_program/rm_hotpot_exam/Folder_2_Ros/Au_miner/install/au_interfaces/share/au_interfaces/cmake/rosidl_cmake-extras.cmake
[2.542s] -- Installing: /home/zhaocake/Documents/single_program/rm_hotpot_exam/Folder_2_Ros/Au_miner/install/au_interfaces/share/au_interfaces/cmake/ament_cmake_export_dependencies-extras.cmake
[2.542s] -- Installing: /home/zhaocake/Documents/single_program/rm_hotpot_exam/Folder_2_Ros/Au_miner/install/au_interfaces/share/au_interfaces/cmake/ament_cmake_export_include_directories-extras.cmake
[2.542s] -- Installing: /home/zhaocake/Documents/single_program/rm_hotpot_exam/Folder_2_Ros/Au_miner/install/au_interfaces/share/au_interfaces/cmake/ament_cmake_export_libraries-extras.cmake
[2.542s] -- Installing: /home/zhaocake/Documents/single_program/rm_hotpot_exam/Folder_2_Ros/Au_miner/install/au_interfaces/share/au_interfaces/cmake/ament_cmake_export_targets-extras.cmake
[2.542s] -- Installing: /home/zhaocake/Documents/single_program/rm_hotpot_exam/Folder_2_Ros/Au_miner/install/au_interfaces/share/au_interfaces/cmake/rosidl_cmake_export_typesupport_targets-extras.cmake
[2.542s] -- Installing: /home/zhaocake/Documents/single_program/rm_hotpot_exam/Folder_2_Ros/Au_miner/install/au_interfaces/share/au_interfaces/cmake/rosidl_cmake_export_typesupport_libraries-extras.cmake
[2.542s] -- Installing: /home/zhaocake/Documents/single_program/rm_hotpot_exam/Folder_2_Ros/Au_miner/install/au_interfaces/share/au_interfaces/cmake/au_interfacesConfig.cmake
[2.542s] -- Installing: /home/zhaocake/Documents/single_program/rm_hotpot_exam/Folder_2_Ros/Au_miner/install/au_interfaces/share/au_interfaces/cmake/au_interfacesConfig-version.cmake
[2.542s] -- Installing: /home/zhaocake/Documents/single_program/rm_hotpot_exam/Folder_2_Ros/Au_miner/install/au_interfaces/share/au_interfaces/package.xml
[2.544s] Invoked command in '/home/zhaocake/Documents/single_program/rm_hotpot_exam/Folder_2_Ros/Au_miner/build/au_interfaces' returned '0': CMAKE_PREFIX_PATH=/opt/ros/humble /usr/bin/cmake --install /home/zhaocake/Documents/single_program/rm_hotpot_exam/Folder_2_Ros/Au_miner/build/au_interfaces
