[0.286s] DEBUG:colcon:Command line arguments: ['/usr/bin/colcon', 'list', '-p', '--base-paths', '/home/zhaocake/Documents/single_program/rm_hotpot_exam/Folder_2_Ros/Au_miner']
[0.286s] DEBUG:colcon:Parsed command line arguments: Namespace(log_base=None, log_level=None, verb_name='list', build_base='build', ignore_user_meta=False, metas=['./colcon.meta'], base_paths=['/home/zhaocake/Documents/single_program/rm_hotpot_exam/Folder_2_Ros/Au_miner'], packages_ignore=None, packages_ignore_regex=None, paths=None, packages_up_to=None, packages_up_to_regex=None, packages_above=None, packages_above_and_dependencies=None, packages_above_depth=None, packages_select_by_dep=None, packages_skip_by_dep=None, packages_skip_up_to=None, packages_select_build_failed=False, packages_skip_build_finished=False, packages_select_test_failures=False, packages_skip_test_passed=False, packages_select=None, packages_skip=None, packages_select_regex=None, packages_skip_regex=None, packages_start=None, packages_end=None, allow_overriding=[], topological_order=False, names_only=False, paths_only=True, topological_graph=False, topological_graph_dot=False, topological_graph_density=False, topological_graph_legend=False, topological_graph_dot_cluster=False, topological_graph_dot_include_skipped=False, verb_parser=<colcon_defaults.argument_parser.defaults.DefaultArgumentsDecorator object at 0x7fef6bafc940>, verb_extension=<colcon_package_information.verb.list.ListVerb object at 0x7fef6bac0e20>, main=<bound method ListVerb.main of <colcon_package_information.verb.list.ListVerb object at 0x7fef6bac0e20>>)
[0.315s] Level 1:colcon.colcon_core.package_discovery:discover_packages(colcon_meta) check parameters
[0.315s] Level 1:colcon.colcon_core.package_discovery:discover_packages(recursive) check parameters
[0.315s] Level 1:colcon.colcon_core.package_discovery:discover_packages(ignore) check parameters
[0.315s] Level 1:colcon.colcon_core.package_discovery:discover_packages(path) check parameters
[0.315s] Level 1:colcon.colcon_core.package_discovery:discover_packages(recursive) discover
[0.315s] INFO:colcon.colcon_core.package_discovery:Crawling recursively for packages in '/home/zhaocake/Documents/single_program/rm_hotpot_exam/Folder_2_Ros/Au_miner'
[0.315s] Level 1:colcon.colcon_core.package_identification:_identify(/home/zhaocake/Documents/single_program/rm_hotpot_exam/Folder_2_Ros/Au_miner) by extensions ['ignore', 'ignore_ament_install']
[0.316s] Level 1:colcon.colcon_core.package_identification:_identify(/home/zhaocake/Documents/single_program/rm_hotpot_exam/Folder_2_Ros/Au_miner) by extension 'ignore'
[0.316s] Level 1:colcon.colcon_core.package_identification:_identify(/home/zhaocake/Documents/single_program/rm_hotpot_exam/Folder_2_Ros/Au_miner) by extension 'ignore_ament_install'
[0.316s] Level 1:colcon.colcon_core.package_identification:_identify(/home/zhaocake/Documents/single_program/rm_hotpot_exam/Folder_2_Ros/Au_miner) by extensions ['colcon_pkg']
[0.316s] Level 1:colcon.colcon_core.package_identification:_identify(/home/zhaocake/Documents/single_program/rm_hotpot_exam/Folder_2_Ros/Au_miner) by extension 'colcon_pkg'
[0.316s] Level 1:colcon.colcon_core.package_identification:_identify(/home/zhaocake/Documents/single_program/rm_hotpot_exam/Folder_2_Ros/Au_miner) by extensions ['colcon_meta']
[0.316s] Level 1:colcon.colcon_core.package_identification:_identify(/home/zhaocake/Documents/single_program/rm_hotpot_exam/Folder_2_Ros/Au_miner) by extension 'colcon_meta'
[0.316s] Level 1:colcon.colcon_core.package_identification:_identify(/home/zhaocake/Documents/single_program/rm_hotpot_exam/Folder_2_Ros/Au_miner) by extensions ['ros']
[0.316s] Level 1:colcon.colcon_core.package_identification:_identify(/home/zhaocake/Documents/single_program/rm_hotpot_exam/Folder_2_Ros/Au_miner) by extension 'ros'
[0.324s] Level 1:colcon.colcon_core.package_identification:_identify(/home/zhaocake/Documents/single_program/rm_hotpot_exam/Folder_2_Ros/Au_miner) by extensions ['cmake', 'python']
[0.324s] Level 1:colcon.colcon_core.package_identification:_identify(/home/zhaocake/Documents/single_program/rm_hotpot_exam/Folder_2_Ros/Au_miner) by extension 'cmake'
[0.324s] Level 1:colcon.colcon_core.package_identification:_identify(/home/zhaocake/Documents/single_program/rm_hotpot_exam/Folder_2_Ros/Au_miner) by extension 'python'
[0.324s] Level 1:colcon.colcon_core.package_identification:_identify(/home/zhaocake/Documents/single_program/rm_hotpot_exam/Folder_2_Ros/Au_miner) by extensions ['python_setup_py']
[0.324s] Level 1:colcon.colcon_core.package_identification:_identify(/home/zhaocake/Documents/single_program/rm_hotpot_exam/Folder_2_Ros/Au_miner) by extension 'python_setup_py'
[0.324s] Level 1:colcon.colcon_core.package_identification:_identify(/home/zhaocake/Documents/single_program/rm_hotpot_exam/Folder_2_Ros/Au_miner/log) by extensions ['ignore', 'ignore_ament_install']
[0.324s] Level 1:colcon.colcon_core.package_identification:_identify(/home/zhaocake/Documents/single_program/rm_hotpot_exam/Folder_2_Ros/Au_miner/log) by extension 'ignore'
[0.324s] Level 1:colcon.colcon_core.package_identification:_identify(/home/zhaocake/Documents/single_program/rm_hotpot_exam/Folder_2_Ros/Au_miner/log) ignored
[0.324s] Level 1:colcon.colcon_core.package_identification:_identify(/home/zhaocake/Documents/single_program/rm_hotpot_exam/Folder_2_Ros/Au_miner/src) by extensions ['ignore', 'ignore_ament_install']
[0.324s] Level 1:colcon.colcon_core.package_identification:_identify(/home/zhaocake/Documents/single_program/rm_hotpot_exam/Folder_2_Ros/Au_miner/src) by extension 'ignore'
[0.324s] Level 1:colcon.colcon_core.package_identification:_identify(/home/zhaocake/Documents/single_program/rm_hotpot_exam/Folder_2_Ros/Au_miner/src) by extension 'ignore_ament_install'
[0.324s] Level 1:colcon.colcon_core.package_identification:_identify(/home/zhaocake/Documents/single_program/rm_hotpot_exam/Folder_2_Ros/Au_miner/src) by extensions ['colcon_pkg']
[0.324s] Level 1:colcon.colcon_core.package_identification:_identify(/home/zhaocake/Documents/single_program/rm_hotpot_exam/Folder_2_Ros/Au_miner/src) by extension 'colcon_pkg'
[0.324s] Level 1:colcon.colcon_core.package_identification:_identify(/home/zhaocake/Documents/single_program/rm_hotpot_exam/Folder_2_Ros/Au_miner/src) by extensions ['colcon_meta']
[0.324s] Level 1:colcon.colcon_core.package_identification:_identify(/home/zhaocake/Documents/single_program/rm_hotpot_exam/Folder_2_Ros/Au_miner/src) by extension 'colcon_meta'
[0.324s] Level 1:colcon.colcon_core.package_identification:_identify(/home/zhaocake/Documents/single_program/rm_hotpot_exam/Folder_2_Ros/Au_miner/src) by extensions ['ros']
[0.324s] Level 1:colcon.colcon_core.package_identification:_identify(/home/zhaocake/Documents/single_program/rm_hotpot_exam/Folder_2_Ros/Au_miner/src) by extension 'ros'
[0.324s] Level 1:colcon.colcon_core.package_identification:_identify(/home/zhaocake/Documents/single_program/rm_hotpot_exam/Folder_2_Ros/Au_miner/src) by extensions ['cmake', 'python']
[0.324s] Level 1:colcon.colcon_core.package_identification:_identify(/home/zhaocake/Documents/single_program/rm_hotpot_exam/Folder_2_Ros/Au_miner/src) by extension 'cmake'
[0.324s] Level 1:colcon.colcon_core.package_identification:_identify(/home/zhaocake/Documents/single_program/rm_hotpot_exam/Folder_2_Ros/Au_miner/src) by extension 'python'
[0.324s] Level 1:colcon.colcon_core.package_identification:_identify(/home/zhaocake/Documents/single_program/rm_hotpot_exam/Folder_2_Ros/Au_miner/src) by extensions ['python_setup_py']
[0.324s] Level 1:colcon.colcon_core.package_identification:_identify(/home/zhaocake/Documents/single_program/rm_hotpot_exam/Folder_2_Ros/Au_miner/src) by extension 'python_setup_py'
[0.325s] Level 1:colcon.colcon_core.package_identification:_identify(/home/zhaocake/Documents/single_program/rm_hotpot_exam/Folder_2_Ros/Au_miner/src/au_interfaces) by extensions ['ignore', 'ignore_ament_install']
[0.325s] Level 1:colcon.colcon_core.package_identification:_identify(/home/zhaocake/Documents/single_program/rm_hotpot_exam/Folder_2_Ros/Au_miner/src/au_interfaces) by extension 'ignore'
[0.325s] Level 1:colcon.colcon_core.package_identification:_identify(/home/zhaocake/Documents/single_program/rm_hotpot_exam/Folder_2_Ros/Au_miner/src/au_interfaces) by extension 'ignore_ament_install'
[0.325s] Level 1:colcon.colcon_core.package_identification:_identify(/home/zhaocake/Documents/single_program/rm_hotpot_exam/Folder_2_Ros/Au_miner/src/au_interfaces) by extensions ['colcon_pkg']
[0.325s] Level 1:colcon.colcon_core.package_identification:_identify(/home/zhaocake/Documents/single_program/rm_hotpot_exam/Folder_2_Ros/Au_miner/src/au_interfaces) by extension 'colcon_pkg'
[0.325s] Level 1:colcon.colcon_core.package_identification:_identify(/home/zhaocake/Documents/single_program/rm_hotpot_exam/Folder_2_Ros/Au_miner/src/au_interfaces) by extensions ['colcon_meta']
[0.325s] Level 1:colcon.colcon_core.package_identification:_identify(/home/zhaocake/Documents/single_program/rm_hotpot_exam/Folder_2_Ros/Au_miner/src/au_interfaces) by extension 'colcon_meta'
[0.325s] Level 1:colcon.colcon_core.package_identification:_identify(/home/zhaocake/Documents/single_program/rm_hotpot_exam/Folder_2_Ros/Au_miner/src/au_interfaces) by extensions ['ros']
[0.325s] Level 1:colcon.colcon_core.package_identification:_identify(/home/zhaocake/Documents/single_program/rm_hotpot_exam/Folder_2_Ros/Au_miner/src/au_interfaces) by extension 'ros'
[0.326s] DEBUG:colcon.colcon_core.package_identification:Found ROS schema reference in package manifest in '/home/zhaocake/Documents/single_program/rm_hotpot_exam/Folder_2_Ros/Au_miner/src/au_interfaces'
[0.326s] WARNING:colcon.colcon_core.package_identification:Failed to parse ROS package manifest in '/home/zhaocake/Documents/single_program/rm_hotpot_exam/Folder_2_Ros/Au_miner/src/au_interfaces': Error(s) in package '/home/zhaocake/Documents/single_program/rm_hotpot_exam/Folder_2_Ros/Au_miner/src/au_interfaces/package.xml':
Error(s):
- The manifest of package "au_interfaces" (with format version 3) must not contain the following tags: menber_of_group
[0.326s] Level 1:colcon.colcon_core.package_identification:_identify(/home/zhaocake/Documents/single_program/rm_hotpot_exam/Folder_2_Ros/Au_miner/src/au_interfaces) by extensions ['cmake', 'python']
[0.326s] Level 1:colcon.colcon_core.package_identification:_identify(/home/zhaocake/Documents/single_program/rm_hotpot_exam/Folder_2_Ros/Au_miner/src/au_interfaces) by extension 'cmake'
[0.327s] Level 1:colcon.colcon_core.package_identification:_identify(/home/zhaocake/Documents/single_program/rm_hotpot_exam/Folder_2_Ros/Au_miner/src/au_interfaces) by extension 'python'
[0.327s] DEBUG:colcon.colcon_core.package_identification:Package '/home/zhaocake/Documents/single_program/rm_hotpot_exam/Folder_2_Ros/Au_miner/src/au_interfaces' with type 'cmake' and name 'au_interfaces'
[0.327s] Level 1:colcon.colcon_core.package_discovery:discover_packages(recursive) using defaults
