[0.011s] Invoking command in '/home/zhaocake/Documents/single_program/rm_hotpot_exam/Folder_2_Ros/Au_miner/build/au_interfaces': /usr/bin/cmake /home/zhaocake/Documents/single_program/rm_hotpot_exam/Folder_2_Ros/Au_miner/src/au_interfaces -DCMAKE_INSTALL_PREFIX=/home/zhaocake/Documents/single_program/rm_hotpot_exam/Folder_2_Ros/Au_miner/install/au_interfaces
[0.019s] -- Found ament_cmake: 1.3.5 (/opt/ros/humble/share/ament_cmake/cmake)
[0.115s] -- Found rclcpp: 16.0.5 (/opt/ros/humble/share/rclcpp/cmake)
[0.135s] -- Found rosidl_generator_c: 3.1.5 (/opt/ros/humble/share/rosidl_generator_c/cmake)
[0.136s] -- Found rosidl_adapter: 3.1.5 (/opt/ros/humble/share/rosidl_adapter/cmake)
[0.140s] -- Found rosidl_generator_cpp: 3.1.5 (/opt/ros/humble/share/rosidl_generator_cpp/cmake)
[0.147s] -- Using all available rosidl_typesupport_c: rosidl_typesupport_fastrtps_c;rosidl_typesupport_introspection_c
[0.158s] -- Using all available rosidl_typesupport_cpp: rosidl_typesupport_fastrtps_cpp;rosidl_typesupport_introspection_cpp
[0.193s] -- Found rmw_implementation_cmake: 6.1.1 (/opt/ros/humble/share/rmw_implementation_cmake/cmake)
[0.194s] -- Found rmw_fastrtps_cpp: 6.2.3 (/opt/ros/humble/share/rmw_fastrtps_cpp/cmake)
[0.275s] -- Using RMW implementation 'rmw_fastrtps_cpp' as default
[0.372s] -- Found rosidl_default_generators: 1.2.0 (/opt/ros/humble/share/rosidl_default_generators/cmake)
[0.376s] -- Found geometry_msgs: 4.2.3 (/opt/ros/humble/share/geometry_msgs/cmake)
[0.580s] Error parsing '/home/zhaocake/Documents/single_program/rm_hotpot_exam/Folder_2_Ros/Au_miner/src/au_interfaces/package.xml':
[0.608s] Traceback (most recent call last):
[0.608s]   File "/opt/ros/humble/share/ament_cmake_core/cmake/core/package_xml_2_cmake.py", line 150, in <module>
[0.608s]     main()
[0.608s]   File "/opt/ros/humble/share/ament_cmake_core/cmake/core/package_xml_2_cmake.py", line 53, in main
[0.608s]     raise e
[0.608s]   File "/opt/ros/humble/share/ament_cmake_core/cmake/core/package_xml_2_cmake.py", line 49, in main
[0.608s]     package = parse_package_string(
[0.608s]   File "/usr/lib/python3/dist-packages/catkin_pkg/package.py", line 786, in parse_package_string
[0.608s]     raise InvalidPackage('Error(s):%s' % (''.join(['\n- %s' % e for e in errors])), filename)
[0.608s] catkin_pkg.package.InvalidPackage: Error(s) in package '/home/zhaocake/Documents/single_program/rm_hotpot_exam/Folder_2_Ros/Au_miner/src/au_interfaces/package.xml':
[0.608s] Error(s):
[0.608s] - The manifest of package "au_interfaces" (with format version 3) must not contain the following tags: menber_of_group
[0.621s] [31mCMake Error at /opt/ros/humble/share/ament_cmake_core/cmake/core/ament_package_xml.cmake:95 (message):
[0.622s]   execute_process(/usr/bin/python3.10
[0.622s]   /opt/ros/humble/share/ament_cmake_core/cmake/core/package_xml_2_cmake.py
[0.622s]   /home/zhaocake/Documents/single_program/rm_hotpot_exam/Folder_2_Ros/Au_miner/src/au_interfaces/package.xml
[0.622s]   /home/zhaocake/Documents/single_program/rm_hotpot_exam/Folder_2_Ros/Au_miner/build/au_interfaces/ament_cmake_core/package.cmake)
[0.622s]   returned error code 1
[0.622s] Call Stack (most recent call first):
[0.622s]   /opt/ros/humble/share/ament_cmake_core/cmake/core/ament_package_xml.cmake:49 (_ament_package_xml)
[0.622s]   /opt/ros/humble/share/rosidl_cmake/cmake/rosidl_generate_interfaces.cmake:226 (ament_package_xml)
[0.622s]   CMakeLists.txt:15 (rosidl_generate_interfaces)
[0.622s] 
[0.622s] [0m
[0.622s] -- Configuring incomplete, errors occurred!
[0.622s] See also "/home/zhaocake/Documents/single_program/rm_hotpot_exam/Folder_2_Ros/Au_miner/build/au_interfaces/CMakeFiles/CMakeOutput.log".
[0.630s] Invoked command in '/home/zhaocake/Documents/single_program/rm_hotpot_exam/Folder_2_Ros/Au_miner/build/au_interfaces' returned '1': /usr/bin/cmake /home/zhaocake/Documents/single_program/rm_hotpot_exam/Folder_2_Ros/Au_miner/src/au_interfaces -DCMAKE_INSTALL_PREFIX=/home/zhaocake/Documents/single_program/rm_hotpot_exam/Folder_2_Ros/Au_miner/install/au_interfaces
