-- Found ament_cmake: 1.3.5 (/opt/ros/humble/share/ament_cmake/cmake)
-- Found geometry_msgs: 4.2.3 (/opt/ros/humble/share/geometry_msgs/cmake)
-- Found rosidl_generator_c: 3.1.5 (/opt/ros/humble/share/rosidl_generator_c/cmake)
-- Found rosidl_adapter: 3.1.5 (/opt/ros/humble/share/rosidl_adapter/cmake)
-- Found rosidl_generator_cpp: 3.1.5 (/opt/ros/humble/share/rosidl_generator_cpp/cmake)
-- Using all available rosidl_typesupport_c: rosidl_typesupport_fastrtps_c;rosidl_typesupport_introspection_c
-- Using all available rosidl_typesupport_cpp: rosidl_typesupport_fastrtps_cpp;rosidl_typesupport_introspection_cpp
-- Found rosidl_default_generators: 1.2.0 (/opt/ros/humble/share/rosidl_default_generators/cmake)
-- Found ament_cmake_ros: 0.10.0 (/opt/ros/humble/share/ament_cmake_ros/cmake)
-- Using all available rosidl_typesupport_c: rosidl_typesupport_fastrtps_c;rosidl_typesupport_introspection_c
-- Using all available rosidl_typesupport_cpp: rosidl_typesupport_fastrtps_cpp;rosidl_typesupport_introspection_cpp
-- Found python_cmake_module: 0.10.0 (/opt/ros/humble/share/python_cmake_module/cmake)
-- Using PYTHON_EXECUTABLE: /usr/bin/python3
-- Using PYTHON_INCLUDE_DIRS: /usr/include/python3.10
-- Using PYTHON_LIBRARIES: /usr/lib/x86_64-linux-gnu/libpython3.10.so
-- Found ament_lint_auto: 0.12.7 (/opt/ros/humble/share/ament_lint_auto/cmake)
-- Added test 'lint_cmake' to check CMake code style
-- Added test 'xmllint' to check XML markup files
-- Configuring done
-- Generating done
-- Build files have been written to: /home/zhaocake/Documents/single_program/rm_hotpot_exam/Folder_2_Ros/golden_miner/build/mineral_interfaces
[  2%] [34m[1mGenerating C code for ROS interfaces[0m
[  5%] [34m[1mGenerating C++ code for ROS interfaces[0m
[  5%] Built target ament_cmake_python_copy_mineral_interfaces
running egg_info
writing mineral_interfaces.egg-info/PKG-INFO
writing dependency_links to mineral_interfaces.egg-info/dependency_links.txt
writing top-level names to mineral_interfaces.egg-info/top_level.txt
reading manifest file 'mineral_interfaces.egg-info/SOURCES.txt'
writing manifest file 'mineral_interfaces.egg-info/SOURCES.txt'
[  5%] Built target ament_cmake_python_build_mineral_interfaces_egg
[35m[1mConsolidate compiler generated dependencies of target mineral_interfaces__rosidl_generator_c[0m
[  5%] Built target mineral_interfaces__cpp
[ 12%] [32mBuilding C object CMakeFiles/mineral_interfaces__rosidl_generator_c.dir/rosidl_generator_c/mineral_interfaces/msg/detail/mineral_array__functions.c.o[0m
[ 12%] [34m[1mGenerating C++ introspection for ROS interfaces[0m
[ 12%] [34m[1mGenerating C++ type support dispatch for ROS interfaces[0m
[ 15%] [32mBuilding C object CMakeFiles/mineral_interfaces__rosidl_generator_c.dir/rosidl_generator_c/mineral_interfaces/msg/detail/mineral__functions.c.o[0m
[ 17%] [34m[1mGenerating C++ type support for eProsima Fast-RTPS[0m
[ 20%] [32m[1mLinking C shared library libmineral_interfaces__rosidl_generator_c.so[0m
[ 20%] Built target mineral_interfaces__rosidl_generator_c
[ 23%] [34m[1mGenerating C type support for eProsima Fast-RTPS[0m
[ 28%] [34m[1mGenerating C type support dispatch for ROS interfaces[0m
[ 28%] [34m[1mGenerating C introspection for ROS interfaces[0m
[35m[1mConsolidate compiler generated dependencies of target mineral_interfaces__rosidl_typesupport_fastrtps_cpp[0m
[ 30%] [32mBuilding CXX object CMakeFiles/mineral_interfaces__rosidl_typesupport_fastrtps_cpp.dir/rosidl_typesupport_fastrtps_cpp/mineral_interfaces/msg/detail/dds_fastrtps/mineral_array__type_support.cpp.o[0m
[ 33%] [32mBuilding CXX object CMakeFiles/mineral_interfaces__rosidl_typesupport_fastrtps_cpp.dir/rosidl_typesupport_fastrtps_cpp/mineral_interfaces/msg/detail/dds_fastrtps/mineral__type_support.cpp.o[0m
[35m[1mConsolidate compiler generated dependencies of target mineral_interfaces__rosidl_typesupport_cpp[0m
[35m[1mConsolidate compiler generated dependencies of target mineral_interfaces__rosidl_typesupport_introspection_cpp[0m
[ 35%] [32mBuilding CXX object CMakeFiles/mineral_interfaces__rosidl_typesupport_cpp.dir/rosidl_typesupport_cpp/mineral_interfaces/msg/mineral_array__type_support.cpp.o[0m
[ 38%] [32mBuilding CXX object CMakeFiles/mineral_interfaces__rosidl_typesupport_cpp.dir/rosidl_typesupport_cpp/mineral_interfaces/msg/mineral__type_support.cpp.o[0m
[ 41%] [32mBuilding CXX object CMakeFiles/mineral_interfaces__rosidl_typesupport_introspection_cpp.dir/rosidl_typesupport_introspection_cpp/mineral_interfaces/msg/detail/mineral__type_support.cpp.o[0m
[35m[1mConsolidate compiler generated dependencies of target mineral_interfaces__rosidl_typesupport_fastrtps_c[0m
[ 43%] [32mBuilding CXX object CMakeFiles/mineral_interfaces__rosidl_typesupport_fastrtps_c.dir/rosidl_typesupport_fastrtps_c/mineral_interfaces/msg/detail/mineral__type_support_c.cpp.o[0m
[35m[1mConsolidate compiler generated dependencies of target mineral_interfaces__rosidl_typesupport_c[0m
[ 46%] [32mBuilding CXX object CMakeFiles/mineral_interfaces__rosidl_typesupport_c.dir/rosidl_typesupport_c/mineral_interfaces/msg/mineral__type_support.cpp.o[0m
[ 48%] [32mBuilding CXX object CMakeFiles/mineral_interfaces__rosidl_typesupport_c.dir/rosidl_typesupport_c/mineral_interfaces/msg/mineral_array__type_support.cpp.o[0m
[35m[1mConsolidate compiler generated dependencies of target mineral_interfaces__rosidl_typesupport_introspection_c[0m
[ 51%] [32mBuilding C object CMakeFiles/mineral_interfaces__rosidl_typesupport_introspection_c.dir/rosidl_typesupport_introspection_c/mineral_interfaces/msg/detail/mineral__type_support.c.o[0m
[ 53%] [32m[1mLinking CXX shared library libmineral_interfaces__rosidl_typesupport_c.so[0m
[ 56%] [32mBuilding C object CMakeFiles/mineral_interfaces__rosidl_typesupport_introspection_c.dir/rosidl_typesupport_introspection_c/mineral_interfaces/msg/detail/mineral_array__type_support.c.o[0m
[ 56%] Built target mineral_interfaces__rosidl_typesupport_c
[ 58%] [32mBuilding CXX object CMakeFiles/mineral_interfaces__rosidl_typesupport_introspection_cpp.dir/rosidl_typesupport_introspection_cpp/mineral_interfaces/msg/detail/mineral_array__type_support.cpp.o[0m
[ 61%] [32m[1mLinking C shared library libmineral_interfaces__rosidl_typesupport_introspection_c.so[0m
[ 61%] Built target mineral_interfaces__rosidl_typesupport_introspection_c
[ 64%] [32mBuilding CXX object CMakeFiles/mineral_interfaces__rosidl_typesupport_fastrtps_c.dir/rosidl_typesupport_fastrtps_c/mineral_interfaces/msg/detail/mineral_array__type_support_c.cpp.o[0m
[ 66%] [32m[1mLinking CXX shared library libmineral_interfaces__rosidl_typesupport_cpp.so[0m
[ 66%] Built target mineral_interfaces__rosidl_typesupport_cpp
[ 69%] [32m[1mLinking CXX shared library libmineral_interfaces__rosidl_typesupport_fastrtps_cpp.so[0m
[ 69%] Built target mineral_interfaces__rosidl_typesupport_fastrtps_cpp
[ 71%] [32m[1mLinking CXX shared library libmineral_interfaces__rosidl_typesupport_fastrtps_c.so[0m
[ 74%] [32m[1mLinking CXX shared library libmineral_interfaces__rosidl_typesupport_introspection_cpp.so[0m
[ 74%] Built target mineral_interfaces__rosidl_typesupport_fastrtps_c
[ 74%] Built target mineral_interfaces__rosidl_typesupport_introspection_cpp
[ 74%] Built target mineral_interfaces
[ 76%] [34m[1mGenerating Python code for ROS interfaces[0m
[ 76%] Built target mineral_interfaces__py
[35m[1mConsolidate compiler generated dependencies of target mineral_interfaces__rosidl_generator_py[0m
[ 79%] [32mBuilding C object CMakeFiles/mineral_interfaces__rosidl_generator_py.dir/rosidl_generator_py/mineral_interfaces/msg/_mineral_array_s.c.o[0m
[ 82%] [32mBuilding C object CMakeFiles/mineral_interfaces__rosidl_generator_py.dir/rosidl_generator_py/mineral_interfaces/msg/_mineral_s.c.o[0m
[ 84%] [32m[1mLinking C shared library rosidl_generator_py/mineral_interfaces/libmineral_interfaces__rosidl_generator_py.so[0m
[ 84%] Built target mineral_interfaces__rosidl_generator_py
[35m[1mConsolidate compiler generated dependencies of target mineral_interfaces__rosidl_typesupport_c__pyext[0m
[35m[1mConsolidate compiler generated dependencies of target mineral_interfaces__rosidl_typesupport_fastrtps_c__pyext[0m
[35m[1mConsolidate compiler generated dependencies of target mineral_interfaces__rosidl_typesupport_introspection_c__pyext[0m
[ 92%] [32mBuilding C object CMakeFiles/mineral_interfaces__rosidl_typesupport_c__pyext.dir/rosidl_generator_py/mineral_interfaces/_mineral_interfaces_s.ep.rosidl_typesupport_c.c.o[0m
[ 92%] [32mBuilding C object CMakeFiles/mineral_interfaces__rosidl_typesupport_fastrtps_c__pyext.dir/rosidl_generator_py/mineral_interfaces/_mineral_interfaces_s.ep.rosidl_typesupport_fastrtps_c.c.o[0m
[ 92%] [32mBuilding C object CMakeFiles/mineral_interfaces__rosidl_typesupport_introspection_c__pyext.dir/rosidl_generator_py/mineral_interfaces/_mineral_interfaces_s.ep.rosidl_typesupport_introspection_c.c.o[0m
[100%] [32m[1mLinking C shared library rosidl_generator_py/mineral_interfaces/mineral_interfaces_s__rosidl_typesupport_introspection_c.cpython-310-x86_64-linux-gnu.so[0m
[100%] [32m[1mLinking C shared library rosidl_generator_py/mineral_interfaces/mineral_interfaces_s__rosidl_typesupport_fastrtps_c.cpython-310-x86_64-linux-gnu.so[0m
[100%] [32m[1mLinking C shared library rosidl_generator_py/mineral_interfaces/mineral_interfaces_s__rosidl_typesupport_c.cpython-310-x86_64-linux-gnu.so[0m
[100%] Built target mineral_interfaces__rosidl_typesupport_c__pyext
[100%] Built target mineral_interfaces__rosidl_typesupport_introspection_c__pyext
[100%] Built target mineral_interfaces__rosidl_typesupport_fastrtps_c__pyext
-- Install configuration: ""
-- Installing: /home/zhaocake/Documents/single_program/rm_hotpot_exam/Folder_2_Ros/golden_miner/install/mineral_interfaces/share/ament_index/resource_index/rosidl_interfaces/mineral_interfaces
-- Up-to-date: /home/zhaocake/Documents/single_program/rm_hotpot_exam/Folder_2_Ros/golden_miner/install/mineral_interfaces/include/mineral_interfaces/mineral_interfaces
-- Up-to-date: /home/zhaocake/Documents/single_program/rm_hotpot_exam/Folder_2_Ros/golden_miner/install/mineral_interfaces/include/mineral_interfaces/mineral_interfaces/msg
-- Up-to-date: /home/zhaocake/Documents/single_program/rm_hotpot_exam/Folder_2_Ros/golden_miner/install/mineral_interfaces/include/mineral_interfaces/mineral_interfaces/msg/detail
-- Installing: /home/zhaocake/Documents/single_program/rm_hotpot_exam/Folder_2_Ros/golden_miner/install/mineral_interfaces/include/mineral_interfaces/mineral_interfaces/msg/detail/mineral_array__functions.h
-- Installing: /home/zhaocake/Documents/single_program/rm_hotpot_exam/Folder_2_Ros/golden_miner/install/mineral_interfaces/include/mineral_interfaces/mineral_interfaces/msg/detail/mineral__type_support.h
-- Installing: /home/zhaocake/Documents/single_program/rm_hotpot_exam/Folder_2_Ros/golden_miner/install/mineral_interfaces/include/mineral_interfaces/mineral_interfaces/msg/detail/mineral__functions.c
-- Installing: /home/zhaocake/Documents/single_program/rm_hotpot_exam/Folder_2_Ros/golden_miner/install/mineral_interfaces/include/mineral_interfaces/mineral_interfaces/msg/detail/mineral__functions.h
-- Installing: /home/zhaocake/Documents/single_program/rm_hotpot_exam/Folder_2_Ros/golden_miner/install/mineral_interfaces/include/mineral_interfaces/mineral_interfaces/msg/detail/mineral_array__functions.c
-- Installing: /home/zhaocake/Documents/single_program/rm_hotpot_exam/Folder_2_Ros/golden_miner/install/mineral_interfaces/include/mineral_interfaces/mineral_interfaces/msg/detail/mineral_array__type_support.h
-- Installing: /home/zhaocake/Documents/single_program/rm_hotpot_exam/Folder_2_Ros/golden_miner/install/mineral_interfaces/include/mineral_interfaces/mineral_interfaces/msg/detail/mineral__struct.h
-- Installing: /home/zhaocake/Documents/single_program/rm_hotpot_exam/Folder_2_Ros/golden_miner/install/mineral_interfaces/include/mineral_interfaces/mineral_interfaces/msg/detail/mineral_array__struct.h
-- Up-to-date: /home/zhaocake/Documents/single_program/rm_hotpot_exam/Folder_2_Ros/golden_miner/install/mineral_interfaces/include/mineral_interfaces/mineral_interfaces/msg/rosidl_generator_c__visibility_control.h
-- Installing: /home/zhaocake/Documents/single_program/rm_hotpot_exam/Folder_2_Ros/golden_miner/install/mineral_interfaces/include/mineral_interfaces/mineral_interfaces/msg/mineral_array.h
-- Installing: /home/zhaocake/Documents/single_program/rm_hotpot_exam/Folder_2_Ros/golden_miner/install/mineral_interfaces/include/mineral_interfaces/mineral_interfaces/msg/mineral.h
-- Up-to-date: /home/zhaocake/Documents/single_program/rm_hotpot_exam/Folder_2_Ros/golden_miner/install/mineral_interfaces/share/mineral_interfaces/environment/library_path.sh
-- Installing: /home/zhaocake/Documents/single_program/rm_hotpot_exam/Folder_2_Ros/golden_miner/install/mineral_interfaces/share/mineral_interfaces/environment/library_path.dsv
-- Installing: /home/zhaocake/Documents/single_program/rm_hotpot_exam/Folder_2_Ros/golden_miner/install/mineral_interfaces/lib/libmineral_interfaces__rosidl_generator_c.so
-- Set runtime path of "/home/zhaocake/Documents/single_program/rm_hotpot_exam/Folder_2_Ros/golden_miner/install/mineral_interfaces/lib/libmineral_interfaces__rosidl_generator_c.so" to ""
-- Up-to-date: /home/zhaocake/Documents/single_program/rm_hotpot_exam/Folder_2_Ros/golden_miner/install/mineral_interfaces/include/mineral_interfaces/mineral_interfaces
-- Up-to-date: /home/zhaocake/Documents/single_program/rm_hotpot_exam/Folder_2_Ros/golden_miner/install/mineral_interfaces/include/mineral_interfaces/mineral_interfaces/msg
-- Up-to-date: /home/zhaocake/Documents/single_program/rm_hotpot_exam/Folder_2_Ros/golden_miner/install/mineral_interfaces/include/mineral_interfaces/mineral_interfaces/msg/detail
-- Installing: /home/zhaocake/Documents/single_program/rm_hotpot_exam/Folder_2_Ros/golden_miner/install/mineral_interfaces/include/mineral_interfaces/mineral_interfaces/msg/detail/mineral__rosidl_typesupport_fastrtps_c.h
-- Installing: /home/zhaocake/Documents/single_program/rm_hotpot_exam/Folder_2_Ros/golden_miner/install/mineral_interfaces/include/mineral_interfaces/mineral_interfaces/msg/detail/mineral_array__rosidl_typesupport_fastrtps_c.h
-- Up-to-date: /home/zhaocake/Documents/single_program/rm_hotpot_exam/Folder_2_Ros/golden_miner/install/mineral_interfaces/include/mineral_interfaces/mineral_interfaces/msg/rosidl_typesupport_fastrtps_c__visibility_control.h
-- Installing: /home/zhaocake/Documents/single_program/rm_hotpot_exam/Folder_2_Ros/golden_miner/install/mineral_interfaces/lib/libmineral_interfaces__rosidl_typesupport_fastrtps_c.so
-- Set runtime path of "/home/zhaocake/Documents/single_program/rm_hotpot_exam/Folder_2_Ros/golden_miner/install/mineral_interfaces/lib/libmineral_interfaces__rosidl_typesupport_fastrtps_c.so" to ""
-- Up-to-date: /home/zhaocake/Documents/single_program/rm_hotpot_exam/Folder_2_Ros/golden_miner/install/mineral_interfaces/include/mineral_interfaces/mineral_interfaces
-- Up-to-date: /home/zhaocake/Documents/single_program/rm_hotpot_exam/Folder_2_Ros/golden_miner/install/mineral_interfaces/include/mineral_interfaces/mineral_interfaces/msg
-- Up-to-date: /home/zhaocake/Documents/single_program/rm_hotpot_exam/Folder_2_Ros/golden_miner/install/mineral_interfaces/include/mineral_interfaces/mineral_interfaces/msg/detail
-- Installing: /home/zhaocake/Documents/single_program/rm_hotpot_exam/Folder_2_Ros/golden_miner/install/mineral_interfaces/include/mineral_interfaces/mineral_interfaces/msg/detail/mineral_array__traits.hpp
-- Installing: /home/zhaocake/Documents/single_program/rm_hotpot_exam/Folder_2_Ros/golden_miner/install/mineral_interfaces/include/mineral_interfaces/mineral_interfaces/msg/detail/mineral__builder.hpp
-- Installing: /home/zhaocake/Documents/single_program/rm_hotpot_exam/Folder_2_Ros/golden_miner/install/mineral_interfaces/include/mineral_interfaces/mineral_interfaces/msg/detail/mineral_array__builder.hpp
-- Installing: /home/zhaocake/Documents/single_program/rm_hotpot_exam/Folder_2_Ros/golden_miner/install/mineral_interfaces/include/mineral_interfaces/mineral_interfaces/msg/detail/mineral__traits.hpp
-- Installing: /home/zhaocake/Documents/single_program/rm_hotpot_exam/Folder_2_Ros/golden_miner/install/mineral_interfaces/include/mineral_interfaces/mineral_interfaces/msg/detail/mineral_array__struct.hpp
-- Installing: /home/zhaocake/Documents/single_program/rm_hotpot_exam/Folder_2_Ros/golden_miner/install/mineral_interfaces/include/mineral_interfaces/mineral_interfaces/msg/detail/mineral__struct.hpp
-- Installing: /home/zhaocake/Documents/single_program/rm_hotpot_exam/Folder_2_Ros/golden_miner/install/mineral_interfaces/include/mineral_interfaces/mineral_interfaces/msg/mineral_array.hpp
-- Installing: /home/zhaocake/Documents/single_program/rm_hotpot_exam/Folder_2_Ros/golden_miner/install/mineral_interfaces/include/mineral_interfaces/mineral_interfaces/msg/mineral.hpp
-- Up-to-date: /home/zhaocake/Documents/single_program/rm_hotpot_exam/Folder_2_Ros/golden_miner/install/mineral_interfaces/include/mineral_interfaces/mineral_interfaces
-- Up-to-date: /home/zhaocake/Documents/single_program/rm_hotpot_exam/Folder_2_Ros/golden_miner/install/mineral_interfaces/include/mineral_interfaces/mineral_interfaces/msg
-- Up-to-date: /home/zhaocake/Documents/single_program/rm_hotpot_exam/Folder_2_Ros/golden_miner/install/mineral_interfaces/include/mineral_interfaces/mineral_interfaces/msg/detail
-- Installing: /home/zhaocake/Documents/single_program/rm_hotpot_exam/Folder_2_Ros/golden_miner/install/mineral_interfaces/include/mineral_interfaces/mineral_interfaces/msg/detail/mineral_array__rosidl_typesupport_fastrtps_cpp.hpp
-- Installing: /home/zhaocake/Documents/single_program/rm_hotpot_exam/Folder_2_Ros/golden_miner/install/mineral_interfaces/include/mineral_interfaces/mineral_interfaces/msg/detail/mineral__rosidl_typesupport_fastrtps_cpp.hpp
-- Up-to-date: /home/zhaocake/Documents/single_program/rm_hotpot_exam/Folder_2_Ros/golden_miner/install/mineral_interfaces/include/mineral_interfaces/mineral_interfaces/msg/detail/dds_fastrtps
-- Up-to-date: /home/zhaocake/Documents/single_program/rm_hotpot_exam/Folder_2_Ros/golden_miner/install/mineral_interfaces/include/mineral_interfaces/mineral_interfaces/msg/rosidl_typesupport_fastrtps_cpp__visibility_control.h
-- Installing: /home/zhaocake/Documents/single_program/rm_hotpot_exam/Folder_2_Ros/golden_miner/install/mineral_interfaces/lib/libmineral_interfaces__rosidl_typesupport_fastrtps_cpp.so
-- Set runtime path of "/home/zhaocake/Documents/single_program/rm_hotpot_exam/Folder_2_Ros/golden_miner/install/mineral_interfaces/lib/libmineral_interfaces__rosidl_typesupport_fastrtps_cpp.so" to ""
-- Up-to-date: /home/zhaocake/Documents/single_program/rm_hotpot_exam/Folder_2_Ros/golden_miner/install/mineral_interfaces/include/mineral_interfaces/mineral_interfaces
-- Up-to-date: /home/zhaocake/Documents/single_program/rm_hotpot_exam/Folder_2_Ros/golden_miner/install/mineral_interfaces/include/mineral_interfaces/mineral_interfaces/msg
-- Up-to-date: /home/zhaocake/Documents/single_program/rm_hotpot_exam/Folder_2_Ros/golden_miner/install/mineral_interfaces/include/mineral_interfaces/mineral_interfaces/msg/detail
-- Installing: /home/zhaocake/Documents/single_program/rm_hotpot_exam/Folder_2_Ros/golden_miner/install/mineral_interfaces/include/mineral_interfaces/mineral_interfaces/msg/detail/mineral_array__rosidl_typesupport_introspection_c.h
-- Installing: /home/zhaocake/Documents/single_program/rm_hotpot_exam/Folder_2_Ros/golden_miner/install/mineral_interfaces/include/mineral_interfaces/mineral_interfaces/msg/detail/mineral__type_support.c
-- Installing: /home/zhaocake/Documents/single_program/rm_hotpot_exam/Folder_2_Ros/golden_miner/install/mineral_interfaces/include/mineral_interfaces/mineral_interfaces/msg/detail/mineral__rosidl_typesupport_introspection_c.h
-- Installing: /home/zhaocake/Documents/single_program/rm_hotpot_exam/Folder_2_Ros/golden_miner/install/mineral_interfaces/include/mineral_interfaces/mineral_interfaces/msg/detail/mineral_array__type_support.c
-- Up-to-date: /home/zhaocake/Documents/single_program/rm_hotpot_exam/Folder_2_Ros/golden_miner/install/mineral_interfaces/include/mineral_interfaces/mineral_interfaces/msg/rosidl_typesupport_introspection_c__visibility_control.h
-- Installing: /home/zhaocake/Documents/single_program/rm_hotpot_exam/Folder_2_Ros/golden_miner/install/mineral_interfaces/lib/libmineral_interfaces__rosidl_typesupport_introspection_c.so
-- Set runtime path of "/home/zhaocake/Documents/single_program/rm_hotpot_exam/Folder_2_Ros/golden_miner/install/mineral_interfaces/lib/libmineral_interfaces__rosidl_typesupport_introspection_c.so" to ""
-- Installing: /home/zhaocake/Documents/single_program/rm_hotpot_exam/Folder_2_Ros/golden_miner/install/mineral_interfaces/lib/libmineral_interfaces__rosidl_typesupport_c.so
-- Set runtime path of "/home/zhaocake/Documents/single_program/rm_hotpot_exam/Folder_2_Ros/golden_miner/install/mineral_interfaces/lib/libmineral_interfaces__rosidl_typesupport_c.so" to ""
-- Up-to-date: /home/zhaocake/Documents/single_program/rm_hotpot_exam/Folder_2_Ros/golden_miner/install/mineral_interfaces/include/mineral_interfaces/mineral_interfaces
-- Up-to-date: /home/zhaocake/Documents/single_program/rm_hotpot_exam/Folder_2_Ros/golden_miner/install/mineral_interfaces/include/mineral_interfaces/mineral_interfaces/msg
-- Up-to-date: /home/zhaocake/Documents/single_program/rm_hotpot_exam/Folder_2_Ros/golden_miner/install/mineral_interfaces/include/mineral_interfaces/mineral_interfaces/msg/detail
-- Installing: /home/zhaocake/Documents/single_program/rm_hotpot_exam/Folder_2_Ros/golden_miner/install/mineral_interfaces/include/mineral_interfaces/mineral_interfaces/msg/detail/mineral__type_support.cpp
-- Installing: /home/zhaocake/Documents/single_program/rm_hotpot_exam/Folder_2_Ros/golden_miner/install/mineral_interfaces/include/mineral_interfaces/mineral_interfaces/msg/detail/mineral_array__type_support.cpp
-- Installing: /home/zhaocake/Documents/single_program/rm_hotpot_exam/Folder_2_Ros/golden_miner/install/mineral_interfaces/include/mineral_interfaces/mineral_interfaces/msg/detail/mineral__rosidl_typesupport_introspection_cpp.hpp
-- Installing: /home/zhaocake/Documents/single_program/rm_hotpot_exam/Folder_2_Ros/golden_miner/install/mineral_interfaces/include/mineral_interfaces/mineral_interfaces/msg/detail/mineral_array__rosidl_typesupport_introspection_cpp.hpp
-- Installing: /home/zhaocake/Documents/single_program/rm_hotpot_exam/Folder_2_Ros/golden_miner/install/mineral_interfaces/lib/libmineral_interfaces__rosidl_typesupport_introspection_cpp.so
-- Set runtime path of "/home/zhaocake/Documents/single_program/rm_hotpot_exam/Folder_2_Ros/golden_miner/install/mineral_interfaces/lib/libmineral_interfaces__rosidl_typesupport_introspection_cpp.so" to ""
-- Installing: /home/zhaocake/Documents/single_program/rm_hotpot_exam/Folder_2_Ros/golden_miner/install/mineral_interfaces/lib/libmineral_interfaces__rosidl_typesupport_cpp.so
-- Set runtime path of "/home/zhaocake/Documents/single_program/rm_hotpot_exam/Folder_2_Ros/golden_miner/install/mineral_interfaces/lib/libmineral_interfaces__rosidl_typesupport_cpp.so" to ""
-- Up-to-date: /home/zhaocake/Documents/single_program/rm_hotpot_exam/Folder_2_Ros/golden_miner/install/mineral_interfaces/share/mineral_interfaces/environment/pythonpath.sh
-- Installing: /home/zhaocake/Documents/single_program/rm_hotpot_exam/Folder_2_Ros/golden_miner/install/mineral_interfaces/share/mineral_interfaces/environment/pythonpath.dsv
-- Up-to-date: /home/zhaocake/Documents/single_program/rm_hotpot_exam/Folder_2_Ros/golden_miner/install/mineral_interfaces/local/lib/python3.10/dist-packages/mineral_interfaces-0.0.0-py3.10.egg-info
-- Installing: /home/zhaocake/Documents/single_program/rm_hotpot_exam/Folder_2_Ros/golden_miner/install/mineral_interfaces/local/lib/python3.10/dist-packages/mineral_interfaces-0.0.0-py3.10.egg-info/dependency_links.txt
-- Installing: /home/zhaocake/Documents/single_program/rm_hotpot_exam/Folder_2_Ros/golden_miner/install/mineral_interfaces/local/lib/python3.10/dist-packages/mineral_interfaces-0.0.0-py3.10.egg-info/top_level.txt
-- Installing: /home/zhaocake/Documents/single_program/rm_hotpot_exam/Folder_2_Ros/golden_miner/install/mineral_interfaces/local/lib/python3.10/dist-packages/mineral_interfaces-0.0.0-py3.10.egg-info/SOURCES.txt
-- Installing: /home/zhaocake/Documents/single_program/rm_hotpot_exam/Folder_2_Ros/golden_miner/install/mineral_interfaces/local/lib/python3.10/dist-packages/mineral_interfaces-0.0.0-py3.10.egg-info/PKG-INFO
-- Up-to-date: /home/zhaocake/Documents/single_program/rm_hotpot_exam/Folder_2_Ros/golden_miner/install/mineral_interfaces/local/lib/python3.10/dist-packages/mineral_interfaces
-- Installing: /home/zhaocake/Documents/single_program/rm_hotpot_exam/Folder_2_Ros/golden_miner/install/mineral_interfaces/local/lib/python3.10/dist-packages/mineral_interfaces/mineral_interfaces_s__rosidl_typesupport_c.cpython-310-x86_64-linux-gnu.so
-- Installing: /home/zhaocake/Documents/single_program/rm_hotpot_exam/Folder_2_Ros/golden_miner/install/mineral_interfaces/local/lib/python3.10/dist-packages/mineral_interfaces/_mineral_interfaces_s.ep.rosidl_typesupport_fastrtps_c.c
-- Installing: /home/zhaocake/Documents/single_program/rm_hotpot_exam/Folder_2_Ros/golden_miner/install/mineral_interfaces/local/lib/python3.10/dist-packages/mineral_interfaces/_mineral_interfaces_s.ep.rosidl_typesupport_c.c
-- Installing: /home/zhaocake/Documents/single_program/rm_hotpot_exam/Folder_2_Ros/golden_miner/install/mineral_interfaces/local/lib/python3.10/dist-packages/mineral_interfaces/__init__.py
-- Installing: /home/zhaocake/Documents/single_program/rm_hotpot_exam/Folder_2_Ros/golden_miner/install/mineral_interfaces/local/lib/python3.10/dist-packages/mineral_interfaces/_mineral_interfaces_s.ep.rosidl_typesupport_introspection_c.c
-- Up-to-date: /home/zhaocake/Documents/single_program/rm_hotpot_exam/Folder_2_Ros/golden_miner/install/mineral_interfaces/local/lib/python3.10/dist-packages/mineral_interfaces/msg
-- Installing: /home/zhaocake/Documents/single_program/rm_hotpot_exam/Folder_2_Ros/golden_miner/install/mineral_interfaces/local/lib/python3.10/dist-packages/mineral_interfaces/msg/_mineral_array_s.c
-- Installing: /home/zhaocake/Documents/single_program/rm_hotpot_exam/Folder_2_Ros/golden_miner/install/mineral_interfaces/local/lib/python3.10/dist-packages/mineral_interfaces/msg/_mineral_s.c
-- Installing: /home/zhaocake/Documents/single_program/rm_hotpot_exam/Folder_2_Ros/golden_miner/install/mineral_interfaces/local/lib/python3.10/dist-packages/mineral_interfaces/msg/__init__.py
-- Installing: /home/zhaocake/Documents/single_program/rm_hotpot_exam/Folder_2_Ros/golden_miner/install/mineral_interfaces/local/lib/python3.10/dist-packages/mineral_interfaces/msg/_mineral.py
-- Installing: /home/zhaocake/Documents/single_program/rm_hotpot_exam/Folder_2_Ros/golden_miner/install/mineral_interfaces/local/lib/python3.10/dist-packages/mineral_interfaces/msg/_mineral_array.py
-- Installing: /home/zhaocake/Documents/single_program/rm_hotpot_exam/Folder_2_Ros/golden_miner/install/mineral_interfaces/local/lib/python3.10/dist-packages/mineral_interfaces/mineral_interfaces_s__rosidl_typesupport_fastrtps_c.cpython-310-x86_64-linux-gnu.so
-- Installing: /home/zhaocake/Documents/single_program/rm_hotpot_exam/Folder_2_Ros/golden_miner/install/mineral_interfaces/local/lib/python3.10/dist-packages/mineral_interfaces/mineral_interfaces_s__rosidl_typesupport_introspection_c.cpython-310-x86_64-linux-gnu.so
-- Installing: /home/zhaocake/Documents/single_program/rm_hotpot_exam/Folder_2_Ros/golden_miner/install/mineral_interfaces/local/lib/python3.10/dist-packages/mineral_interfaces/libmineral_interfaces__rosidl_generator_py.so
Listing '/home/zhaocake/Documents/single_program/rm_hotpot_exam/Folder_2_Ros/golden_miner/install/mineral_interfaces/local/lib/python3.10/dist-packages/mineral_interfaces'...
Compiling '/home/zhaocake/Documents/single_program/rm_hotpot_exam/Folder_2_Ros/golden_miner/install/mineral_interfaces/local/lib/python3.10/dist-packages/mineral_interfaces/__init__.py'...
Listing '/home/zhaocake/Documents/single_program/rm_hotpot_exam/Folder_2_Ros/golden_miner/install/mineral_interfaces/local/lib/python3.10/dist-packages/mineral_interfaces/msg'...
Compiling '/home/zhaocake/Documents/single_program/rm_hotpot_exam/Folder_2_Ros/golden_miner/install/mineral_interfaces/local/lib/python3.10/dist-packages/mineral_interfaces/msg/__init__.py'...
Compiling '/home/zhaocake/Documents/single_program/rm_hotpot_exam/Folder_2_Ros/golden_miner/install/mineral_interfaces/local/lib/python3.10/dist-packages/mineral_interfaces/msg/_mineral.py'...
Compiling '/home/zhaocake/Documents/single_program/rm_hotpot_exam/Folder_2_Ros/golden_miner/install/mineral_interfaces/local/lib/python3.10/dist-packages/mineral_interfaces/msg/_mineral_array.py'...
-- Installing: /home/zhaocake/Documents/single_program/rm_hotpot_exam/Folder_2_Ros/golden_miner/install/mineral_interfaces/local/lib/python3.10/dist-packages/mineral_interfaces/mineral_interfaces_s__rosidl_typesupport_fastrtps_c.cpython-310-x86_64-linux-gnu.so
-- Set runtime path of "/home/zhaocake/Documents/single_program/rm_hotpot_exam/Folder_2_Ros/golden_miner/install/mineral_interfaces/local/lib/python3.10/dist-packages/mineral_interfaces/mineral_interfaces_s__rosidl_typesupport_fastrtps_c.cpython-310-x86_64-linux-gnu.so" to ""
-- Installing: /home/zhaocake/Documents/single_program/rm_hotpot_exam/Folder_2_Ros/golden_miner/install/mineral_interfaces/local/lib/python3.10/dist-packages/mineral_interfaces/mineral_interfaces_s__rosidl_typesupport_introspection_c.cpython-310-x86_64-linux-gnu.so
-- Set runtime path of "/home/zhaocake/Documents/single_program/rm_hotpot_exam/Folder_2_Ros/golden_miner/install/mineral_interfaces/local/lib/python3.10/dist-packages/mineral_interfaces/mineral_interfaces_s__rosidl_typesupport_introspection_c.cpython-310-x86_64-linux-gnu.so" to ""
-- Installing: /home/zhaocake/Documents/single_program/rm_hotpot_exam/Folder_2_Ros/golden_miner/install/mineral_interfaces/local/lib/python3.10/dist-packages/mineral_interfaces/mineral_interfaces_s__rosidl_typesupport_c.cpython-310-x86_64-linux-gnu.so
-- Set runtime path of "/home/zhaocake/Documents/single_program/rm_hotpot_exam/Folder_2_Ros/golden_miner/install/mineral_interfaces/local/lib/python3.10/dist-packages/mineral_interfaces/mineral_interfaces_s__rosidl_typesupport_c.cpython-310-x86_64-linux-gnu.so" to ""
-- Installing: /home/zhaocake/Documents/single_program/rm_hotpot_exam/Folder_2_Ros/golden_miner/install/mineral_interfaces/lib/libmineral_interfaces__rosidl_generator_py.so
-- Set runtime path of "/home/zhaocake/Documents/single_program/rm_hotpot_exam/Folder_2_Ros/golden_miner/install/mineral_interfaces/lib/libmineral_interfaces__rosidl_generator_py.so" to ""
-- Up-to-date: /home/zhaocake/Documents/single_program/rm_hotpot_exam/Folder_2_Ros/golden_miner/install/mineral_interfaces/share/mineral_interfaces/msg/Mineral.idl
-- Installing: /home/zhaocake/Documents/single_program/rm_hotpot_exam/Folder_2_Ros/golden_miner/install/mineral_interfaces/share/mineral_interfaces/msg/MineralArray.idl
-- Up-to-date: /home/zhaocake/Documents/single_program/rm_hotpot_exam/Folder_2_Ros/golden_miner/install/mineral_interfaces/share/mineral_interfaces/msg/Mineral.msg
-- Installing: /home/zhaocake/Documents/single_program/rm_hotpot_exam/Folder_2_Ros/golden_miner/install/mineral_interfaces/share/mineral_interfaces/msg/MineralArray.msg
-- Up-to-date: /home/zhaocake/Documents/single_program/rm_hotpot_exam/Folder_2_Ros/golden_miner/install/mineral_interfaces/share/ament_index/resource_index/package_run_dependencies/mineral_interfaces
-- Installing: /home/zhaocake/Documents/single_program/rm_hotpot_exam/Folder_2_Ros/golden_miner/install/mineral_interfaces/share/ament_index/resource_index/parent_prefix_path/mineral_interfaces
-- Up-to-date: /home/zhaocake/Documents/single_program/rm_hotpot_exam/Folder_2_Ros/golden_miner/install/mineral_interfaces/share/mineral_interfaces/environment/ament_prefix_path.sh
-- Installing: /home/zhaocake/Documents/single_program/rm_hotpot_exam/Folder_2_Ros/golden_miner/install/mineral_interfaces/share/mineral_interfaces/environment/ament_prefix_path.dsv
-- Up-to-date: /home/zhaocake/Documents/single_program/rm_hotpot_exam/Folder_2_Ros/golden_miner/install/mineral_interfaces/share/mineral_interfaces/environment/path.sh
-- Installing: /home/zhaocake/Documents/single_program/rm_hotpot_exam/Folder_2_Ros/golden_miner/install/mineral_interfaces/share/mineral_interfaces/environment/path.dsv
-- Up-to-date: /home/zhaocake/Documents/single_program/rm_hotpot_exam/Folder_2_Ros/golden_miner/install/mineral_interfaces/share/mineral_interfaces/local_setup.bash
-- Up-to-date: /home/zhaocake/Documents/single_program/rm_hotpot_exam/Folder_2_Ros/golden_miner/install/mineral_interfaces/share/mineral_interfaces/local_setup.sh
-- Up-to-date: /home/zhaocake/Documents/single_program/rm_hotpot_exam/Folder_2_Ros/golden_miner/install/mineral_interfaces/share/mineral_interfaces/local_setup.zsh
-- Installing: /home/zhaocake/Documents/single_program/rm_hotpot_exam/Folder_2_Ros/golden_miner/install/mineral_interfaces/share/mineral_interfaces/local_setup.dsv
-- Installing: /home/zhaocake/Documents/single_program/rm_hotpot_exam/Folder_2_Ros/golden_miner/install/mineral_interfaces/share/mineral_interfaces/package.dsv
-- Up-to-date: /home/zhaocake/Documents/single_program/rm_hotpot_exam/Folder_2_Ros/golden_miner/install/mineral_interfaces/share/ament_index/resource_index/packages/mineral_interfaces
-- Up-to-date: /home/zhaocake/Documents/single_program/rm_hotpot_exam/Folder_2_Ros/golden_miner/install/mineral_interfaces/share/mineral_interfaces/cmake/export_mineral_interfaces__rosidl_generator_cExport.cmake
-- Up-to-date: /home/zhaocake/Documents/single_program/rm_hotpot_exam/Folder_2_Ros/golden_miner/install/mineral_interfaces/share/mineral_interfaces/cmake/export_mineral_interfaces__rosidl_generator_cExport-noconfig.cmake
-- Up-to-date: /home/zhaocake/Documents/single_program/rm_hotpot_exam/Folder_2_Ros/golden_miner/install/mineral_interfaces/share/mineral_interfaces/cmake/export_mineral_interfaces__rosidl_typesupport_fastrtps_cExport.cmake
-- Up-to-date: /home/zhaocake/Documents/single_program/rm_hotpot_exam/Folder_2_Ros/golden_miner/install/mineral_interfaces/share/mineral_interfaces/cmake/export_mineral_interfaces__rosidl_typesupport_fastrtps_cExport-noconfig.cmake
-- Up-to-date: /home/zhaocake/Documents/single_program/rm_hotpot_exam/Folder_2_Ros/golden_miner/install/mineral_interfaces/share/mineral_interfaces/cmake/export_mineral_interfaces__rosidl_generator_cppExport.cmake
-- Up-to-date: /home/zhaocake/Documents/single_program/rm_hotpot_exam/Folder_2_Ros/golden_miner/install/mineral_interfaces/share/mineral_interfaces/cmake/export_mineral_interfaces__rosidl_typesupport_fastrtps_cppExport.cmake
-- Up-to-date: /home/zhaocake/Documents/single_program/rm_hotpot_exam/Folder_2_Ros/golden_miner/install/mineral_interfaces/share/mineral_interfaces/cmake/export_mineral_interfaces__rosidl_typesupport_fastrtps_cppExport-noconfig.cmake
-- Up-to-date: /home/zhaocake/Documents/single_program/rm_hotpot_exam/Folder_2_Ros/golden_miner/install/mineral_interfaces/share/mineral_interfaces/cmake/mineral_interfaces__rosidl_typesupport_introspection_cExport.cmake
-- Up-to-date: /home/zhaocake/Documents/single_program/rm_hotpot_exam/Folder_2_Ros/golden_miner/install/mineral_interfaces/share/mineral_interfaces/cmake/mineral_interfaces__rosidl_typesupport_introspection_cExport-noconfig.cmake
-- Up-to-date: /home/zhaocake/Documents/single_program/rm_hotpot_exam/Folder_2_Ros/golden_miner/install/mineral_interfaces/share/mineral_interfaces/cmake/mineral_interfaces__rosidl_typesupport_cExport.cmake
-- Up-to-date: /home/zhaocake/Documents/single_program/rm_hotpot_exam/Folder_2_Ros/golden_miner/install/mineral_interfaces/share/mineral_interfaces/cmake/mineral_interfaces__rosidl_typesupport_cExport-noconfig.cmake
-- Up-to-date: /home/zhaocake/Documents/single_program/rm_hotpot_exam/Folder_2_Ros/golden_miner/install/mineral_interfaces/share/mineral_interfaces/cmake/mineral_interfaces__rosidl_typesupport_introspection_cppExport.cmake
-- Up-to-date: /home/zhaocake/Documents/single_program/rm_hotpot_exam/Folder_2_Ros/golden_miner/install/mineral_interfaces/share/mineral_interfaces/cmake/mineral_interfaces__rosidl_typesupport_introspection_cppExport-noconfig.cmake
-- Up-to-date: /home/zhaocake/Documents/single_program/rm_hotpot_exam/Folder_2_Ros/golden_miner/install/mineral_interfaces/share/mineral_interfaces/cmake/mineral_interfaces__rosidl_typesupport_cppExport.cmake
-- Up-to-date: /home/zhaocake/Documents/single_program/rm_hotpot_exam/Folder_2_Ros/golden_miner/install/mineral_interfaces/share/mineral_interfaces/cmake/mineral_interfaces__rosidl_typesupport_cppExport-noconfig.cmake
-- Up-to-date: /home/zhaocake/Documents/single_program/rm_hotpot_exam/Folder_2_Ros/golden_miner/install/mineral_interfaces/share/mineral_interfaces/cmake/export_mineral_interfaces__rosidl_generator_pyExport.cmake
-- Up-to-date: /home/zhaocake/Documents/single_program/rm_hotpot_exam/Folder_2_Ros/golden_miner/install/mineral_interfaces/share/mineral_interfaces/cmake/export_mineral_interfaces__rosidl_generator_pyExport-noconfig.cmake
-- Installing: /home/zhaocake/Documents/single_program/rm_hotpot_exam/Folder_2_Ros/golden_miner/install/mineral_interfaces/share/mineral_interfaces/cmake/rosidl_cmake-extras.cmake
-- Up-to-date: /home/zhaocake/Documents/single_program/rm_hotpot_exam/Folder_2_Ros/golden_miner/install/mineral_interfaces/share/mineral_interfaces/cmake/ament_cmake_export_dependencies-extras.cmake
-- Up-to-date: /home/zhaocake/Documents/single_program/rm_hotpot_exam/Folder_2_Ros/golden_miner/install/mineral_interfaces/share/mineral_interfaces/cmake/ament_cmake_export_include_directories-extras.cmake
-- Up-to-date: /home/zhaocake/Documents/single_program/rm_hotpot_exam/Folder_2_Ros/golden_miner/install/mineral_interfaces/share/mineral_interfaces/cmake/ament_cmake_export_libraries-extras.cmake
-- Up-to-date: /home/zhaocake/Documents/single_program/rm_hotpot_exam/Folder_2_Ros/golden_miner/install/mineral_interfaces/share/mineral_interfaces/cmake/ament_cmake_export_targets-extras.cmake
-- Up-to-date: /home/zhaocake/Documents/single_program/rm_hotpot_exam/Folder_2_Ros/golden_miner/install/mineral_interfaces/share/mineral_interfaces/cmake/rosidl_cmake_export_typesupport_targets-extras.cmake
-- Up-to-date: /home/zhaocake/Documents/single_program/rm_hotpot_exam/Folder_2_Ros/golden_miner/install/mineral_interfaces/share/mineral_interfaces/cmake/rosidl_cmake_export_typesupport_libraries-extras.cmake
-- Up-to-date: /home/zhaocake/Documents/single_program/rm_hotpot_exam/Folder_2_Ros/golden_miner/install/mineral_interfaces/share/mineral_interfaces/cmake/mineral_interfacesConfig.cmake
-- Up-to-date: /home/zhaocake/Documents/single_program/rm_hotpot_exam/Folder_2_Ros/golden_miner/install/mineral_interfaces/share/mineral_interfaces/cmake/mineral_interfacesConfig-version.cmake
-- Up-to-date: /home/zhaocake/Documents/single_program/rm_hotpot_exam/Folder_2_Ros/golden_miner/install/mineral_interfaces/share/mineral_interfaces/package.xml
