[0.013s] Invoking command in '/home/zhaocake/Documents/single_program/rm_hotpot_exam/Folder_2_Ros/golden_miner/build/mineral_interfaces': CMAKE_PREFIX_PATH=${CMAKE_PREFIX_PATH}:/opt/ros/humble /usr/bin/cmake --build /home/zhaocake/Documents/single_program/rm_hotpot_exam/Folder_2_Ros/golden_miner/build/mineral_interfaces -- -j8 -l8
[0.028s] -- Found ament_cmake: 1.3.5 (/opt/ros/humble/share/ament_cmake/cmake)
[0.124s] -- Found geometry_msgs: 4.2.3 (/opt/ros/humble/share/geometry_msgs/cmake)
[0.140s] -- Found rosidl_generator_c: 3.1.5 (/opt/ros/humble/share/rosidl_generator_c/cmake)
[0.141s] -- Found rosidl_adapter: 3.1.5 (/opt/ros/humble/share/rosidl_adapter/cmake)
[0.144s] -- Found rosidl_generator_cpp: 3.1.5 (/opt/ros/humble/share/rosidl_generator_cpp/cmake)
[0.151s] -- Using all available rosidl_typesupport_c: rosidl_typesupport_fastrtps_c;rosidl_typesupport_introspection_c
[0.161s] -- Using all available rosidl_typesupport_cpp: rosidl_typesupport_fastrtps_cpp;rosidl_typesupport_introspection_cpp
[0.231s] -- Found rosidl_default_generators: 1.2.0 (/opt/ros/humble/share/rosidl_default_generators/cmake)
[0.413s] -- Found ament_cmake_ros: 0.10.0 (/opt/ros/humble/share/ament_cmake_ros/cmake)
[0.679s] -- Using all available rosidl_typesupport_c: rosidl_typesupport_fastrtps_c;rosidl_typesupport_introspection_c
[0.780s] -- Using all available rosidl_typesupport_cpp: rosidl_typesupport_fastrtps_cpp;rosidl_typesupport_introspection_cpp
[0.796s] -- Found python_cmake_module: 0.10.0 (/opt/ros/humble/share/python_cmake_module/cmake)
[0.812s] -- Using PYTHON_EXECUTABLE: /usr/bin/python3
[0.812s] -- Using PYTHON_INCLUDE_DIRS: /usr/include/python3.10
[0.812s] -- Using PYTHON_LIBRARIES: /usr/lib/x86_64-linux-gnu/libpython3.10.so
[0.837s] -- Found ament_lint_auto: 0.12.7 (/opt/ros/humble/share/ament_lint_auto/cmake)
[0.842s] -- Added test 'lint_cmake' to check CMake code style
[0.842s] -- Added test 'xmllint' to check XML markup files
[0.843s] -- Configuring done
[0.864s] -- Generating done
[0.866s] -- Build files have been written to: /home/zhaocake/Documents/single_program/rm_hotpot_exam/Folder_2_Ros/golden_miner/build/mineral_interfaces
[0.883s] [  2%] [34m[1mGenerating C code for ROS interfaces[0m
[0.890s] [  5%] [34m[1mGenerating C++ code for ROS interfaces[0m
[0.896s] [  5%] Built target ament_cmake_python_copy_mineral_interfaces
[1.055s] running egg_info
[1.056s] writing mineral_interfaces.egg-info/PKG-INFO
[1.056s] writing dependency_links to mineral_interfaces.egg-info/dependency_links.txt
[1.056s] writing top-level names to mineral_interfaces.egg-info/top_level.txt
[1.057s] reading manifest file 'mineral_interfaces.egg-info/SOURCES.txt'
[1.058s] writing manifest file 'mineral_interfaces.egg-info/SOURCES.txt'
[1.080s] [  5%] Built target ament_cmake_python_build_mineral_interfaces_egg
[1.102s] [35m[1mConsolidate compiler generated dependencies of target mineral_interfaces__rosidl_generator_c[0m
[1.103s] [  5%] Built target mineral_interfaces__cpp
[1.111s] [ 12%] [32mBuilding C object CMakeFiles/mineral_interfaces__rosidl_generator_c.dir/rosidl_generator_c/mineral_interfaces/msg/detail/mineral_array__functions.c.o[0m
[1.111s] [ 12%] [34m[1mGenerating C++ introspection for ROS interfaces[0m
[1.111s] [ 12%] [34m[1mGenerating C++ type support dispatch for ROS interfaces[0m
[1.111s] [ 15%] [32mBuilding C object CMakeFiles/mineral_interfaces__rosidl_generator_c.dir/rosidl_generator_c/mineral_interfaces/msg/detail/mineral__functions.c.o[0m
[1.112s] [ 17%] [34m[1mGenerating C++ type support for eProsima Fast-RTPS[0m
[1.159s] [ 20%] [32m[1mLinking C shared library libmineral_interfaces__rosidl_generator_c.so[0m
[1.184s] [ 20%] Built target mineral_interfaces__rosidl_generator_c
[1.191s] [ 23%] [34m[1mGenerating C type support for eProsima Fast-RTPS[0m
[1.193s] [ 28%] [34m[1mGenerating C type support dispatch for ROS interfaces[0m
[1.193s] [ 28%] [34m[1mGenerating C introspection for ROS interfaces[0m
[1.311s] [35m[1mConsolidate compiler generated dependencies of target mineral_interfaces__rosidl_typesupport_fastrtps_cpp[0m
[1.322s] [ 30%] [32mBuilding CXX object CMakeFiles/mineral_interfaces__rosidl_typesupport_fastrtps_cpp.dir/rosidl_typesupport_fastrtps_cpp/mineral_interfaces/msg/detail/dds_fastrtps/mineral_array__type_support.cpp.o[0m
[1.323s] [ 33%] [32mBuilding CXX object CMakeFiles/mineral_interfaces__rosidl_typesupport_fastrtps_cpp.dir/rosidl_typesupport_fastrtps_cpp/mineral_interfaces/msg/detail/dds_fastrtps/mineral__type_support.cpp.o[0m
[1.362s] [35m[1mConsolidate compiler generated dependencies of target mineral_interfaces__rosidl_typesupport_cpp[0m
[1.379s] [35m[1mConsolidate compiler generated dependencies of target mineral_interfaces__rosidl_typesupport_introspection_cpp[0m
[1.384s] [ 35%] [32mBuilding CXX object CMakeFiles/mineral_interfaces__rosidl_typesupport_cpp.dir/rosidl_typesupport_cpp/mineral_interfaces/msg/mineral_array__type_support.cpp.o[0m
[1.387s] [ 38%] [32mBuilding CXX object CMakeFiles/mineral_interfaces__rosidl_typesupport_cpp.dir/rosidl_typesupport_cpp/mineral_interfaces/msg/mineral__type_support.cpp.o[0m
[1.391s] [ 41%] [32mBuilding CXX object CMakeFiles/mineral_interfaces__rosidl_typesupport_introspection_cpp.dir/rosidl_typesupport_introspection_cpp/mineral_interfaces/msg/detail/mineral__type_support.cpp.o[0m
[1.462s] [35m[1mConsolidate compiler generated dependencies of target mineral_interfaces__rosidl_typesupport_fastrtps_c[0m
[1.477s] [ 43%] [32mBuilding CXX object CMakeFiles/mineral_interfaces__rosidl_typesupport_fastrtps_c.dir/rosidl_typesupport_fastrtps_c/mineral_interfaces/msg/detail/mineral__type_support_c.cpp.o[0m
[1.491s] [35m[1mConsolidate compiler generated dependencies of target mineral_interfaces__rosidl_typesupport_c[0m
[1.503s] [ 46%] [32mBuilding CXX object CMakeFiles/mineral_interfaces__rosidl_typesupport_c.dir/rosidl_typesupport_c/mineral_interfaces/msg/mineral__type_support.cpp.o[0m
[1.536s] [ 48%] [32mBuilding CXX object CMakeFiles/mineral_interfaces__rosidl_typesupport_c.dir/rosidl_typesupport_c/mineral_interfaces/msg/mineral_array__type_support.cpp.o[0m
[1.544s] [35m[1mConsolidate compiler generated dependencies of target mineral_interfaces__rosidl_typesupport_introspection_c[0m
[1.558s] [ 51%] [32mBuilding C object CMakeFiles/mineral_interfaces__rosidl_typesupport_introspection_c.dir/rosidl_typesupport_introspection_c/mineral_interfaces/msg/detail/mineral__type_support.c.o[0m
[1.571s] [ 53%] [32m[1mLinking CXX shared library libmineral_interfaces__rosidl_typesupport_c.so[0m
[1.599s] [ 56%] [32mBuilding C object CMakeFiles/mineral_interfaces__rosidl_typesupport_introspection_c.dir/rosidl_typesupport_introspection_c/mineral_interfaces/msg/detail/mineral_array__type_support.c.o[0m
[1.629s] [ 56%] Built target mineral_interfaces__rosidl_typesupport_c
[1.640s] [ 58%] [32mBuilding CXX object CMakeFiles/mineral_interfaces__rosidl_typesupport_introspection_cpp.dir/rosidl_typesupport_introspection_cpp/mineral_interfaces/msg/detail/mineral_array__type_support.cpp.o[0m
[1.641s] [ 61%] [32m[1mLinking C shared library libmineral_interfaces__rosidl_typesupport_introspection_c.so[0m
[1.676s] [ 61%] Built target mineral_interfaces__rosidl_typesupport_introspection_c
[1.685s] [ 64%] [32mBuilding CXX object CMakeFiles/mineral_interfaces__rosidl_typesupport_fastrtps_c.dir/rosidl_typesupport_fastrtps_c/mineral_interfaces/msg/detail/mineral_array__type_support_c.cpp.o[0m
[1.691s] [ 66%] [32m[1mLinking CXX shared library libmineral_interfaces__rosidl_typesupport_cpp.so[0m
[1.736s] [ 66%] Built target mineral_interfaces__rosidl_typesupport_cpp
[1.793s] [ 69%] [32m[1mLinking CXX shared library libmineral_interfaces__rosidl_typesupport_fastrtps_cpp.so[0m
[1.856s] [ 69%] Built target mineral_interfaces__rosidl_typesupport_fastrtps_cpp
[1.944s] [ 71%] [32m[1mLinking CXX shared library libmineral_interfaces__rosidl_typesupport_fastrtps_c.so[0m
[1.954s] [ 74%] [32m[1mLinking CXX shared library libmineral_interfaces__rosidl_typesupport_introspection_cpp.so[0m
[2.001s] [ 74%] Built target mineral_interfaces__rosidl_typesupport_fastrtps_c
[2.009s] [ 74%] Built target mineral_interfaces__rosidl_typesupport_introspection_cpp
[2.024s] [ 74%] Built target mineral_interfaces
[2.038s] [ 76%] [34m[1mGenerating Python code for ROS interfaces[0m
[2.291s] [ 76%] Built target mineral_interfaces__py
[2.297s] [35m[1mConsolidate compiler generated dependencies of target mineral_interfaces__rosidl_generator_py[0m
[2.306s] [ 79%] [32mBuilding C object CMakeFiles/mineral_interfaces__rosidl_generator_py.dir/rosidl_generator_py/mineral_interfaces/msg/_mineral_array_s.c.o[0m
[2.306s] [ 82%] [32mBuilding C object CMakeFiles/mineral_interfaces__rosidl_generator_py.dir/rosidl_generator_py/mineral_interfaces/msg/_mineral_s.c.o[0m
[2.373s] [ 84%] [32m[1mLinking C shared library rosidl_generator_py/mineral_interfaces/libmineral_interfaces__rosidl_generator_py.so[0m
[2.400s] [ 84%] Built target mineral_interfaces__rosidl_generator_py
[2.407s] [35m[1mConsolidate compiler generated dependencies of target mineral_interfaces__rosidl_typesupport_c__pyext[0m
[2.407s] [35m[1mConsolidate compiler generated dependencies of target mineral_interfaces__rosidl_typesupport_fastrtps_c__pyext[0m
[2.407s] [35m[1mConsolidate compiler generated dependencies of target mineral_interfaces__rosidl_typesupport_introspection_c__pyext[0m
[2.417s] [ 92%] [32mBuilding C object CMakeFiles/mineral_interfaces__rosidl_typesupport_c__pyext.dir/rosidl_generator_py/mineral_interfaces/_mineral_interfaces_s.ep.rosidl_typesupport_c.c.o[0m
[2.417s] [ 92%] [32mBuilding C object CMakeFiles/mineral_interfaces__rosidl_typesupport_fastrtps_c__pyext.dir/rosidl_generator_py/mineral_interfaces/_mineral_interfaces_s.ep.rosidl_typesupport_fastrtps_c.c.o[0m
[2.417s] [ 92%] [32mBuilding C object CMakeFiles/mineral_interfaces__rosidl_typesupport_introspection_c__pyext.dir/rosidl_generator_py/mineral_interfaces/_mineral_interfaces_s.ep.rosidl_typesupport_introspection_c.c.o[0m
[2.480s] [100%] [32m[1mLinking C shared library rosidl_generator_py/mineral_interfaces/mineral_interfaces_s__rosidl_typesupport_introspection_c.cpython-310-x86_64-linux-gnu.so[0m
[2.480s] [100%] [32m[1mLinking C shared library rosidl_generator_py/mineral_interfaces/mineral_interfaces_s__rosidl_typesupport_fastrtps_c.cpython-310-x86_64-linux-gnu.so[0m
[2.480s] [100%] [32m[1mLinking C shared library rosidl_generator_py/mineral_interfaces/mineral_interfaces_s__rosidl_typesupport_c.cpython-310-x86_64-linux-gnu.so[0m
[2.506s] [100%] Built target mineral_interfaces__rosidl_typesupport_c__pyext
[2.507s] [100%] Built target mineral_interfaces__rosidl_typesupport_introspection_c__pyext
[2.507s] [100%] Built target mineral_interfaces__rosidl_typesupport_fastrtps_c__pyext
[2.515s] Invoked command in '/home/zhaocake/Documents/single_program/rm_hotpot_exam/Folder_2_Ros/golden_miner/build/mineral_interfaces' returned '0': CMAKE_PREFIX_PATH=${CMAKE_PREFIX_PATH}:/opt/ros/humble /usr/bin/cmake --build /home/zhaocake/Documents/single_program/rm_hotpot_exam/Folder_2_Ros/golden_miner/build/mineral_interfaces -- -j8 -l8
[2.567s] Invoking command in '/home/zhaocake/Documents/single_program/rm_hotpot_exam/Folder_2_Ros/golden_miner/build/mineral_interfaces': CMAKE_PREFIX_PATH=${CMAKE_PREFIX_PATH}:/opt/ros/humble /usr/bin/cmake --install /home/zhaocake/Documents/single_program/rm_hotpot_exam/Folder_2_Ros/golden_miner/build/mineral_interfaces
[2.573s] -- Install configuration: ""
[2.573s] -- Installing: /home/zhaocake/Documents/single_program/rm_hotpot_exam/Folder_2_Ros/golden_miner/install/mineral_interfaces/share/ament_index/resource_index/rosidl_interfaces/mineral_interfaces
[2.573s] -- Up-to-date: /home/zhaocake/Documents/single_program/rm_hotpot_exam/Folder_2_Ros/golden_miner/install/mineral_interfaces/include/mineral_interfaces/mineral_interfaces
[2.573s] -- Up-to-date: /home/zhaocake/Documents/single_program/rm_hotpot_exam/Folder_2_Ros/golden_miner/install/mineral_interfaces/include/mineral_interfaces/mineral_interfaces/msg
[2.574s] -- Up-to-date: /home/zhaocake/Documents/single_program/rm_hotpot_exam/Folder_2_Ros/golden_miner/install/mineral_interfaces/include/mineral_interfaces/mineral_interfaces/msg/detail
[2.574s] -- Installing: /home/zhaocake/Documents/single_program/rm_hotpot_exam/Folder_2_Ros/golden_miner/install/mineral_interfaces/include/mineral_interfaces/mineral_interfaces/msg/detail/mineral_array__functions.h
[2.574s] -- Installing: /home/zhaocake/Documents/single_program/rm_hotpot_exam/Folder_2_Ros/golden_miner/install/mineral_interfaces/include/mineral_interfaces/mineral_interfaces/msg/detail/mineral__type_support.h
[2.574s] -- Installing: /home/zhaocake/Documents/single_program/rm_hotpot_exam/Folder_2_Ros/golden_miner/install/mineral_interfaces/include/mineral_interfaces/mineral_interfaces/msg/detail/mineral__functions.c
[2.574s] -- Installing: /home/zhaocake/Documents/single_program/rm_hotpot_exam/Folder_2_Ros/golden_miner/install/mineral_interfaces/include/mineral_interfaces/mineral_interfaces/msg/detail/mineral__functions.h
[2.574s] -- Installing: /home/zhaocake/Documents/single_program/rm_hotpot_exam/Folder_2_Ros/golden_miner/install/mineral_interfaces/include/mineral_interfaces/mineral_interfaces/msg/detail/mineral_array__functions.c
[2.574s] -- Installing: /home/zhaocake/Documents/single_program/rm_hotpot_exam/Folder_2_Ros/golden_miner/install/mineral_interfaces/include/mineral_interfaces/mineral_interfaces/msg/detail/mineral_array__type_support.h
[2.574s] -- Installing: /home/zhaocake/Documents/single_program/rm_hotpot_exam/Folder_2_Ros/golden_miner/install/mineral_interfaces/include/mineral_interfaces/mineral_interfaces/msg/detail/mineral__struct.h
[2.574s] -- Installing: /home/zhaocake/Documents/single_program/rm_hotpot_exam/Folder_2_Ros/golden_miner/install/mineral_interfaces/include/mineral_interfaces/mineral_interfaces/msg/detail/mineral_array__struct.h
[2.574s] -- Up-to-date: /home/zhaocake/Documents/single_program/rm_hotpot_exam/Folder_2_Ros/golden_miner/install/mineral_interfaces/include/mineral_interfaces/mineral_interfaces/msg/rosidl_generator_c__visibility_control.h
[2.574s] -- Installing: /home/zhaocake/Documents/single_program/rm_hotpot_exam/Folder_2_Ros/golden_miner/install/mineral_interfaces/include/mineral_interfaces/mineral_interfaces/msg/mineral_array.h
[2.574s] -- Installing: /home/zhaocake/Documents/single_program/rm_hotpot_exam/Folder_2_Ros/golden_miner/install/mineral_interfaces/include/mineral_interfaces/mineral_interfaces/msg/mineral.h
[2.574s] -- Up-to-date: /home/zhaocake/Documents/single_program/rm_hotpot_exam/Folder_2_Ros/golden_miner/install/mineral_interfaces/share/mineral_interfaces/environment/library_path.sh
[2.574s] -- Installing: /home/zhaocake/Documents/single_program/rm_hotpot_exam/Folder_2_Ros/golden_miner/install/mineral_interfaces/share/mineral_interfaces/environment/library_path.dsv
[2.575s] -- Installing: /home/zhaocake/Documents/single_program/rm_hotpot_exam/Folder_2_Ros/golden_miner/install/mineral_interfaces/lib/libmineral_interfaces__rosidl_generator_c.so
[2.575s] -- Set runtime path of "/home/zhaocake/Documents/single_program/rm_hotpot_exam/Folder_2_Ros/golden_miner/install/mineral_interfaces/lib/libmineral_interfaces__rosidl_generator_c.so" to ""
[2.575s] -- Up-to-date: /home/zhaocake/Documents/single_program/rm_hotpot_exam/Folder_2_Ros/golden_miner/install/mineral_interfaces/include/mineral_interfaces/mineral_interfaces
[2.575s] -- Up-to-date: /home/zhaocake/Documents/single_program/rm_hotpot_exam/Folder_2_Ros/golden_miner/install/mineral_interfaces/include/mineral_interfaces/mineral_interfaces/msg
[2.575s] -- Up-to-date: /home/zhaocake/Documents/single_program/rm_hotpot_exam/Folder_2_Ros/golden_miner/install/mineral_interfaces/include/mineral_interfaces/mineral_interfaces/msg/detail
[2.575s] -- Installing: /home/zhaocake/Documents/single_program/rm_hotpot_exam/Folder_2_Ros/golden_miner/install/mineral_interfaces/include/mineral_interfaces/mineral_interfaces/msg/detail/mineral__rosidl_typesupport_fastrtps_c.h
[2.575s] -- Installing: /home/zhaocake/Documents/single_program/rm_hotpot_exam/Folder_2_Ros/golden_miner/install/mineral_interfaces/include/mineral_interfaces/mineral_interfaces/msg/detail/mineral_array__rosidl_typesupport_fastrtps_c.h
[2.575s] -- Up-to-date: /home/zhaocake/Documents/single_program/rm_hotpot_exam/Folder_2_Ros/golden_miner/install/mineral_interfaces/include/mineral_interfaces/mineral_interfaces/msg/rosidl_typesupport_fastrtps_c__visibility_control.h
[2.575s] -- Installing: /home/zhaocake/Documents/single_program/rm_hotpot_exam/Folder_2_Ros/golden_miner/install/mineral_interfaces/lib/libmineral_interfaces__rosidl_typesupport_fastrtps_c.so
[2.575s] -- Set runtime path of "/home/zhaocake/Documents/single_program/rm_hotpot_exam/Folder_2_Ros/golden_miner/install/mineral_interfaces/lib/libmineral_interfaces__rosidl_typesupport_fastrtps_c.so" to ""
[2.575s] -- Up-to-date: /home/zhaocake/Documents/single_program/rm_hotpot_exam/Folder_2_Ros/golden_miner/install/mineral_interfaces/include/mineral_interfaces/mineral_interfaces
[2.575s] -- Up-to-date: /home/zhaocake/Documents/single_program/rm_hotpot_exam/Folder_2_Ros/golden_miner/install/mineral_interfaces/include/mineral_interfaces/mineral_interfaces/msg
[2.575s] -- Up-to-date: /home/zhaocake/Documents/single_program/rm_hotpot_exam/Folder_2_Ros/golden_miner/install/mineral_interfaces/include/mineral_interfaces/mineral_interfaces/msg/detail
[2.575s] -- Installing: /home/zhaocake/Documents/single_program/rm_hotpot_exam/Folder_2_Ros/golden_miner/install/mineral_interfaces/include/mineral_interfaces/mineral_interfaces/msg/detail/mineral_array__traits.hpp
[2.575s] -- Installing: /home/zhaocake/Documents/single_program/rm_hotpot_exam/Folder_2_Ros/golden_miner/install/mineral_interfaces/include/mineral_interfaces/mineral_interfaces/msg/detail/mineral__builder.hpp
[2.576s] -- Installing: /home/zhaocake/Documents/single_program/rm_hotpot_exam/Folder_2_Ros/golden_miner/install/mineral_interfaces/include/mineral_interfaces/mineral_interfaces/msg/detail/mineral_array__builder.hpp
[2.576s] -- Installing: /home/zhaocake/Documents/single_program/rm_hotpot_exam/Folder_2_Ros/golden_miner/install/mineral_interfaces/include/mineral_interfaces/mineral_interfaces/msg/detail/mineral__traits.hpp
[2.576s] -- Installing: /home/zhaocake/Documents/single_program/rm_hotpot_exam/Folder_2_Ros/golden_miner/install/mineral_interfaces/include/mineral_interfaces/mineral_interfaces/msg/detail/mineral_array__struct.hpp
[2.576s] -- Installing: /home/zhaocake/Documents/single_program/rm_hotpot_exam/Folder_2_Ros/golden_miner/install/mineral_interfaces/include/mineral_interfaces/mineral_interfaces/msg/detail/mineral__struct.hpp
[2.576s] -- Installing: /home/zhaocake/Documents/single_program/rm_hotpot_exam/Folder_2_Ros/golden_miner/install/mineral_interfaces/include/mineral_interfaces/mineral_interfaces/msg/mineral_array.hpp
[2.576s] -- Installing: /home/zhaocake/Documents/single_program/rm_hotpot_exam/Folder_2_Ros/golden_miner/install/mineral_interfaces/include/mineral_interfaces/mineral_interfaces/msg/mineral.hpp
[2.576s] -- Up-to-date: /home/zhaocake/Documents/single_program/rm_hotpot_exam/Folder_2_Ros/golden_miner/install/mineral_interfaces/include/mineral_interfaces/mineral_interfaces
[2.576s] -- Up-to-date: /home/zhaocake/Documents/single_program/rm_hotpot_exam/Folder_2_Ros/golden_miner/install/mineral_interfaces/include/mineral_interfaces/mineral_interfaces/msg
[2.576s] -- Up-to-date: /home/zhaocake/Documents/single_program/rm_hotpot_exam/Folder_2_Ros/golden_miner/install/mineral_interfaces/include/mineral_interfaces/mineral_interfaces/msg/detail
[2.576s] -- Installing: /home/zhaocake/Documents/single_program/rm_hotpot_exam/Folder_2_Ros/golden_miner/install/mineral_interfaces/include/mineral_interfaces/mineral_interfaces/msg/detail/mineral_array__rosidl_typesupport_fastrtps_cpp.hpp
[2.576s] -- Installing: /home/zhaocake/Documents/single_program/rm_hotpot_exam/Folder_2_Ros/golden_miner/install/mineral_interfaces/include/mineral_interfaces/mineral_interfaces/msg/detail/mineral__rosidl_typesupport_fastrtps_cpp.hpp
[2.576s] -- Up-to-date: /home/zhaocake/Documents/single_program/rm_hotpot_exam/Folder_2_Ros/golden_miner/install/mineral_interfaces/include/mineral_interfaces/mineral_interfaces/msg/detail/dds_fastrtps
[2.576s] -- Up-to-date: /home/zhaocake/Documents/single_program/rm_hotpot_exam/Folder_2_Ros/golden_miner/install/mineral_interfaces/include/mineral_interfaces/mineral_interfaces/msg/rosidl_typesupport_fastrtps_cpp__visibility_control.h
[2.576s] -- Installing: /home/zhaocake/Documents/single_program/rm_hotpot_exam/Folder_2_Ros/golden_miner/install/mineral_interfaces/lib/libmineral_interfaces__rosidl_typesupport_fastrtps_cpp.so
[2.577s] -- Set runtime path of "/home/zhaocake/Documents/single_program/rm_hotpot_exam/Folder_2_Ros/golden_miner/install/mineral_interfaces/lib/libmineral_interfaces__rosidl_typesupport_fastrtps_cpp.so" to ""
[2.577s] -- Up-to-date: /home/zhaocake/Documents/single_program/rm_hotpot_exam/Folder_2_Ros/golden_miner/install/mineral_interfaces/include/mineral_interfaces/mineral_interfaces
[2.577s] -- Up-to-date: /home/zhaocake/Documents/single_program/rm_hotpot_exam/Folder_2_Ros/golden_miner/install/mineral_interfaces/include/mineral_interfaces/mineral_interfaces/msg
[2.577s] -- Up-to-date: /home/zhaocake/Documents/single_program/rm_hotpot_exam/Folder_2_Ros/golden_miner/install/mineral_interfaces/include/mineral_interfaces/mineral_interfaces/msg/detail
[2.577s] -- Installing: /home/zhaocake/Documents/single_program/rm_hotpot_exam/Folder_2_Ros/golden_miner/install/mineral_interfaces/include/mineral_interfaces/mineral_interfaces/msg/detail/mineral_array__rosidl_typesupport_introspection_c.h
[2.577s] -- Installing: /home/zhaocake/Documents/single_program/rm_hotpot_exam/Folder_2_Ros/golden_miner/install/mineral_interfaces/include/mineral_interfaces/mineral_interfaces/msg/detail/mineral__type_support.c
[2.577s] -- Installing: /home/zhaocake/Documents/single_program/rm_hotpot_exam/Folder_2_Ros/golden_miner/install/mineral_interfaces/include/mineral_interfaces/mineral_interfaces/msg/detail/mineral__rosidl_typesupport_introspection_c.h
[2.577s] -- Installing: /home/zhaocake/Documents/single_program/rm_hotpot_exam/Folder_2_Ros/golden_miner/install/mineral_interfaces/include/mineral_interfaces/mineral_interfaces/msg/detail/mineral_array__type_support.c
[2.577s] -- Up-to-date: /home/zhaocake/Documents/single_program/rm_hotpot_exam/Folder_2_Ros/golden_miner/install/mineral_interfaces/include/mineral_interfaces/mineral_interfaces/msg/rosidl_typesupport_introspection_c__visibility_control.h
[2.577s] -- Installing: /home/zhaocake/Documents/single_program/rm_hotpot_exam/Folder_2_Ros/golden_miner/install/mineral_interfaces/lib/libmineral_interfaces__rosidl_typesupport_introspection_c.so
[2.577s] -- Set runtime path of "/home/zhaocake/Documents/single_program/rm_hotpot_exam/Folder_2_Ros/golden_miner/install/mineral_interfaces/lib/libmineral_interfaces__rosidl_typesupport_introspection_c.so" to ""
[2.577s] -- Installing: /home/zhaocake/Documents/single_program/rm_hotpot_exam/Folder_2_Ros/golden_miner/install/mineral_interfaces/lib/libmineral_interfaces__rosidl_typesupport_c.so
[2.577s] -- Set runtime path of "/home/zhaocake/Documents/single_program/rm_hotpot_exam/Folder_2_Ros/golden_miner/install/mineral_interfaces/lib/libmineral_interfaces__rosidl_typesupport_c.so" to ""
[2.577s] -- Up-to-date: /home/zhaocake/Documents/single_program/rm_hotpot_exam/Folder_2_Ros/golden_miner/install/mineral_interfaces/include/mineral_interfaces/mineral_interfaces
[2.577s] -- Up-to-date: /home/zhaocake/Documents/single_program/rm_hotpot_exam/Folder_2_Ros/golden_miner/install/mineral_interfaces/include/mineral_interfaces/mineral_interfaces/msg
[2.578s] -- Up-to-date: /home/zhaocake/Documents/single_program/rm_hotpot_exam/Folder_2_Ros/golden_miner/install/mineral_interfaces/include/mineral_interfaces/mineral_interfaces/msg/detail
[2.578s] -- Installing: /home/zhaocake/Documents/single_program/rm_hotpot_exam/Folder_2_Ros/golden_miner/install/mineral_interfaces/include/mineral_interfaces/mineral_interfaces/msg/detail/mineral__type_support.cpp
[2.578s] -- Installing: /home/zhaocake/Documents/single_program/rm_hotpot_exam/Folder_2_Ros/golden_miner/install/mineral_interfaces/include/mineral_interfaces/mineral_interfaces/msg/detail/mineral_array__type_support.cpp
[2.578s] -- Installing: /home/zhaocake/Documents/single_program/rm_hotpot_exam/Folder_2_Ros/golden_miner/install/mineral_interfaces/include/mineral_interfaces/mineral_interfaces/msg/detail/mineral__rosidl_typesupport_introspection_cpp.hpp
[2.578s] -- Installing: /home/zhaocake/Documents/single_program/rm_hotpot_exam/Folder_2_Ros/golden_miner/install/mineral_interfaces/include/mineral_interfaces/mineral_interfaces/msg/detail/mineral_array__rosidl_typesupport_introspection_cpp.hpp
[2.578s] -- Installing: /home/zhaocake/Documents/single_program/rm_hotpot_exam/Folder_2_Ros/golden_miner/install/mineral_interfaces/lib/libmineral_interfaces__rosidl_typesupport_introspection_cpp.so
[2.578s] -- Set runtime path of "/home/zhaocake/Documents/single_program/rm_hotpot_exam/Folder_2_Ros/golden_miner/install/mineral_interfaces/lib/libmineral_interfaces__rosidl_typesupport_introspection_cpp.so" to ""
[2.578s] -- Installing: /home/zhaocake/Documents/single_program/rm_hotpot_exam/Folder_2_Ros/golden_miner/install/mineral_interfaces/lib/libmineral_interfaces__rosidl_typesupport_cpp.so
[2.578s] -- Set runtime path of "/home/zhaocake/Documents/single_program/rm_hotpot_exam/Folder_2_Ros/golden_miner/install/mineral_interfaces/lib/libmineral_interfaces__rosidl_typesupport_cpp.so" to ""
[2.578s] -- Up-to-date: /home/zhaocake/Documents/single_program/rm_hotpot_exam/Folder_2_Ros/golden_miner/install/mineral_interfaces/share/mineral_interfaces/environment/pythonpath.sh
[2.578s] -- Installing: /home/zhaocake/Documents/single_program/rm_hotpot_exam/Folder_2_Ros/golden_miner/install/mineral_interfaces/share/mineral_interfaces/environment/pythonpath.dsv
[2.578s] -- Up-to-date: /home/zhaocake/Documents/single_program/rm_hotpot_exam/Folder_2_Ros/golden_miner/install/mineral_interfaces/local/lib/python3.10/dist-packages/mineral_interfaces-0.0.0-py3.10.egg-info
[2.578s] -- Installing: /home/zhaocake/Documents/single_program/rm_hotpot_exam/Folder_2_Ros/golden_miner/install/mineral_interfaces/local/lib/python3.10/dist-packages/mineral_interfaces-0.0.0-py3.10.egg-info/dependency_links.txt
[2.578s] -- Installing: /home/zhaocake/Documents/single_program/rm_hotpot_exam/Folder_2_Ros/golden_miner/install/mineral_interfaces/local/lib/python3.10/dist-packages/mineral_interfaces-0.0.0-py3.10.egg-info/top_level.txt
[2.578s] -- Installing: /home/zhaocake/Documents/single_program/rm_hotpot_exam/Folder_2_Ros/golden_miner/install/mineral_interfaces/local/lib/python3.10/dist-packages/mineral_interfaces-0.0.0-py3.10.egg-info/SOURCES.txt
[2.579s] -- Installing: /home/zhaocake/Documents/single_program/rm_hotpot_exam/Folder_2_Ros/golden_miner/install/mineral_interfaces/local/lib/python3.10/dist-packages/mineral_interfaces-0.0.0-py3.10.egg-info/PKG-INFO
[2.579s] -- Up-to-date: /home/zhaocake/Documents/single_program/rm_hotpot_exam/Folder_2_Ros/golden_miner/install/mineral_interfaces/local/lib/python3.10/dist-packages/mineral_interfaces
[2.579s] -- Installing: /home/zhaocake/Documents/single_program/rm_hotpot_exam/Folder_2_Ros/golden_miner/install/mineral_interfaces/local/lib/python3.10/dist-packages/mineral_interfaces/mineral_interfaces_s__rosidl_typesupport_c.cpython-310-x86_64-linux-gnu.so
[2.579s] -- Installing: /home/zhaocake/Documents/single_program/rm_hotpot_exam/Folder_2_Ros/golden_miner/install/mineral_interfaces/local/lib/python3.10/dist-packages/mineral_interfaces/_mineral_interfaces_s.ep.rosidl_typesupport_fastrtps_c.c
[2.579s] -- Installing: /home/zhaocake/Documents/single_program/rm_hotpot_exam/Folder_2_Ros/golden_miner/install/mineral_interfaces/local/lib/python3.10/dist-packages/mineral_interfaces/_mineral_interfaces_s.ep.rosidl_typesupport_c.c
[2.579s] -- Installing: /home/zhaocake/Documents/single_program/rm_hotpot_exam/Folder_2_Ros/golden_miner/install/mineral_interfaces/local/lib/python3.10/dist-packages/mineral_interfaces/__init__.py
[2.579s] -- Installing: /home/zhaocake/Documents/single_program/rm_hotpot_exam/Folder_2_Ros/golden_miner/install/mineral_interfaces/local/lib/python3.10/dist-packages/mineral_interfaces/_mineral_interfaces_s.ep.rosidl_typesupport_introspection_c.c
[2.579s] -- Up-to-date: /home/zhaocake/Documents/single_program/rm_hotpot_exam/Folder_2_Ros/golden_miner/install/mineral_interfaces/local/lib/python3.10/dist-packages/mineral_interfaces/msg
[2.579s] -- Installing: /home/zhaocake/Documents/single_program/rm_hotpot_exam/Folder_2_Ros/golden_miner/install/mineral_interfaces/local/lib/python3.10/dist-packages/mineral_interfaces/msg/_mineral_array_s.c
[2.579s] -- Installing: /home/zhaocake/Documents/single_program/rm_hotpot_exam/Folder_2_Ros/golden_miner/install/mineral_interfaces/local/lib/python3.10/dist-packages/mineral_interfaces/msg/_mineral_s.c
[2.579s] -- Installing: /home/zhaocake/Documents/single_program/rm_hotpot_exam/Folder_2_Ros/golden_miner/install/mineral_interfaces/local/lib/python3.10/dist-packages/mineral_interfaces/msg/__init__.py
[2.579s] -- Installing: /home/zhaocake/Documents/single_program/rm_hotpot_exam/Folder_2_Ros/golden_miner/install/mineral_interfaces/local/lib/python3.10/dist-packages/mineral_interfaces/msg/_mineral.py
[2.579s] -- Installing: /home/zhaocake/Documents/single_program/rm_hotpot_exam/Folder_2_Ros/golden_miner/install/mineral_interfaces/local/lib/python3.10/dist-packages/mineral_interfaces/msg/_mineral_array.py
[2.579s] -- Installing: /home/zhaocake/Documents/single_program/rm_hotpot_exam/Folder_2_Ros/golden_miner/install/mineral_interfaces/local/lib/python3.10/dist-packages/mineral_interfaces/mineral_interfaces_s__rosidl_typesupport_fastrtps_c.cpython-310-x86_64-linux-gnu.so
[2.579s] -- Installing: /home/zhaocake/Documents/single_program/rm_hotpot_exam/Folder_2_Ros/golden_miner/install/mineral_interfaces/local/lib/python3.10/dist-packages/mineral_interfaces/mineral_interfaces_s__rosidl_typesupport_introspection_c.cpython-310-x86_64-linux-gnu.so
[2.579s] -- Installing: /home/zhaocake/Documents/single_program/rm_hotpot_exam/Folder_2_Ros/golden_miner/install/mineral_interfaces/local/lib/python3.10/dist-packages/mineral_interfaces/libmineral_interfaces__rosidl_generator_py.so
[2.602s] Listing '/home/zhaocake/Documents/single_program/rm_hotpot_exam/Folder_2_Ros/golden_miner/install/mineral_interfaces/local/lib/python3.10/dist-packages/mineral_interfaces'...
[2.602s] Compiling '/home/zhaocake/Documents/single_program/rm_hotpot_exam/Folder_2_Ros/golden_miner/install/mineral_interfaces/local/lib/python3.10/dist-packages/mineral_interfaces/__init__.py'...
[2.602s] Listing '/home/zhaocake/Documents/single_program/rm_hotpot_exam/Folder_2_Ros/golden_miner/install/mineral_interfaces/local/lib/python3.10/dist-packages/mineral_interfaces/msg'...
[2.602s] Compiling '/home/zhaocake/Documents/single_program/rm_hotpot_exam/Folder_2_Ros/golden_miner/install/mineral_interfaces/local/lib/python3.10/dist-packages/mineral_interfaces/msg/__init__.py'...
[2.602s] Compiling '/home/zhaocake/Documents/single_program/rm_hotpot_exam/Folder_2_Ros/golden_miner/install/mineral_interfaces/local/lib/python3.10/dist-packages/mineral_interfaces/msg/_mineral.py'...
[2.602s] Compiling '/home/zhaocake/Documents/single_program/rm_hotpot_exam/Folder_2_Ros/golden_miner/install/mineral_interfaces/local/lib/python3.10/dist-packages/mineral_interfaces/msg/_mineral_array.py'...
[2.605s] -- Installing: /home/zhaocake/Documents/single_program/rm_hotpot_exam/Folder_2_Ros/golden_miner/install/mineral_interfaces/local/lib/python3.10/dist-packages/mineral_interfaces/mineral_interfaces_s__rosidl_typesupport_fastrtps_c.cpython-310-x86_64-linux-gnu.so
[2.605s] -- Set runtime path of "/home/zhaocake/Documents/single_program/rm_hotpot_exam/Folder_2_Ros/golden_miner/install/mineral_interfaces/local/lib/python3.10/dist-packages/mineral_interfaces/mineral_interfaces_s__rosidl_typesupport_fastrtps_c.cpython-310-x86_64-linux-gnu.so" to ""
[2.605s] -- Installing: /home/zhaocake/Documents/single_program/rm_hotpot_exam/Folder_2_Ros/golden_miner/install/mineral_interfaces/local/lib/python3.10/dist-packages/mineral_interfaces/mineral_interfaces_s__rosidl_typesupport_introspection_c.cpython-310-x86_64-linux-gnu.so
[2.606s] -- Set runtime path of "/home/zhaocake/Documents/single_program/rm_hotpot_exam/Folder_2_Ros/golden_miner/install/mineral_interfaces/local/lib/python3.10/dist-packages/mineral_interfaces/mineral_interfaces_s__rosidl_typesupport_introspection_c.cpython-310-x86_64-linux-gnu.so" to ""
[2.606s] -- Installing: /home/zhaocake/Documents/single_program/rm_hotpot_exam/Folder_2_Ros/golden_miner/install/mineral_interfaces/local/lib/python3.10/dist-packages/mineral_interfaces/mineral_interfaces_s__rosidl_typesupport_c.cpython-310-x86_64-linux-gnu.so
[2.606s] -- Set runtime path of "/home/zhaocake/Documents/single_program/rm_hotpot_exam/Folder_2_Ros/golden_miner/install/mineral_interfaces/local/lib/python3.10/dist-packages/mineral_interfaces/mineral_interfaces_s__rosidl_typesupport_c.cpython-310-x86_64-linux-gnu.so" to ""
[2.606s] -- Installing: /home/zhaocake/Documents/single_program/rm_hotpot_exam/Folder_2_Ros/golden_miner/install/mineral_interfaces/lib/libmineral_interfaces__rosidl_generator_py.so
[2.606s] -- Set runtime path of "/home/zhaocake/Documents/single_program/rm_hotpot_exam/Folder_2_Ros/golden_miner/install/mineral_interfaces/lib/libmineral_interfaces__rosidl_generator_py.so" to ""
[2.606s] -- Up-to-date: /home/zhaocake/Documents/single_program/rm_hotpot_exam/Folder_2_Ros/golden_miner/install/mineral_interfaces/share/mineral_interfaces/msg/Mineral.idl
[2.607s] -- Installing: /home/zhaocake/Documents/single_program/rm_hotpot_exam/Folder_2_Ros/golden_miner/install/mineral_interfaces/share/mineral_interfaces/msg/MineralArray.idl
[2.607s] -- Up-to-date: /home/zhaocake/Documents/single_program/rm_hotpot_exam/Folder_2_Ros/golden_miner/install/mineral_interfaces/share/mineral_interfaces/msg/Mineral.msg
[2.607s] -- Installing: /home/zhaocake/Documents/single_program/rm_hotpot_exam/Folder_2_Ros/golden_miner/install/mineral_interfaces/share/mineral_interfaces/msg/MineralArray.msg
[2.607s] -- Up-to-date: /home/zhaocake/Documents/single_program/rm_hotpot_exam/Folder_2_Ros/golden_miner/install/mineral_interfaces/share/ament_index/resource_index/package_run_dependencies/mineral_interfaces
[2.607s] -- Installing: /home/zhaocake/Documents/single_program/rm_hotpot_exam/Folder_2_Ros/golden_miner/install/mineral_interfaces/share/ament_index/resource_index/parent_prefix_path/mineral_interfaces
[2.607s] -- Up-to-date: /home/zhaocake/Documents/single_program/rm_hotpot_exam/Folder_2_Ros/golden_miner/install/mineral_interfaces/share/mineral_interfaces/environment/ament_prefix_path.sh
[2.607s] -- Installing: /home/zhaocake/Documents/single_program/rm_hotpot_exam/Folder_2_Ros/golden_miner/install/mineral_interfaces/share/mineral_interfaces/environment/ament_prefix_path.dsv
[2.607s] -- Up-to-date: /home/zhaocake/Documents/single_program/rm_hotpot_exam/Folder_2_Ros/golden_miner/install/mineral_interfaces/share/mineral_interfaces/environment/path.sh
[2.607s] -- Installing: /home/zhaocake/Documents/single_program/rm_hotpot_exam/Folder_2_Ros/golden_miner/install/mineral_interfaces/share/mineral_interfaces/environment/path.dsv
[2.607s] -- Up-to-date: /home/zhaocake/Documents/single_program/rm_hotpot_exam/Folder_2_Ros/golden_miner/install/mineral_interfaces/share/mineral_interfaces/local_setup.bash
[2.607s] -- Up-to-date: /home/zhaocake/Documents/single_program/rm_hotpot_exam/Folder_2_Ros/golden_miner/install/mineral_interfaces/share/mineral_interfaces/local_setup.sh
[2.607s] -- Up-to-date: /home/zhaocake/Documents/single_program/rm_hotpot_exam/Folder_2_Ros/golden_miner/install/mineral_interfaces/share/mineral_interfaces/local_setup.zsh
[2.608s] -- Installing: /home/zhaocake/Documents/single_program/rm_hotpot_exam/Folder_2_Ros/golden_miner/install/mineral_interfaces/share/mineral_interfaces/local_setup.dsv
[2.608s] -- Installing: /home/zhaocake/Documents/single_program/rm_hotpot_exam/Folder_2_Ros/golden_miner/install/mineral_interfaces/share/mineral_interfaces/package.dsv
[2.608s] -- Up-to-date: /home/zhaocake/Documents/single_program/rm_hotpot_exam/Folder_2_Ros/golden_miner/install/mineral_interfaces/share/ament_index/resource_index/packages/mineral_interfaces
[2.608s] -- Up-to-date: /home/zhaocake/Documents/single_program/rm_hotpot_exam/Folder_2_Ros/golden_miner/install/mineral_interfaces/share/mineral_interfaces/cmake/export_mineral_interfaces__rosidl_generator_cExport.cmake
[2.608s] -- Up-to-date: /home/zhaocake/Documents/single_program/rm_hotpot_exam/Folder_2_Ros/golden_miner/install/mineral_interfaces/share/mineral_interfaces/cmake/export_mineral_interfaces__rosidl_generator_cExport-noconfig.cmake
[2.608s] -- Up-to-date: /home/zhaocake/Documents/single_program/rm_hotpot_exam/Folder_2_Ros/golden_miner/install/mineral_interfaces/share/mineral_interfaces/cmake/export_mineral_interfaces__rosidl_typesupport_fastrtps_cExport.cmake
[2.608s] -- Up-to-date: /home/zhaocake/Documents/single_program/rm_hotpot_exam/Folder_2_Ros/golden_miner/install/mineral_interfaces/share/mineral_interfaces/cmake/export_mineral_interfaces__rosidl_typesupport_fastrtps_cExport-noconfig.cmake
[2.608s] -- Up-to-date: /home/zhaocake/Documents/single_program/rm_hotpot_exam/Folder_2_Ros/golden_miner/install/mineral_interfaces/share/mineral_interfaces/cmake/export_mineral_interfaces__rosidl_generator_cppExport.cmake
[2.608s] -- Up-to-date: /home/zhaocake/Documents/single_program/rm_hotpot_exam/Folder_2_Ros/golden_miner/install/mineral_interfaces/share/mineral_interfaces/cmake/export_mineral_interfaces__rosidl_typesupport_fastrtps_cppExport.cmake
[2.608s] -- Up-to-date: /home/zhaocake/Documents/single_program/rm_hotpot_exam/Folder_2_Ros/golden_miner/install/mineral_interfaces/share/mineral_interfaces/cmake/export_mineral_interfaces__rosidl_typesupport_fastrtps_cppExport-noconfig.cmake
[2.608s] -- Up-to-date: /home/zhaocake/Documents/single_program/rm_hotpot_exam/Folder_2_Ros/golden_miner/install/mineral_interfaces/share/mineral_interfaces/cmake/mineral_interfaces__rosidl_typesupport_introspection_cExport.cmake
[2.608s] -- Up-to-date: /home/zhaocake/Documents/single_program/rm_hotpot_exam/Folder_2_Ros/golden_miner/install/mineral_interfaces/share/mineral_interfaces/cmake/mineral_interfaces__rosidl_typesupport_introspection_cExport-noconfig.cmake
[2.608s] -- Up-to-date: /home/zhaocake/Documents/single_program/rm_hotpot_exam/Folder_2_Ros/golden_miner/install/mineral_interfaces/share/mineral_interfaces/cmake/mineral_interfaces__rosidl_typesupport_cExport.cmake
[2.608s] -- Up-to-date: /home/zhaocake/Documents/single_program/rm_hotpot_exam/Folder_2_Ros/golden_miner/install/mineral_interfaces/share/mineral_interfaces/cmake/mineral_interfaces__rosidl_typesupport_cExport-noconfig.cmake
[2.609s] -- Up-to-date: /home/zhaocake/Documents/single_program/rm_hotpot_exam/Folder_2_Ros/golden_miner/install/mineral_interfaces/share/mineral_interfaces/cmake/mineral_interfaces__rosidl_typesupport_introspection_cppExport.cmake
[2.609s] -- Up-to-date: /home/zhaocake/Documents/single_program/rm_hotpot_exam/Folder_2_Ros/golden_miner/install/mineral_interfaces/share/mineral_interfaces/cmake/mineral_interfaces__rosidl_typesupport_introspection_cppExport-noconfig.cmake
[2.609s] -- Up-to-date: /home/zhaocake/Documents/single_program/rm_hotpot_exam/Folder_2_Ros/golden_miner/install/mineral_interfaces/share/mineral_interfaces/cmake/mineral_interfaces__rosidl_typesupport_cppExport.cmake
[2.609s] -- Up-to-date: /home/zhaocake/Documents/single_program/rm_hotpot_exam/Folder_2_Ros/golden_miner/install/mineral_interfaces/share/mineral_interfaces/cmake/mineral_interfaces__rosidl_typesupport_cppExport-noconfig.cmake
[2.609s] -- Up-to-date: /home/zhaocake/Documents/single_program/rm_hotpot_exam/Folder_2_Ros/golden_miner/install/mineral_interfaces/share/mineral_interfaces/cmake/export_mineral_interfaces__rosidl_generator_pyExport.cmake
[2.609s] -- Up-to-date: /home/zhaocake/Documents/single_program/rm_hotpot_exam/Folder_2_Ros/golden_miner/install/mineral_interfaces/share/mineral_interfaces/cmake/export_mineral_interfaces__rosidl_generator_pyExport-noconfig.cmake
[2.609s] -- Installing: /home/zhaocake/Documents/single_program/rm_hotpot_exam/Folder_2_Ros/golden_miner/install/mineral_interfaces/share/mineral_interfaces/cmake/rosidl_cmake-extras.cmake
[2.609s] -- Up-to-date: /home/zhaocake/Documents/single_program/rm_hotpot_exam/Folder_2_Ros/golden_miner/install/mineral_interfaces/share/mineral_interfaces/cmake/ament_cmake_export_dependencies-extras.cmake
[2.609s] -- Up-to-date: /home/zhaocake/Documents/single_program/rm_hotpot_exam/Folder_2_Ros/golden_miner/install/mineral_interfaces/share/mineral_interfaces/cmake/ament_cmake_export_include_directories-extras.cmake
[2.609s] -- Up-to-date: /home/zhaocake/Documents/single_program/rm_hotpot_exam/Folder_2_Ros/golden_miner/install/mineral_interfaces/share/mineral_interfaces/cmake/ament_cmake_export_libraries-extras.cmake
[2.609s] -- Up-to-date: /home/zhaocake/Documents/single_program/rm_hotpot_exam/Folder_2_Ros/golden_miner/install/mineral_interfaces/share/mineral_interfaces/cmake/ament_cmake_export_targets-extras.cmake
[2.609s] -- Up-to-date: /home/zhaocake/Documents/single_program/rm_hotpot_exam/Folder_2_Ros/golden_miner/install/mineral_interfaces/share/mineral_interfaces/cmake/rosidl_cmake_export_typesupport_targets-extras.cmake
[2.609s] -- Up-to-date: /home/zhaocake/Documents/single_program/rm_hotpot_exam/Folder_2_Ros/golden_miner/install/mineral_interfaces/share/mineral_interfaces/cmake/rosidl_cmake_export_typesupport_libraries-extras.cmake
[2.610s] -- Up-to-date: /home/zhaocake/Documents/single_program/rm_hotpot_exam/Folder_2_Ros/golden_miner/install/mineral_interfaces/share/mineral_interfaces/cmake/mineral_interfacesConfig.cmake
[2.610s] -- Up-to-date: /home/zhaocake/Documents/single_program/rm_hotpot_exam/Folder_2_Ros/golden_miner/install/mineral_interfaces/share/mineral_interfaces/cmake/mineral_interfacesConfig-version.cmake
[2.610s] -- Up-to-date: /home/zhaocake/Documents/single_program/rm_hotpot_exam/Folder_2_Ros/golden_miner/install/mineral_interfaces/share/mineral_interfaces/package.xml
[2.612s] Invoked command in '/home/zhaocake/Documents/single_program/rm_hotpot_exam/Folder_2_Ros/golden_miner/build/mineral_interfaces' returned '0': CMAKE_PREFIX_PATH=${CMAKE_PREFIX_PATH}:/opt/ros/humble /usr/bin/cmake --install /home/zhaocake/Documents/single_program/rm_hotpot_exam/Folder_2_Ros/golden_miner/build/mineral_interfaces
