[0.009s] Invoking command in '/home/zhaocake/Documents/single_program/rm_hotpot_exam/Folder_2_Ros/golden_miner/build/mineral_interfaces': CMAKE_PREFIX_PATH=/opt/ros/humble /usr/bin/cmake /home/zhaocake/Documents/single_program/rm_hotpot_exam/Folder_2_Ros/golden_miner/src/mineral_interfaces -DCMAKE_INSTALL_PREFIX=/home/zhaocake/Documents/single_program/rm_hotpot_exam/Folder_2_Ros/golden_miner/install/mineral_interfaces
[0.070s] -- The C compiler identification is GNU 11.4.0
[0.120s] -- The CXX compiler identification is GNU 11.4.0
[0.127s] -- Detecting C compiler ABI info
[0.176s] -- Detecting C compiler ABI info - done
[0.181s] -- Check for working C compiler: /usr/bin/cc - skipped
[0.182s] -- Detecting C compile features
[0.182s] -- Detecting C compile features - done
[0.185s] -- Detecting CXX compiler ABI info
[0.238s] -- Detecting CXX compiler ABI info - done
[0.243s] -- Check for working CXX compiler: /usr/bin/c++ - skipped
[0.243s] -- Detecting CXX compile features
[0.243s] -- Detecting CXX compile features - done
[0.247s] -- Found ament_cmake: 1.3.5 (/opt/ros/humble/share/ament_cmake/cmake)
[0.362s] -- Found Python3: /usr/bin/python3.10 (found version "3.10.12") found components: Interpreter 
[0.425s] [31mCMake Error at CMakeLists.txt:14 (rosidl_generate_interfaces):
[0.426s]   Unknown CMake command "rosidl_generate_interfaces".
[0.426s] 
[0.426s] [0m
[0.426s] -- Configuring incomplete, errors occurred!
[0.426s] See also "/home/zhaocake/Documents/single_program/rm_hotpot_exam/Folder_2_Ros/golden_miner/build/mineral_interfaces/CMakeFiles/CMakeOutput.log".
[0.429s] Invoked command in '/home/zhaocake/Documents/single_program/rm_hotpot_exam/Folder_2_Ros/golden_miner/build/mineral_interfaces' returned '1': CMAKE_PREFIX_PATH=/opt/ros/humble /usr/bin/cmake /home/zhaocake/Documents/single_program/rm_hotpot_exam/Folder_2_Ros/golden_miner/src/mineral_interfaces -DCMAKE_INSTALL_PREFIX=/home/zhaocake/Documents/single_program/rm_hotpot_exam/Folder_2_Ros/golden_miner/install/mineral_interfaces
