[0.231s] DEBUG:colcon:Command line arguments: ['/usr/bin/colcon', 'build', '--packages-select', 'au_interfaces']
[0.231s] DEBUG:colcon:Parsed command line arguments: Namespace(log_base=None, log_level=None, verb_name='build', build_base='build', install_base='install', merge_install=False, symlink_install=False, test_result_base=None, continue_on_error=False, executor='parallel', parallel_workers=8, event_handlers=None, ignore_user_meta=False, metas=['./colcon.meta'], base_paths=['.'], packages_ignore=None, packages_ignore_regex=None, paths=None, packages_up_to=None, packages_up_to_regex=None, packages_above=None, packages_above_and_dependencies=None, packages_above_depth=None, packages_select_by_dep=None, packages_skip_by_dep=None, packages_skip_up_to=None, packages_select_build_failed=False, packages_skip_build_finished=False, packages_select_test_failures=False, packages_skip_test_passed=False, packages_select=['au_interfaces'], packages_skip=None, packages_select_regex=None, packages_skip_regex=None, packages_start=None, packages_end=None, allow_overriding=[], cmake_args=None, cmake_target=None, cmake_target_skip_unavailable=False, cmake_clean_cache=False, cmake_clean_first=False, cmake_force_configure=False, ament_cmake_args=None, catkin_cmake_args=None, catkin_skip_building_tests=False, verb_parser=<colcon_defaults.argument_parser.defaults.DefaultArgumentsDecorator object at 0x7f64e32e3f70>, verb_extension=<colcon_core.verb.build.BuildVerb object at 0x7f64e3a7c640>, main=<bound method BuildVerb.main of <colcon_core.verb.build.BuildVerb object at 0x7f64e3a7c640>>)
[0.247s] Level 1:colcon.colcon_core.package_discovery:discover_packages(colcon_meta) check parameters
[0.248s] Level 1:colcon.colcon_core.package_discovery:discover_packages(recursive) check parameters
[0.248s] Level 1:colcon.colcon_core.package_discovery:discover_packages(ignore) check parameters
[0.248s] Level 1:colcon.colcon_core.package_discovery:discover_packages(path) check parameters
[0.248s] Level 1:colcon.colcon_core.package_discovery:discover_packages(colcon_meta) discover
[0.248s] Level 1:colcon.colcon_core.package_discovery:discover_packages(recursive) discover
[0.248s] INFO:colcon.colcon_core.package_discovery:Crawling recursively for packages in '/home/zhaocake/Documents/single_program/rm_hotpot_exam/Folder_2_Ros/Au_miner'
[0.248s] Level 1:colcon.colcon_core.package_identification:_identify(.) by extensions ['ignore', 'ignore_ament_install']
[0.248s] Level 1:colcon.colcon_core.package_identification:_identify(.) by extension 'ignore'
[0.248s] Level 1:colcon.colcon_core.package_identification:_identify(.) by extension 'ignore_ament_install'
[0.248s] Level 1:colcon.colcon_core.package_identification:_identify(.) by extensions ['colcon_pkg']
[0.248s] Level 1:colcon.colcon_core.package_identification:_identify(.) by extension 'colcon_pkg'
[0.248s] Level 1:colcon.colcon_core.package_identification:_identify(.) by extensions ['colcon_meta']
[0.248s] Level 1:colcon.colcon_core.package_identification:_identify(.) by extension 'colcon_meta'
[0.248s] Level 1:colcon.colcon_core.package_identification:_identify(.) by extensions ['ros']
[0.248s] Level 1:colcon.colcon_core.package_identification:_identify(.) by extension 'ros'
[0.255s] Level 1:colcon.colcon_core.package_identification:_identify(.) by extensions ['cmake', 'python']
[0.255s] Level 1:colcon.colcon_core.package_identification:_identify(.) by extension 'cmake'
[0.255s] Level 1:colcon.colcon_core.package_identification:_identify(.) by extension 'python'
[0.255s] Level 1:colcon.colcon_core.package_identification:_identify(.) by extensions ['python_setup_py']
[0.255s] Level 1:colcon.colcon_core.package_identification:_identify(.) by extension 'python_setup_py'
[0.256s] Level 1:colcon.colcon_core.package_identification:_identify(build) by extensions ['ignore', 'ignore_ament_install']
[0.256s] Level 1:colcon.colcon_core.package_identification:_identify(build) by extension 'ignore'
[0.256s] Level 1:colcon.colcon_core.package_identification:_identify(build) ignored
[0.256s] Level 1:colcon.colcon_core.package_identification:_identify(install) by extensions ['ignore', 'ignore_ament_install']
[0.256s] Level 1:colcon.colcon_core.package_identification:_identify(install) by extension 'ignore'
[0.256s] Level 1:colcon.colcon_core.package_identification:_identify(install) ignored
[0.256s] Level 1:colcon.colcon_core.package_identification:_identify(log) by extensions ['ignore', 'ignore_ament_install']
[0.256s] Level 1:colcon.colcon_core.package_identification:_identify(log) by extension 'ignore'
[0.256s] Level 1:colcon.colcon_core.package_identification:_identify(log) ignored
[0.256s] Level 1:colcon.colcon_core.package_identification:_identify(src) by extensions ['ignore', 'ignore_ament_install']
[0.256s] Level 1:colcon.colcon_core.package_identification:_identify(src) by extension 'ignore'
[0.256s] Level 1:colcon.colcon_core.package_identification:_identify(src) by extension 'ignore_ament_install'
[0.256s] Level 1:colcon.colcon_core.package_identification:_identify(src) by extensions ['colcon_pkg']
[0.256s] Level 1:colcon.colcon_core.package_identification:_identify(src) by extension 'colcon_pkg'
[0.256s] Level 1:colcon.colcon_core.package_identification:_identify(src) by extensions ['colcon_meta']
[0.256s] Level 1:colcon.colcon_core.package_identification:_identify(src) by extension 'colcon_meta'
[0.256s] Level 1:colcon.colcon_core.package_identification:_identify(src) by extensions ['ros']
[0.256s] Level 1:colcon.colcon_core.package_identification:_identify(src) by extension 'ros'
[0.256s] Level 1:colcon.colcon_core.package_identification:_identify(src) by extensions ['cmake', 'python']
[0.256s] Level 1:colcon.colcon_core.package_identification:_identify(src) by extension 'cmake'
[0.256s] Level 1:colcon.colcon_core.package_identification:_identify(src) by extension 'python'
[0.256s] Level 1:colcon.colcon_core.package_identification:_identify(src) by extensions ['python_setup_py']
[0.256s] Level 1:colcon.colcon_core.package_identification:_identify(src) by extension 'python_setup_py'
[0.256s] Level 1:colcon.colcon_core.package_identification:_identify(src/au_interfaces) by extensions ['ignore', 'ignore_ament_install']
[0.256s] Level 1:colcon.colcon_core.package_identification:_identify(src/au_interfaces) by extension 'ignore'
[0.256s] Level 1:colcon.colcon_core.package_identification:_identify(src/au_interfaces) by extension 'ignore_ament_install'
[0.256s] Level 1:colcon.colcon_core.package_identification:_identify(src/au_interfaces) by extensions ['colcon_pkg']
[0.256s] Level 1:colcon.colcon_core.package_identification:_identify(src/au_interfaces) by extension 'colcon_pkg'
[0.256s] Level 1:colcon.colcon_core.package_identification:_identify(src/au_interfaces) by extensions ['colcon_meta']
[0.257s] Level 1:colcon.colcon_core.package_identification:_identify(src/au_interfaces) by extension 'colcon_meta'
[0.257s] Level 1:colcon.colcon_core.package_identification:_identify(src/au_interfaces) by extensions ['ros']
[0.257s] Level 1:colcon.colcon_core.package_identification:_identify(src/au_interfaces) by extension 'ros'
[0.258s] DEBUG:colcon.colcon_core.package_identification:Package 'src/au_interfaces' with type 'ros.ament_cmake' and name 'au_interfaces'
[0.258s] Level 1:colcon.colcon_core.package_discovery:discover_packages(recursive) using defaults
[0.258s] Level 1:colcon.colcon_core.package_discovery:discover_packages(ignore) discover
[0.258s] Level 1:colcon.colcon_core.package_discovery:discover_packages(ignore) using defaults
[0.258s] Level 1:colcon.colcon_core.package_discovery:discover_packages(path) discover
[0.258s] Level 1:colcon.colcon_core.package_discovery:discover_packages(path) using defaults
[0.276s] Level 1:colcon.colcon_core.package_discovery:discover_packages(prefix_path) check parameters
[0.276s] Level 1:colcon.colcon_core.package_discovery:discover_packages(prefix_path) discover
[0.278s] DEBUG:colcon.colcon_installed_package_information.package_discovery:Found 1 installed packages in /home/zhaocake/Documents/single_program/rm_hotpot_exam/Folder_2_Ros/Au_miner/install
[0.280s] DEBUG:colcon.colcon_installed_package_information.package_discovery:Found 384 installed packages in /opt/ros/humble
[0.281s] Level 1:colcon.colcon_core.package_discovery:discover_packages(prefix_path) using defaults
[0.322s] Level 5:colcon.colcon_core.verb:set package 'au_interfaces' build argument 'cmake_args' from command line to 'None'
[0.322s] Level 5:colcon.colcon_core.verb:set package 'au_interfaces' build argument 'cmake_target' from command line to 'None'
[0.322s] Level 5:colcon.colcon_core.verb:set package 'au_interfaces' build argument 'cmake_target_skip_unavailable' from command line to 'False'
[0.322s] Level 5:colcon.colcon_core.verb:set package 'au_interfaces' build argument 'cmake_clean_cache' from command line to 'False'
[0.322s] Level 5:colcon.colcon_core.verb:set package 'au_interfaces' build argument 'cmake_clean_first' from command line to 'False'
[0.322s] Level 5:colcon.colcon_core.verb:set package 'au_interfaces' build argument 'cmake_force_configure' from command line to 'False'
[0.322s] Level 5:colcon.colcon_core.verb:set package 'au_interfaces' build argument 'ament_cmake_args' from command line to 'None'
[0.322s] Level 5:colcon.colcon_core.verb:set package 'au_interfaces' build argument 'catkin_cmake_args' from command line to 'None'
[0.322s] Level 5:colcon.colcon_core.verb:set package 'au_interfaces' build argument 'catkin_skip_building_tests' from command line to 'False'
[0.322s] DEBUG:colcon.colcon_core.verb:Building package 'au_interfaces' with the following arguments: {'ament_cmake_args': None, 'build_base': '/home/zhaocake/Documents/single_program/rm_hotpot_exam/Folder_2_Ros/Au_miner/build/au_interfaces', 'catkin_cmake_args': None, 'catkin_skip_building_tests': False, 'cmake_args': None, 'cmake_clean_cache': False, 'cmake_clean_first': False, 'cmake_force_configure': False, 'cmake_target': None, 'cmake_target_skip_unavailable': False, 'install_base': '/home/zhaocake/Documents/single_program/rm_hotpot_exam/Folder_2_Ros/Au_miner/install/au_interfaces', 'merge_install': False, 'path': '/home/zhaocake/Documents/single_program/rm_hotpot_exam/Folder_2_Ros/Au_miner/src/au_interfaces', 'symlink_install': False, 'test_result_base': None}
[0.323s] INFO:colcon.colcon_core.executor:Executing jobs using 'parallel' executor
[0.327s] DEBUG:colcon.colcon_parallel_executor.executor.parallel:run_until_complete
[0.328s] INFO:colcon.colcon_ros.task.ament_cmake.build:Building ROS package in '/home/zhaocake/Documents/single_program/rm_hotpot_exam/Folder_2_Ros/Au_miner/src/au_interfaces' with build type 'ament_cmake'
[0.328s] INFO:colcon.colcon_cmake.task.cmake.build:Building CMake package in '/home/zhaocake/Documents/single_program/rm_hotpot_exam/Folder_2_Ros/Au_miner/src/au_interfaces'
[0.331s] INFO:colcon.colcon_core.plugin_system:Skipping extension 'colcon_core.shell.bat': Not used on non-Windows systems
[0.331s] INFO:colcon.colcon_core.shell:Skip shell extension 'powershell' for command environment: Not usable outside of PowerShell
[0.331s] DEBUG:colcon.colcon_core.shell:Skip shell extension 'dsv' for command environment
[0.342s] DEBUG:colcon.colcon_core.event_handler.log_command:Invoking command in '/home/zhaocake/Documents/single_program/rm_hotpot_exam/Folder_2_Ros/Au_miner/build/au_interfaces': CMAKE_PREFIX_PATH=${CMAKE_PREFIX_PATH}:/opt/ros/humble /usr/bin/cmake --build /home/zhaocake/Documents/single_program/rm_hotpot_exam/Folder_2_Ros/Au_miner/build/au_interfaces -- -j8 -l8
[3.906s] DEBUG:colcon.colcon_core.event_handler.log_command:Invoked command in '/home/zhaocake/Documents/single_program/rm_hotpot_exam/Folder_2_Ros/Au_miner/build/au_interfaces' returned '0': CMAKE_PREFIX_PATH=${CMAKE_PREFIX_PATH}:/opt/ros/humble /usr/bin/cmake --build /home/zhaocake/Documents/single_program/rm_hotpot_exam/Folder_2_Ros/Au_miner/build/au_interfaces -- -j8 -l8
[3.961s] DEBUG:colcon.colcon_core.event_handler.log_command:Invoking command in '/home/zhaocake/Documents/single_program/rm_hotpot_exam/Folder_2_Ros/Au_miner/build/au_interfaces': CMAKE_PREFIX_PATH=${CMAKE_PREFIX_PATH}:/opt/ros/humble /usr/bin/cmake --install /home/zhaocake/Documents/single_program/rm_hotpot_exam/Folder_2_Ros/Au_miner/build/au_interfaces
[4.008s] Level 1:colcon.colcon_core.environment:create_environment_scripts_only(au_interfaces)
[4.010s] DEBUG:colcon.colcon_core.event_handler.log_command:Invoked command in '/home/zhaocake/Documents/single_program/rm_hotpot_exam/Folder_2_Ros/Au_miner/build/au_interfaces' returned '0': CMAKE_PREFIX_PATH=${CMAKE_PREFIX_PATH}:/opt/ros/humble /usr/bin/cmake --install /home/zhaocake/Documents/single_program/rm_hotpot_exam/Folder_2_Ros/Au_miner/build/au_interfaces
[4.015s] Level 1:colcon.colcon_core.environment:checking '/home/zhaocake/Documents/single_program/rm_hotpot_exam/Folder_2_Ros/Au_miner/install/au_interfaces' for CMake module files
[4.016s] Level 1:colcon.colcon_core.environment:checking '/home/zhaocake/Documents/single_program/rm_hotpot_exam/Folder_2_Ros/Au_miner/install/au_interfaces' for CMake config files
[4.016s] Level 1:colcon.colcon_core.shell:create_environment_hook('au_interfaces', 'cmake_prefix_path')
[4.019s] INFO:colcon.colcon_core.shell:Creating environment hook '/home/zhaocake/Documents/single_program/rm_hotpot_exam/Folder_2_Ros/Au_miner/install/au_interfaces/share/au_interfaces/hook/cmake_prefix_path.ps1'
[4.020s] INFO:colcon.colcon_core.shell:Creating environment descriptor '/home/zhaocake/Documents/single_program/rm_hotpot_exam/Folder_2_Ros/Au_miner/install/au_interfaces/share/au_interfaces/hook/cmake_prefix_path.dsv'
[4.020s] INFO:colcon.colcon_core.shell:Creating environment hook '/home/zhaocake/Documents/single_program/rm_hotpot_exam/Folder_2_Ros/Au_miner/install/au_interfaces/share/au_interfaces/hook/cmake_prefix_path.sh'
[4.021s] Level 1:colcon.colcon_core.environment:checking '/home/zhaocake/Documents/single_program/rm_hotpot_exam/Folder_2_Ros/Au_miner/install/au_interfaces/lib'
[4.021s] Level 1:colcon.colcon_core.shell:create_environment_hook('au_interfaces', 'ld_library_path_lib')
[4.023s] INFO:colcon.colcon_core.shell:Creating environment hook '/home/zhaocake/Documents/single_program/rm_hotpot_exam/Folder_2_Ros/Au_miner/install/au_interfaces/share/au_interfaces/hook/ld_library_path_lib.ps1'
[4.023s] INFO:colcon.colcon_core.shell:Creating environment descriptor '/home/zhaocake/Documents/single_program/rm_hotpot_exam/Folder_2_Ros/Au_miner/install/au_interfaces/share/au_interfaces/hook/ld_library_path_lib.dsv'
[4.024s] INFO:colcon.colcon_core.shell:Creating environment hook '/home/zhaocake/Documents/single_program/rm_hotpot_exam/Folder_2_Ros/Au_miner/install/au_interfaces/share/au_interfaces/hook/ld_library_path_lib.sh'
[4.024s] Level 1:colcon.colcon_core.environment:checking '/home/zhaocake/Documents/single_program/rm_hotpot_exam/Folder_2_Ros/Au_miner/install/au_interfaces/bin'
[4.024s] Level 1:colcon.colcon_core.environment:checking '/home/zhaocake/Documents/single_program/rm_hotpot_exam/Folder_2_Ros/Au_miner/install/au_interfaces/lib/pkgconfig/au_interfaces.pc'
[4.024s] Level 1:colcon.colcon_core.environment:checking '/home/zhaocake/Documents/single_program/rm_hotpot_exam/Folder_2_Ros/Au_miner/install/au_interfaces/lib/python3.10/site-packages'
[4.024s] Level 1:colcon.colcon_core.environment:checking '/home/zhaocake/Documents/single_program/rm_hotpot_exam/Folder_2_Ros/Au_miner/install/au_interfaces/bin'
[4.026s] INFO:colcon.colcon_core.shell:Creating package script '/home/zhaocake/Documents/single_program/rm_hotpot_exam/Folder_2_Ros/Au_miner/install/au_interfaces/share/au_interfaces/package.ps1'
[4.026s] INFO:colcon.colcon_core.shell:Creating package descriptor '/home/zhaocake/Documents/single_program/rm_hotpot_exam/Folder_2_Ros/Au_miner/install/au_interfaces/share/au_interfaces/package.dsv'
[4.027s] INFO:colcon.colcon_core.shell:Creating package script '/home/zhaocake/Documents/single_program/rm_hotpot_exam/Folder_2_Ros/Au_miner/install/au_interfaces/share/au_interfaces/package.sh'
[4.027s] INFO:colcon.colcon_core.shell:Creating package script '/home/zhaocake/Documents/single_program/rm_hotpot_exam/Folder_2_Ros/Au_miner/install/au_interfaces/share/au_interfaces/package.bash'
[4.028s] INFO:colcon.colcon_core.shell:Creating package script '/home/zhaocake/Documents/single_program/rm_hotpot_exam/Folder_2_Ros/Au_miner/install/au_interfaces/share/au_interfaces/package.zsh'
[4.028s] Level 1:colcon.colcon_core.environment:create_file_with_runtime_dependencies(/home/zhaocake/Documents/single_program/rm_hotpot_exam/Folder_2_Ros/Au_miner/install/au_interfaces/share/colcon-core/packages/au_interfaces)
[4.078s] Level 1:colcon.colcon_core.environment:create_environment_scripts_only(au_interfaces)
[4.081s] Level 1:colcon.colcon_core.environment:checking '/home/zhaocake/Documents/single_program/rm_hotpot_exam/Folder_2_Ros/Au_miner/install/au_interfaces' for CMake module files
[4.081s] Level 1:colcon.colcon_core.environment:checking '/home/zhaocake/Documents/single_program/rm_hotpot_exam/Folder_2_Ros/Au_miner/install/au_interfaces' for CMake config files
[4.082s] Level 1:colcon.colcon_core.shell:create_environment_hook('au_interfaces', 'cmake_prefix_path')
[4.083s] INFO:colcon.colcon_core.shell:Creating environment hook '/home/zhaocake/Documents/single_program/rm_hotpot_exam/Folder_2_Ros/Au_miner/install/au_interfaces/share/au_interfaces/hook/cmake_prefix_path.ps1'
[4.084s] INFO:colcon.colcon_core.shell:Creating environment descriptor '/home/zhaocake/Documents/single_program/rm_hotpot_exam/Folder_2_Ros/Au_miner/install/au_interfaces/share/au_interfaces/hook/cmake_prefix_path.dsv'
[4.084s] INFO:colcon.colcon_core.shell:Creating environment hook '/home/zhaocake/Documents/single_program/rm_hotpot_exam/Folder_2_Ros/Au_miner/install/au_interfaces/share/au_interfaces/hook/cmake_prefix_path.sh'
[4.084s] Level 1:colcon.colcon_core.environment:checking '/home/zhaocake/Documents/single_program/rm_hotpot_exam/Folder_2_Ros/Au_miner/install/au_interfaces/lib'
[4.084s] Level 1:colcon.colcon_core.shell:create_environment_hook('au_interfaces', 'ld_library_path_lib')
[4.086s] INFO:colcon.colcon_core.shell:Creating environment hook '/home/zhaocake/Documents/single_program/rm_hotpot_exam/Folder_2_Ros/Au_miner/install/au_interfaces/share/au_interfaces/hook/ld_library_path_lib.ps1'
[4.086s] INFO:colcon.colcon_core.shell:Creating environment descriptor '/home/zhaocake/Documents/single_program/rm_hotpot_exam/Folder_2_Ros/Au_miner/install/au_interfaces/share/au_interfaces/hook/ld_library_path_lib.dsv'
[4.086s] INFO:colcon.colcon_core.shell:Creating environment hook '/home/zhaocake/Documents/single_program/rm_hotpot_exam/Folder_2_Ros/Au_miner/install/au_interfaces/share/au_interfaces/hook/ld_library_path_lib.sh'
[4.087s] Level 1:colcon.colcon_core.environment:checking '/home/zhaocake/Documents/single_program/rm_hotpot_exam/Folder_2_Ros/Au_miner/install/au_interfaces/bin'
[4.087s] Level 1:colcon.colcon_core.environment:checking '/home/zhaocake/Documents/single_program/rm_hotpot_exam/Folder_2_Ros/Au_miner/install/au_interfaces/lib/pkgconfig/au_interfaces.pc'
[4.087s] Level 1:colcon.colcon_core.environment:checking '/home/zhaocake/Documents/single_program/rm_hotpot_exam/Folder_2_Ros/Au_miner/install/au_interfaces/lib/python3.10/site-packages'
[4.087s] Level 1:colcon.colcon_core.environment:checking '/home/zhaocake/Documents/single_program/rm_hotpot_exam/Folder_2_Ros/Au_miner/install/au_interfaces/bin'
[4.089s] INFO:colcon.colcon_core.shell:Creating package script '/home/zhaocake/Documents/single_program/rm_hotpot_exam/Folder_2_Ros/Au_miner/install/au_interfaces/share/au_interfaces/package.ps1'
[4.089s] INFO:colcon.colcon_core.shell:Creating package descriptor '/home/zhaocake/Documents/single_program/rm_hotpot_exam/Folder_2_Ros/Au_miner/install/au_interfaces/share/au_interfaces/package.dsv'
[4.089s] INFO:colcon.colcon_core.shell:Creating package script '/home/zhaocake/Documents/single_program/rm_hotpot_exam/Folder_2_Ros/Au_miner/install/au_interfaces/share/au_interfaces/package.sh'
[4.090s] INFO:colcon.colcon_core.shell:Creating package script '/home/zhaocake/Documents/single_program/rm_hotpot_exam/Folder_2_Ros/Au_miner/install/au_interfaces/share/au_interfaces/package.bash'
[4.090s] INFO:colcon.colcon_core.shell:Creating package script '/home/zhaocake/Documents/single_program/rm_hotpot_exam/Folder_2_Ros/Au_miner/install/au_interfaces/share/au_interfaces/package.zsh'
[4.090s] Level 1:colcon.colcon_core.environment:create_file_with_runtime_dependencies(/home/zhaocake/Documents/single_program/rm_hotpot_exam/Folder_2_Ros/Au_miner/install/au_interfaces/share/colcon-core/packages/au_interfaces)
[4.090s] DEBUG:colcon.colcon_parallel_executor.executor.parallel:closing loop
[4.090s] DEBUG:colcon.colcon_parallel_executor.executor.parallel:loop closed
[4.090s] DEBUG:colcon.colcon_parallel_executor.executor.parallel:run_until_complete finished with '0'
[4.091s] DEBUG:colcon.colcon_core.event_reactor:joining thread
[4.094s] INFO:colcon.colcon_core.plugin_system:Skipping extension 'colcon_notification.desktop_notification.terminal_notifier': Not used on non-Darwin systems
[4.094s] INFO:colcon.colcon_core.plugin_system:Skipping extension 'colcon_notification.desktop_notification.win32': Not used on non-Windows systems
[4.094s] INFO:colcon.colcon_notification.desktop_notification:Sending desktop notification using 'notify2'
[4.101s] DEBUG:colcon.colcon_core.event_reactor:joined thread
[4.104s] INFO:colcon.colcon_core.shell:Creating prefix script '/home/zhaocake/Documents/single_program/rm_hotpot_exam/Folder_2_Ros/Au_miner/install/local_setup.ps1'
[4.105s] INFO:colcon.colcon_core.shell:Creating prefix util module '/home/zhaocake/Documents/single_program/rm_hotpot_exam/Folder_2_Ros/Au_miner/install/_local_setup_util_ps1.py'
[4.106s] INFO:colcon.colcon_core.shell:Creating prefix chain script '/home/zhaocake/Documents/single_program/rm_hotpot_exam/Folder_2_Ros/Au_miner/install/setup.ps1'
[4.107s] INFO:colcon.colcon_core.shell:Creating prefix script '/home/zhaocake/Documents/single_program/rm_hotpot_exam/Folder_2_Ros/Au_miner/install/local_setup.sh'
[4.108s] INFO:colcon.colcon_core.shell:Creating prefix util module '/home/zhaocake/Documents/single_program/rm_hotpot_exam/Folder_2_Ros/Au_miner/install/_local_setup_util_sh.py'
[4.108s] INFO:colcon.colcon_core.shell:Creating prefix chain script '/home/zhaocake/Documents/single_program/rm_hotpot_exam/Folder_2_Ros/Au_miner/install/setup.sh'
[4.109s] INFO:colcon.colcon_core.shell:Creating prefix script '/home/zhaocake/Documents/single_program/rm_hotpot_exam/Folder_2_Ros/Au_miner/install/local_setup.bash'
[4.109s] INFO:colcon.colcon_core.shell:Creating prefix chain script '/home/zhaocake/Documents/single_program/rm_hotpot_exam/Folder_2_Ros/Au_miner/install/setup.bash'
[4.110s] INFO:colcon.colcon_core.shell:Creating prefix script '/home/zhaocake/Documents/single_program/rm_hotpot_exam/Folder_2_Ros/Au_miner/install/local_setup.zsh'
[4.111s] INFO:colcon.colcon_core.shell:Creating prefix chain script '/home/zhaocake/Documents/single_program/rm_hotpot_exam/Folder_2_Ros/Au_miner/install/setup.zsh'
