[0.014s] Invoking command in '/home/zhaocake/Documents/single_program/rm_hotpot_exam/Folder_2_Ros/Au_miner/build/au_interfaces': CMAKE_PREFIX_PATH=${CMAKE_PREFIX_PATH}:/opt/ros/humble /usr/bin/cmake --build /home/zhaocake/Documents/single_program/rm_hotpot_exam/Folder_2_Ros/Au_miner/build/au_interfaces -- -j8 -l8
[0.031s] -- Found ament_cmake: 1.3.5 (/opt/ros/humble/share/ament_cmake/cmake)
[0.125s] -- Found rclcpp: 16.0.5 (/opt/ros/humble/share/rclcpp/cmake)
[0.143s] -- Found rosidl_generator_c: 3.1.5 (/opt/ros/humble/share/rosidl_generator_c/cmake)
[0.144s] -- Found rosidl_adapter: 3.1.5 (/opt/ros/humble/share/rosidl_adapter/cmake)
[0.148s] -- Found rosidl_generator_cpp: 3.1.5 (/opt/ros/humble/share/rosidl_generator_cpp/cmake)
[0.154s] -- Using all available rosidl_typesupport_c: rosidl_typesupport_fastrtps_c;rosidl_typesupport_introspection_c
[0.163s] -- Using all available rosidl_typesupport_cpp: rosidl_typesupport_fastrtps_cpp;rosidl_typesupport_introspection_cpp
[0.198s] -- Found rmw_implementation_cmake: 6.1.1 (/opt/ros/humble/share/rmw_implementation_cmake/cmake)
[0.199s] -- Found rmw_fastrtps_cpp: 6.2.3 (/opt/ros/humble/share/rmw_fastrtps_cpp/cmake)
[0.279s] -- Using RMW implementation 'rmw_fastrtps_cpp' as default
[0.375s] -- Found rosidl_default_generators: 1.2.0 (/opt/ros/humble/share/rosidl_default_generators/cmake)
[0.379s] -- Found geometry_msgs: 4.2.3 (/opt/ros/humble/share/geometry_msgs/cmake)
[0.643s] -- Found ament_cmake_ros: 0.10.0 (/opt/ros/humble/share/ament_cmake_ros/cmake)
[0.917s] -- Using all available rosidl_typesupport_c: rosidl_typesupport_fastrtps_c;rosidl_typesupport_introspection_c
[1.025s] -- Using all available rosidl_typesupport_cpp: rosidl_typesupport_fastrtps_cpp;rosidl_typesupport_introspection_cpp
[1.039s] -- Found python_cmake_module: 0.10.0 (/opt/ros/humble/share/python_cmake_module/cmake)
[1.054s] -- Using PYTHON_EXECUTABLE: /usr/bin/python3
[1.054s] -- Using PYTHON_INCLUDE_DIRS: /usr/include/python3.10
[1.054s] -- Using PYTHON_LIBRARIES: /usr/lib/x86_64-linux-gnu/libpython3.10.so
[1.079s] -- Found ament_lint_auto: 0.12.7 (/opt/ros/humble/share/ament_lint_auto/cmake)
[1.084s] -- Added test 'lint_cmake' to check CMake code style
[1.085s] -- Added test 'xmllint' to check XML markup files
[1.086s] -- Configuring done
[1.111s] -- Generating done
[1.113s] -- Build files have been written to: /home/zhaocake/Documents/single_program/rm_hotpot_exam/Folder_2_Ros/Au_miner/build/au_interfaces
[1.142s] [  2%] [34m[1mGenerating C++ code for ROS interfaces[0m
[1.143s] [35m[1mConsolidate compiler generated dependencies of target au_interfaces__rosidl_generator_c[0m
[1.149s] [  2%] Built target ament_cmake_python_copy_au_interfaces
[1.150s] [  5%] [34m[1mGenerating C code for ROS interfaces[0m
[1.318s] running egg_info
[1.319s] writing au_interfaces.egg-info/PKG-INFO
[1.319s] writing dependency_links to au_interfaces.egg-info/dependency_links.txt
[1.319s] writing top-level names to au_interfaces.egg-info/top_level.txt
[1.322s] reading manifest file 'au_interfaces.egg-info/SOURCES.txt'
[1.322s] writing manifest file 'au_interfaces.egg-info/SOURCES.txt'
[1.347s] [  5%] Built target ament_cmake_python_build_au_interfaces_egg
[1.474s] [  5%] Built target au_interfaces__cpp
[1.480s] [ 10%] [32mBuilding C object CMakeFiles/au_interfaces__rosidl_generator_c.dir/rosidl_generator_c/au_interfaces/msg/detail/mineralsingle__functions.c.o[0m
[1.480s] [ 10%] [32mBuilding C object CMakeFiles/au_interfaces__rosidl_generator_c.dir/rosidl_generator_c/au_interfaces/action/detail/mineral__functions.c.o[0m
[1.488s] [35m[1mConsolidate compiler generated dependencies of target au_interfaces__rosidl_typesupport_introspection_cpp[0m
[1.488s] [35m[1mConsolidate compiler generated dependencies of target au_interfaces__rosidl_typesupport_fastrtps_cpp[0m
[1.488s] [35m[1mConsolidate compiler generated dependencies of target au_interfaces__rosidl_typesupport_cpp[0m
[1.496s] [ 12%] [34m[1mGenerating C++ introspection for ROS interfaces[0m
[1.500s] [ 17%] [34m[1mGenerating C++ type support for eProsima Fast-RTPS[0m
[1.500s] [ 17%] [34m[1mGenerating C++ type support dispatch for ROS interfaces[0m
[1.579s] [ 20%] [32m[1mLinking C shared library libau_interfaces__rosidl_generator_c.so[0m
[1.605s] [ 20%] Built target au_interfaces__rosidl_generator_c
[1.625s] [35m[1mConsolidate compiler generated dependencies of target au_interfaces__rosidl_typesupport_c[0m
[1.631s] [35m[1mConsolidate compiler generated dependencies of target au_interfaces__rosidl_typesupport_fastrtps_c[0m
[1.633s] [35m[1mConsolidate compiler generated dependencies of target au_interfaces__rosidl_typesupport_introspection_c[0m
[1.635s] [ 23%] [34m[1mGenerating C type support dispatch for ROS interfaces[0m
[1.644s] [ 25%] [34m[1mGenerating C type support for eProsima Fast-RTPS[0m
[1.644s] [ 28%] [34m[1mGenerating C introspection for ROS interfaces[0m
[1.784s] [ 30%] [32mBuilding CXX object CMakeFiles/au_interfaces__rosidl_typesupport_cpp.dir/rosidl_typesupport_cpp/au_interfaces/msg/mineralsingle__type_support.cpp.o[0m
[1.791s] [ 33%] [32mBuilding CXX object CMakeFiles/au_interfaces__rosidl_typesupport_cpp.dir/rosidl_typesupport_cpp/au_interfaces/action/mineral__type_support.cpp.o[0m
[1.812s] [ 35%] [32mBuilding CXX object CMakeFiles/au_interfaces__rosidl_typesupport_introspection_cpp.dir/rosidl_typesupport_introspection_cpp/au_interfaces/action/detail/mineral__type_support.cpp.o[0m
[1.812s] [ 38%] [32mBuilding CXX object CMakeFiles/au_interfaces__rosidl_typesupport_introspection_cpp.dir/rosidl_typesupport_introspection_cpp/au_interfaces/msg/detail/mineralsingle__type_support.cpp.o[0m
[1.868s] [ 41%] [32mBuilding CXX object CMakeFiles/au_interfaces__rosidl_typesupport_fastrtps_cpp.dir/rosidl_typesupport_fastrtps_cpp/au_interfaces/msg/detail/dds_fastrtps/mineralsingle__type_support.cpp.o[0m
[1.990s] [ 43%] [32mBuilding CXX object CMakeFiles/au_interfaces__rosidl_typesupport_c.dir/rosidl_typesupport_c/au_interfaces/msg/mineralsingle__type_support.cpp.o[0m
[2.033s] [ 46%] [32mBuilding CXX object CMakeFiles/au_interfaces__rosidl_typesupport_c.dir/rosidl_typesupport_c/au_interfaces/action/mineral__type_support.cpp.o[0m
[2.081s] [ 48%] [32mBuilding CXX object CMakeFiles/au_interfaces__rosidl_typesupport_fastrtps_cpp.dir/rosidl_typesupport_fastrtps_cpp/au_interfaces/action/detail/dds_fastrtps/mineral__type_support.cpp.o[0m
[2.200s] [ 51%] [32mBuilding C object CMakeFiles/au_interfaces__rosidl_typesupport_introspection_c.dir/rosidl_typesupport_introspection_c/au_interfaces/msg/detail/mineralsingle__type_support.c.o[0m
[2.205s] [ 53%] [32m[1mLinking CXX shared library libau_interfaces__rosidl_typesupport_c.so[0m
[2.224s] [ 56%] [32mBuilding C object CMakeFiles/au_interfaces__rosidl_typesupport_introspection_c.dir/rosidl_typesupport_introspection_c/au_interfaces/action/detail/mineral__type_support.c.o[0m
[2.230s] [ 58%] [32mBuilding CXX object CMakeFiles/au_interfaces__rosidl_typesupport_fastrtps_c.dir/rosidl_typesupport_fastrtps_c/au_interfaces/msg/detail/mineralsingle__type_support_c.cpp.o[0m
[2.264s] [ 61%] [32mBuilding CXX object CMakeFiles/au_interfaces__rosidl_typesupport_fastrtps_c.dir/rosidl_typesupport_fastrtps_c/au_interfaces/action/detail/mineral__type_support_c.cpp.o[0m
[2.278s] [ 61%] Built target au_interfaces__rosidl_typesupport_c
[2.294s] [ 64%] [32m[1mLinking C shared library libau_interfaces__rosidl_typesupport_introspection_c.so[0m
[2.303s] [ 66%] [32m[1mLinking CXX shared library libau_interfaces__rosidl_typesupport_cpp.so[0m
[2.329s] [ 66%] Built target au_interfaces__rosidl_typesupport_introspection_c
[2.342s] [ 66%] Built target au_interfaces__rosidl_typesupport_cpp
[2.480s] [ 69%] [32m[1mLinking CXX shared library libau_interfaces__rosidl_typesupport_introspection_cpp.so[0m
[2.546s] [ 69%] Built target au_interfaces__rosidl_typesupport_introspection_cpp
[2.579s] [ 71%] [32m[1mLinking CXX shared library libau_interfaces__rosidl_typesupport_fastrtps_c.so[0m
[2.638s] [ 71%] Built target au_interfaces__rosidl_typesupport_fastrtps_c
[2.691s] [ 74%] [32m[1mLinking CXX shared library libau_interfaces__rosidl_typesupport_fastrtps_cpp.so[0m
[2.756s] [ 74%] Built target au_interfaces__rosidl_typesupport_fastrtps_cpp
[2.770s] [ 74%] Built target au_interfaces
[2.784s] [ 76%] [34m[1mGenerating Python code for ROS interfaces[0m
[3.305s] [ 76%] Built target au_interfaces__py
[3.312s] [35m[1mConsolidate compiler generated dependencies of target au_interfaces__rosidl_generator_py[0m
[3.322s] [ 82%] [32mBuilding C object CMakeFiles/au_interfaces__rosidl_generator_py.dir/rosidl_generator_py/au_interfaces/msg/_mineralsingle_s.c.o[0m
[3.322s] [ 82%] [32mBuilding C object CMakeFiles/au_interfaces__rosidl_generator_py.dir/rosidl_generator_py/au_interfaces/action/_mineral_s.c.o[0m
[3.412s] [ 84%] [32m[1mLinking C shared library rosidl_generator_py/au_interfaces/libau_interfaces__rosidl_generator_py.so[0m
[3.443s] [ 84%] Built target au_interfaces__rosidl_generator_py
[3.451s] [35m[1mConsolidate compiler generated dependencies of target au_interfaces__rosidl_typesupport_c__pyext[0m
[3.451s] [35m[1mConsolidate compiler generated dependencies of target au_interfaces__rosidl_typesupport_fastrtps_c__pyext[0m
[3.451s] [35m[1mConsolidate compiler generated dependencies of target au_interfaces__rosidl_typesupport_introspection_c__pyext[0m
[3.460s] [ 92%] [32mBuilding C object CMakeFiles/au_interfaces__rosidl_typesupport_fastrtps_c__pyext.dir/rosidl_generator_py/au_interfaces/_au_interfaces_s.ep.rosidl_typesupport_fastrtps_c.c.o[0m
[3.460s] [ 92%] [32mBuilding C object CMakeFiles/au_interfaces__rosidl_typesupport_introspection_c__pyext.dir/rosidl_generator_py/au_interfaces/_au_interfaces_s.ep.rosidl_typesupport_introspection_c.c.o[0m
[3.460s] [ 92%] [32mBuilding C object CMakeFiles/au_interfaces__rosidl_typesupport_c__pyext.dir/rosidl_generator_py/au_interfaces/_au_interfaces_s.ep.rosidl_typesupport_c.c.o[0m
[3.540s] [100%] [32m[1mLinking C shared library rosidl_generator_py/au_interfaces/au_interfaces_s__rosidl_typesupport_c.cpython-310-x86_64-linux-gnu.so[0m
[3.540s] [100%] [32m[1mLinking C shared library rosidl_generator_py/au_interfaces/au_interfaces_s__rosidl_typesupport_fastrtps_c.cpython-310-x86_64-linux-gnu.so[0m
[3.540s] [100%] [32m[1mLinking C shared library rosidl_generator_py/au_interfaces/au_interfaces_s__rosidl_typesupport_introspection_c.cpython-310-x86_64-linux-gnu.so[0m
[3.570s] [100%] Built target au_interfaces__rosidl_typesupport_fastrtps_c__pyext
[3.570s] [100%] Built target au_interfaces__rosidl_typesupport_c__pyext
[3.570s] [100%] Built target au_interfaces__rosidl_typesupport_introspection_c__pyext
[3.578s] Invoked command in '/home/zhaocake/Documents/single_program/rm_hotpot_exam/Folder_2_Ros/Au_miner/build/au_interfaces' returned '0': CMAKE_PREFIX_PATH=${CMAKE_PREFIX_PATH}:/opt/ros/humble /usr/bin/cmake --build /home/zhaocake/Documents/single_program/rm_hotpot_exam/Folder_2_Ros/Au_miner/build/au_interfaces -- -j8 -l8
[3.633s] Invoking command in '/home/zhaocake/Documents/single_program/rm_hotpot_exam/Folder_2_Ros/Au_miner/build/au_interfaces': CMAKE_PREFIX_PATH=${CMAKE_PREFIX_PATH}:/opt/ros/humble /usr/bin/cmake --install /home/zhaocake/Documents/single_program/rm_hotpot_exam/Folder_2_Ros/Au_miner/build/au_interfaces
[3.639s] -- Install configuration: ""
[3.640s] -- Installing: /home/zhaocake/Documents/single_program/rm_hotpot_exam/Folder_2_Ros/Au_miner/install/au_interfaces/share/ament_index/resource_index/rosidl_interfaces/au_interfaces
[3.640s] -- Up-to-date: /home/zhaocake/Documents/single_program/rm_hotpot_exam/Folder_2_Ros/Au_miner/install/au_interfaces/include/au_interfaces/au_interfaces
[3.640s] -- Installing: /home/zhaocake/Documents/single_program/rm_hotpot_exam/Folder_2_Ros/Au_miner/install/au_interfaces/include/au_interfaces/au_interfaces/action
[3.640s] -- Installing: /home/zhaocake/Documents/single_program/rm_hotpot_exam/Folder_2_Ros/Au_miner/install/au_interfaces/include/au_interfaces/au_interfaces/action/detail
[3.640s] -- Installing: /home/zhaocake/Documents/single_program/rm_hotpot_exam/Folder_2_Ros/Au_miner/install/au_interfaces/include/au_interfaces/au_interfaces/action/detail/mineral__type_support.h
[3.640s] -- Installing: /home/zhaocake/Documents/single_program/rm_hotpot_exam/Folder_2_Ros/Au_miner/install/au_interfaces/include/au_interfaces/au_interfaces/action/detail/mineral__functions.c
[3.640s] -- Installing: /home/zhaocake/Documents/single_program/rm_hotpot_exam/Folder_2_Ros/Au_miner/install/au_interfaces/include/au_interfaces/au_interfaces/action/detail/mineral__functions.h
[3.640s] -- Installing: /home/zhaocake/Documents/single_program/rm_hotpot_exam/Folder_2_Ros/Au_miner/install/au_interfaces/include/au_interfaces/au_interfaces/action/detail/mineral__struct.h
[3.640s] -- Installing: /home/zhaocake/Documents/single_program/rm_hotpot_exam/Folder_2_Ros/Au_miner/install/au_interfaces/include/au_interfaces/au_interfaces/action/mineral.h
[3.640s] -- Up-to-date: /home/zhaocake/Documents/single_program/rm_hotpot_exam/Folder_2_Ros/Au_miner/install/au_interfaces/include/au_interfaces/au_interfaces/msg
[3.640s] -- Up-to-date: /home/zhaocake/Documents/single_program/rm_hotpot_exam/Folder_2_Ros/Au_miner/install/au_interfaces/include/au_interfaces/au_interfaces/msg/detail
[3.641s] -- Installing: /home/zhaocake/Documents/single_program/rm_hotpot_exam/Folder_2_Ros/Au_miner/install/au_interfaces/include/au_interfaces/au_interfaces/msg/detail/mineralsingle__functions.h
[3.641s] -- Up-to-date: /home/zhaocake/Documents/single_program/rm_hotpot_exam/Folder_2_Ros/Au_miner/install/au_interfaces/include/au_interfaces/au_interfaces/msg/detail/mineralsingle__type_support.h
[3.641s] -- Installing: /home/zhaocake/Documents/single_program/rm_hotpot_exam/Folder_2_Ros/Au_miner/install/au_interfaces/include/au_interfaces/au_interfaces/msg/detail/mineralsingle__functions.c
[3.641s] -- Installing: /home/zhaocake/Documents/single_program/rm_hotpot_exam/Folder_2_Ros/Au_miner/install/au_interfaces/include/au_interfaces/au_interfaces/msg/detail/mineralsingle__struct.h
[3.641s] -- Up-to-date: /home/zhaocake/Documents/single_program/rm_hotpot_exam/Folder_2_Ros/Au_miner/install/au_interfaces/include/au_interfaces/au_interfaces/msg/rosidl_generator_c__visibility_control.h
[3.641s] -- Installing: /home/zhaocake/Documents/single_program/rm_hotpot_exam/Folder_2_Ros/Au_miner/install/au_interfaces/include/au_interfaces/au_interfaces/msg/mineralsingle.h
[3.641s] -- Up-to-date: /home/zhaocake/Documents/single_program/rm_hotpot_exam/Folder_2_Ros/Au_miner/install/au_interfaces/share/au_interfaces/environment/library_path.sh
[3.641s] -- Installing: /home/zhaocake/Documents/single_program/rm_hotpot_exam/Folder_2_Ros/Au_miner/install/au_interfaces/share/au_interfaces/environment/library_path.dsv
[3.641s] -- Installing: /home/zhaocake/Documents/single_program/rm_hotpot_exam/Folder_2_Ros/Au_miner/install/au_interfaces/lib/libau_interfaces__rosidl_generator_c.so
[3.641s] -- Set runtime path of "/home/zhaocake/Documents/single_program/rm_hotpot_exam/Folder_2_Ros/Au_miner/install/au_interfaces/lib/libau_interfaces__rosidl_generator_c.so" to ""
[3.641s] -- Up-to-date: /home/zhaocake/Documents/single_program/rm_hotpot_exam/Folder_2_Ros/Au_miner/install/au_interfaces/include/au_interfaces/au_interfaces
[3.641s] -- Up-to-date: /home/zhaocake/Documents/single_program/rm_hotpot_exam/Folder_2_Ros/Au_miner/install/au_interfaces/include/au_interfaces/au_interfaces/action
[3.641s] -- Up-to-date: /home/zhaocake/Documents/single_program/rm_hotpot_exam/Folder_2_Ros/Au_miner/install/au_interfaces/include/au_interfaces/au_interfaces/action/detail
[3.641s] -- Installing: /home/zhaocake/Documents/single_program/rm_hotpot_exam/Folder_2_Ros/Au_miner/install/au_interfaces/include/au_interfaces/au_interfaces/action/detail/mineral__rosidl_typesupport_fastrtps_c.h
[3.641s] -- Up-to-date: /home/zhaocake/Documents/single_program/rm_hotpot_exam/Folder_2_Ros/Au_miner/install/au_interfaces/include/au_interfaces/au_interfaces/msg
[3.642s] -- Up-to-date: /home/zhaocake/Documents/single_program/rm_hotpot_exam/Folder_2_Ros/Au_miner/install/au_interfaces/include/au_interfaces/au_interfaces/msg/detail
[3.642s] -- Installing: /home/zhaocake/Documents/single_program/rm_hotpot_exam/Folder_2_Ros/Au_miner/install/au_interfaces/include/au_interfaces/au_interfaces/msg/detail/mineralsingle__rosidl_typesupport_fastrtps_c.h
[3.642s] -- Up-to-date: /home/zhaocake/Documents/single_program/rm_hotpot_exam/Folder_2_Ros/Au_miner/install/au_interfaces/include/au_interfaces/au_interfaces/msg/rosidl_typesupport_fastrtps_c__visibility_control.h
[3.642s] -- Installing: /home/zhaocake/Documents/single_program/rm_hotpot_exam/Folder_2_Ros/Au_miner/install/au_interfaces/lib/libau_interfaces__rosidl_typesupport_fastrtps_c.so
[3.642s] -- Set runtime path of "/home/zhaocake/Documents/single_program/rm_hotpot_exam/Folder_2_Ros/Au_miner/install/au_interfaces/lib/libau_interfaces__rosidl_typesupport_fastrtps_c.so" to ""
[3.642s] -- Up-to-date: /home/zhaocake/Documents/single_program/rm_hotpot_exam/Folder_2_Ros/Au_miner/install/au_interfaces/include/au_interfaces/au_interfaces
[3.642s] -- Up-to-date: /home/zhaocake/Documents/single_program/rm_hotpot_exam/Folder_2_Ros/Au_miner/install/au_interfaces/include/au_interfaces/au_interfaces/action
[3.642s] -- Up-to-date: /home/zhaocake/Documents/single_program/rm_hotpot_exam/Folder_2_Ros/Au_miner/install/au_interfaces/include/au_interfaces/au_interfaces/action/detail
[3.642s] -- Installing: /home/zhaocake/Documents/single_program/rm_hotpot_exam/Folder_2_Ros/Au_miner/install/au_interfaces/include/au_interfaces/au_interfaces/action/detail/mineral__builder.hpp
[3.642s] -- Installing: /home/zhaocake/Documents/single_program/rm_hotpot_exam/Folder_2_Ros/Au_miner/install/au_interfaces/include/au_interfaces/au_interfaces/action/detail/mineral__traits.hpp
[3.642s] -- Installing: /home/zhaocake/Documents/single_program/rm_hotpot_exam/Folder_2_Ros/Au_miner/install/au_interfaces/include/au_interfaces/au_interfaces/action/detail/mineral__struct.hpp
[3.642s] -- Installing: /home/zhaocake/Documents/single_program/rm_hotpot_exam/Folder_2_Ros/Au_miner/install/au_interfaces/include/au_interfaces/au_interfaces/action/mineral.hpp
[3.642s] -- Up-to-date: /home/zhaocake/Documents/single_program/rm_hotpot_exam/Folder_2_Ros/Au_miner/install/au_interfaces/include/au_interfaces/au_interfaces/msg
[3.643s] -- Up-to-date: /home/zhaocake/Documents/single_program/rm_hotpot_exam/Folder_2_Ros/Au_miner/install/au_interfaces/include/au_interfaces/au_interfaces/msg/detail
[3.643s] -- Installing: /home/zhaocake/Documents/single_program/rm_hotpot_exam/Folder_2_Ros/Au_miner/install/au_interfaces/include/au_interfaces/au_interfaces/msg/detail/mineralsingle__builder.hpp
[3.643s] -- Installing: /home/zhaocake/Documents/single_program/rm_hotpot_exam/Folder_2_Ros/Au_miner/install/au_interfaces/include/au_interfaces/au_interfaces/msg/detail/mineralsingle__struct.hpp
[3.643s] -- Installing: /home/zhaocake/Documents/single_program/rm_hotpot_exam/Folder_2_Ros/Au_miner/install/au_interfaces/include/au_interfaces/au_interfaces/msg/detail/mineralsingle__traits.hpp
[3.643s] -- Installing: /home/zhaocake/Documents/single_program/rm_hotpot_exam/Folder_2_Ros/Au_miner/install/au_interfaces/include/au_interfaces/au_interfaces/msg/mineralsingle.hpp
[3.643s] -- Up-to-date: /home/zhaocake/Documents/single_program/rm_hotpot_exam/Folder_2_Ros/Au_miner/install/au_interfaces/include/au_interfaces/au_interfaces
[3.643s] -- Up-to-date: /home/zhaocake/Documents/single_program/rm_hotpot_exam/Folder_2_Ros/Au_miner/install/au_interfaces/include/au_interfaces/au_interfaces/action
[3.643s] -- Up-to-date: /home/zhaocake/Documents/single_program/rm_hotpot_exam/Folder_2_Ros/Au_miner/install/au_interfaces/include/au_interfaces/au_interfaces/action/detail
[3.643s] -- Installing: /home/zhaocake/Documents/single_program/rm_hotpot_exam/Folder_2_Ros/Au_miner/install/au_interfaces/include/au_interfaces/au_interfaces/action/detail/mineral__rosidl_typesupport_fastrtps_cpp.hpp
[3.643s] -- Installing: /home/zhaocake/Documents/single_program/rm_hotpot_exam/Folder_2_Ros/Au_miner/install/au_interfaces/include/au_interfaces/au_interfaces/action/detail/dds_fastrtps
[3.643s] -- Up-to-date: /home/zhaocake/Documents/single_program/rm_hotpot_exam/Folder_2_Ros/Au_miner/install/au_interfaces/include/au_interfaces/au_interfaces/msg
[3.643s] -- Up-to-date: /home/zhaocake/Documents/single_program/rm_hotpot_exam/Folder_2_Ros/Au_miner/install/au_interfaces/include/au_interfaces/au_interfaces/msg/detail
[3.643s] -- Installing: /home/zhaocake/Documents/single_program/rm_hotpot_exam/Folder_2_Ros/Au_miner/install/au_interfaces/include/au_interfaces/au_interfaces/msg/detail/mineralsingle__rosidl_typesupport_fastrtps_cpp.hpp
[3.643s] -- Up-to-date: /home/zhaocake/Documents/single_program/rm_hotpot_exam/Folder_2_Ros/Au_miner/install/au_interfaces/include/au_interfaces/au_interfaces/msg/detail/dds_fastrtps
[3.643s] -- Up-to-date: /home/zhaocake/Documents/single_program/rm_hotpot_exam/Folder_2_Ros/Au_miner/install/au_interfaces/include/au_interfaces/au_interfaces/msg/rosidl_typesupport_fastrtps_cpp__visibility_control.h
[3.644s] -- Installing: /home/zhaocake/Documents/single_program/rm_hotpot_exam/Folder_2_Ros/Au_miner/install/au_interfaces/lib/libau_interfaces__rosidl_typesupport_fastrtps_cpp.so
[3.644s] -- Set runtime path of "/home/zhaocake/Documents/single_program/rm_hotpot_exam/Folder_2_Ros/Au_miner/install/au_interfaces/lib/libau_interfaces__rosidl_typesupport_fastrtps_cpp.so" to ""
[3.644s] -- Up-to-date: /home/zhaocake/Documents/single_program/rm_hotpot_exam/Folder_2_Ros/Au_miner/install/au_interfaces/include/au_interfaces/au_interfaces
[3.644s] -- Up-to-date: /home/zhaocake/Documents/single_program/rm_hotpot_exam/Folder_2_Ros/Au_miner/install/au_interfaces/include/au_interfaces/au_interfaces/action
[3.644s] -- Up-to-date: /home/zhaocake/Documents/single_program/rm_hotpot_exam/Folder_2_Ros/Au_miner/install/au_interfaces/include/au_interfaces/au_interfaces/action/detail
[3.644s] -- Installing: /home/zhaocake/Documents/single_program/rm_hotpot_exam/Folder_2_Ros/Au_miner/install/au_interfaces/include/au_interfaces/au_interfaces/action/detail/mineral__type_support.c
[3.644s] -- Installing: /home/zhaocake/Documents/single_program/rm_hotpot_exam/Folder_2_Ros/Au_miner/install/au_interfaces/include/au_interfaces/au_interfaces/action/detail/mineral__rosidl_typesupport_introspection_c.h
[3.644s] -- Up-to-date: /home/zhaocake/Documents/single_program/rm_hotpot_exam/Folder_2_Ros/Au_miner/install/au_interfaces/include/au_interfaces/au_interfaces/msg
[3.644s] -- Up-to-date: /home/zhaocake/Documents/single_program/rm_hotpot_exam/Folder_2_Ros/Au_miner/install/au_interfaces/include/au_interfaces/au_interfaces/msg/detail
[3.644s] -- Installing: /home/zhaocake/Documents/single_program/rm_hotpot_exam/Folder_2_Ros/Au_miner/install/au_interfaces/include/au_interfaces/au_interfaces/msg/detail/mineralsingle__rosidl_typesupport_introspection_c.h
[3.644s] -- Installing: /home/zhaocake/Documents/single_program/rm_hotpot_exam/Folder_2_Ros/Au_miner/install/au_interfaces/include/au_interfaces/au_interfaces/msg/detail/mineralsingle__type_support.c
[3.644s] -- Up-to-date: /home/zhaocake/Documents/single_program/rm_hotpot_exam/Folder_2_Ros/Au_miner/install/au_interfaces/include/au_interfaces/au_interfaces/msg/rosidl_typesupport_introspection_c__visibility_control.h
[3.644s] -- Installing: /home/zhaocake/Documents/single_program/rm_hotpot_exam/Folder_2_Ros/Au_miner/install/au_interfaces/lib/libau_interfaces__rosidl_typesupport_introspection_c.so
[3.644s] -- Set runtime path of "/home/zhaocake/Documents/single_program/rm_hotpot_exam/Folder_2_Ros/Au_miner/install/au_interfaces/lib/libau_interfaces__rosidl_typesupport_introspection_c.so" to ""
[3.644s] -- Installing: /home/zhaocake/Documents/single_program/rm_hotpot_exam/Folder_2_Ros/Au_miner/install/au_interfaces/lib/libau_interfaces__rosidl_typesupport_c.so
[3.645s] -- Set runtime path of "/home/zhaocake/Documents/single_program/rm_hotpot_exam/Folder_2_Ros/Au_miner/install/au_interfaces/lib/libau_interfaces__rosidl_typesupport_c.so" to ""
[3.645s] -- Up-to-date: /home/zhaocake/Documents/single_program/rm_hotpot_exam/Folder_2_Ros/Au_miner/install/au_interfaces/include/au_interfaces/au_interfaces
[3.645s] -- Up-to-date: /home/zhaocake/Documents/single_program/rm_hotpot_exam/Folder_2_Ros/Au_miner/install/au_interfaces/include/au_interfaces/au_interfaces/action
[3.645s] -- Up-to-date: /home/zhaocake/Documents/single_program/rm_hotpot_exam/Folder_2_Ros/Au_miner/install/au_interfaces/include/au_interfaces/au_interfaces/action/detail
[3.645s] -- Installing: /home/zhaocake/Documents/single_program/rm_hotpot_exam/Folder_2_Ros/Au_miner/install/au_interfaces/include/au_interfaces/au_interfaces/action/detail/mineral__type_support.cpp
[3.645s] -- Installing: /home/zhaocake/Documents/single_program/rm_hotpot_exam/Folder_2_Ros/Au_miner/install/au_interfaces/include/au_interfaces/au_interfaces/action/detail/mineral__rosidl_typesupport_introspection_cpp.hpp
[3.645s] -- Up-to-date: /home/zhaocake/Documents/single_program/rm_hotpot_exam/Folder_2_Ros/Au_miner/install/au_interfaces/include/au_interfaces/au_interfaces/msg
[3.645s] -- Up-to-date: /home/zhaocake/Documents/single_program/rm_hotpot_exam/Folder_2_Ros/Au_miner/install/au_interfaces/include/au_interfaces/au_interfaces/msg/detail
[3.645s] -- Installing: /home/zhaocake/Documents/single_program/rm_hotpot_exam/Folder_2_Ros/Au_miner/install/au_interfaces/include/au_interfaces/au_interfaces/msg/detail/mineralsingle__rosidl_typesupport_introspection_cpp.hpp
[3.645s] -- Installing: /home/zhaocake/Documents/single_program/rm_hotpot_exam/Folder_2_Ros/Au_miner/install/au_interfaces/include/au_interfaces/au_interfaces/msg/detail/mineralsingle__type_support.cpp
[3.645s] -- Installing: /home/zhaocake/Documents/single_program/rm_hotpot_exam/Folder_2_Ros/Au_miner/install/au_interfaces/lib/libau_interfaces__rosidl_typesupport_introspection_cpp.so
[3.645s] -- Set runtime path of "/home/zhaocake/Documents/single_program/rm_hotpot_exam/Folder_2_Ros/Au_miner/install/au_interfaces/lib/libau_interfaces__rosidl_typesupport_introspection_cpp.so" to ""
[3.645s] -- Installing: /home/zhaocake/Documents/single_program/rm_hotpot_exam/Folder_2_Ros/Au_miner/install/au_interfaces/lib/libau_interfaces__rosidl_typesupport_cpp.so
[3.645s] -- Set runtime path of "/home/zhaocake/Documents/single_program/rm_hotpot_exam/Folder_2_Ros/Au_miner/install/au_interfaces/lib/libau_interfaces__rosidl_typesupport_cpp.so" to ""
[3.646s] -- Up-to-date: /home/zhaocake/Documents/single_program/rm_hotpot_exam/Folder_2_Ros/Au_miner/install/au_interfaces/share/au_interfaces/environment/pythonpath.sh
[3.646s] -- Installing: /home/zhaocake/Documents/single_program/rm_hotpot_exam/Folder_2_Ros/Au_miner/install/au_interfaces/share/au_interfaces/environment/pythonpath.dsv
[3.646s] -- Up-to-date: /home/zhaocake/Documents/single_program/rm_hotpot_exam/Folder_2_Ros/Au_miner/install/au_interfaces/local/lib/python3.10/dist-packages/au_interfaces-0.0.0-py3.10.egg-info
[3.646s] -- Installing: /home/zhaocake/Documents/single_program/rm_hotpot_exam/Folder_2_Ros/Au_miner/install/au_interfaces/local/lib/python3.10/dist-packages/au_interfaces-0.0.0-py3.10.egg-info/dependency_links.txt
[3.646s] -- Installing: /home/zhaocake/Documents/single_program/rm_hotpot_exam/Folder_2_Ros/Au_miner/install/au_interfaces/local/lib/python3.10/dist-packages/au_interfaces-0.0.0-py3.10.egg-info/top_level.txt
[3.646s] -- Installing: /home/zhaocake/Documents/single_program/rm_hotpot_exam/Folder_2_Ros/Au_miner/install/au_interfaces/local/lib/python3.10/dist-packages/au_interfaces-0.0.0-py3.10.egg-info/SOURCES.txt
[3.646s] -- Installing: /home/zhaocake/Documents/single_program/rm_hotpot_exam/Folder_2_Ros/Au_miner/install/au_interfaces/local/lib/python3.10/dist-packages/au_interfaces-0.0.0-py3.10.egg-info/PKG-INFO
[3.646s] -- Up-to-date: /home/zhaocake/Documents/single_program/rm_hotpot_exam/Folder_2_Ros/Au_miner/install/au_interfaces/local/lib/python3.10/dist-packages/au_interfaces
[3.646s] -- Installing: /home/zhaocake/Documents/single_program/rm_hotpot_exam/Folder_2_Ros/Au_miner/install/au_interfaces/local/lib/python3.10/dist-packages/au_interfaces/au_interfaces_s__rosidl_typesupport_c.cpython-310-x86_64-linux-gnu.so
[3.646s] -- Installing: /home/zhaocake/Documents/single_program/rm_hotpot_exam/Folder_2_Ros/Au_miner/install/au_interfaces/local/lib/python3.10/dist-packages/au_interfaces/libau_interfaces__rosidl_generator_py.so
[3.646s] -- Installing: /home/zhaocake/Documents/single_program/rm_hotpot_exam/Folder_2_Ros/Au_miner/install/au_interfaces/local/lib/python3.10/dist-packages/au_interfaces/_au_interfaces_s.ep.rosidl_typesupport_c.c
[3.646s] -- Installing: /home/zhaocake/Documents/single_program/rm_hotpot_exam/Folder_2_Ros/Au_miner/install/au_interfaces/local/lib/python3.10/dist-packages/au_interfaces/_au_interfaces_s.ep.rosidl_typesupport_fastrtps_c.c
[3.646s] -- Installing: /home/zhaocake/Documents/single_program/rm_hotpot_exam/Folder_2_Ros/Au_miner/install/au_interfaces/local/lib/python3.10/dist-packages/au_interfaces/au_interfaces_s__rosidl_typesupport_introspection_c.cpython-310-x86_64-linux-gnu.so
[3.646s] -- Installing: /home/zhaocake/Documents/single_program/rm_hotpot_exam/Folder_2_Ros/Au_miner/install/au_interfaces/local/lib/python3.10/dist-packages/au_interfaces/__init__.py
[3.646s] -- Installing: /home/zhaocake/Documents/single_program/rm_hotpot_exam/Folder_2_Ros/Au_miner/install/au_interfaces/local/lib/python3.10/dist-packages/au_interfaces/action
[3.646s] -- Installing: /home/zhaocake/Documents/single_program/rm_hotpot_exam/Folder_2_Ros/Au_miner/install/au_interfaces/local/lib/python3.10/dist-packages/au_interfaces/action/_mineral_s.c
[3.646s] -- Installing: /home/zhaocake/Documents/single_program/rm_hotpot_exam/Folder_2_Ros/Au_miner/install/au_interfaces/local/lib/python3.10/dist-packages/au_interfaces/action/__init__.py
[3.647s] -- Installing: /home/zhaocake/Documents/single_program/rm_hotpot_exam/Folder_2_Ros/Au_miner/install/au_interfaces/local/lib/python3.10/dist-packages/au_interfaces/action/_mineral.py
[3.647s] -- Up-to-date: /home/zhaocake/Documents/single_program/rm_hotpot_exam/Folder_2_Ros/Au_miner/install/au_interfaces/local/lib/python3.10/dist-packages/au_interfaces/msg
[3.647s] -- Installing: /home/zhaocake/Documents/single_program/rm_hotpot_exam/Folder_2_Ros/Au_miner/install/au_interfaces/local/lib/python3.10/dist-packages/au_interfaces/msg/__init__.py
[3.647s] -- Installing: /home/zhaocake/Documents/single_program/rm_hotpot_exam/Folder_2_Ros/Au_miner/install/au_interfaces/local/lib/python3.10/dist-packages/au_interfaces/msg/_mineralsingle_s.c
[3.647s] -- Installing: /home/zhaocake/Documents/single_program/rm_hotpot_exam/Folder_2_Ros/Au_miner/install/au_interfaces/local/lib/python3.10/dist-packages/au_interfaces/msg/_mineralsingle.py
[3.647s] -- Installing: /home/zhaocake/Documents/single_program/rm_hotpot_exam/Folder_2_Ros/Au_miner/install/au_interfaces/local/lib/python3.10/dist-packages/au_interfaces/_au_interfaces_s.ep.rosidl_typesupport_introspection_c.c
[3.647s] -- Installing: /home/zhaocake/Documents/single_program/rm_hotpot_exam/Folder_2_Ros/Au_miner/install/au_interfaces/local/lib/python3.10/dist-packages/au_interfaces/au_interfaces_s__rosidl_typesupport_fastrtps_c.cpython-310-x86_64-linux-gnu.so
[3.672s] Listing '/home/zhaocake/Documents/single_program/rm_hotpot_exam/Folder_2_Ros/Au_miner/install/au_interfaces/local/lib/python3.10/dist-packages/au_interfaces'...
[3.672s] Compiling '/home/zhaocake/Documents/single_program/rm_hotpot_exam/Folder_2_Ros/Au_miner/install/au_interfaces/local/lib/python3.10/dist-packages/au_interfaces/__init__.py'...
[3.672s] Listing '/home/zhaocake/Documents/single_program/rm_hotpot_exam/Folder_2_Ros/Au_miner/install/au_interfaces/local/lib/python3.10/dist-packages/au_interfaces/action'...
[3.672s] Compiling '/home/zhaocake/Documents/single_program/rm_hotpot_exam/Folder_2_Ros/Au_miner/install/au_interfaces/local/lib/python3.10/dist-packages/au_interfaces/action/__init__.py'...
[3.672s] Compiling '/home/zhaocake/Documents/single_program/rm_hotpot_exam/Folder_2_Ros/Au_miner/install/au_interfaces/local/lib/python3.10/dist-packages/au_interfaces/action/_mineral.py'...
[3.672s] Listing '/home/zhaocake/Documents/single_program/rm_hotpot_exam/Folder_2_Ros/Au_miner/install/au_interfaces/local/lib/python3.10/dist-packages/au_interfaces/msg'...
[3.672s] Compiling '/home/zhaocake/Documents/single_program/rm_hotpot_exam/Folder_2_Ros/Au_miner/install/au_interfaces/local/lib/python3.10/dist-packages/au_interfaces/msg/__init__.py'...
[3.672s] Compiling '/home/zhaocake/Documents/single_program/rm_hotpot_exam/Folder_2_Ros/Au_miner/install/au_interfaces/local/lib/python3.10/dist-packages/au_interfaces/msg/_mineralsingle.py'...
[3.676s] -- Installing: /home/zhaocake/Documents/single_program/rm_hotpot_exam/Folder_2_Ros/Au_miner/install/au_interfaces/local/lib/python3.10/dist-packages/au_interfaces/au_interfaces_s__rosidl_typesupport_fastrtps_c.cpython-310-x86_64-linux-gnu.so
[3.676s] -- Set runtime path of "/home/zhaocake/Documents/single_program/rm_hotpot_exam/Folder_2_Ros/Au_miner/install/au_interfaces/local/lib/python3.10/dist-packages/au_interfaces/au_interfaces_s__rosidl_typesupport_fastrtps_c.cpython-310-x86_64-linux-gnu.so" to ""
[3.676s] -- Installing: /home/zhaocake/Documents/single_program/rm_hotpot_exam/Folder_2_Ros/Au_miner/install/au_interfaces/local/lib/python3.10/dist-packages/au_interfaces/au_interfaces_s__rosidl_typesupport_introspection_c.cpython-310-x86_64-linux-gnu.so
[3.676s] -- Set runtime path of "/home/zhaocake/Documents/single_program/rm_hotpot_exam/Folder_2_Ros/Au_miner/install/au_interfaces/local/lib/python3.10/dist-packages/au_interfaces/au_interfaces_s__rosidl_typesupport_introspection_c.cpython-310-x86_64-linux-gnu.so" to ""
[3.676s] -- Installing: /home/zhaocake/Documents/single_program/rm_hotpot_exam/Folder_2_Ros/Au_miner/install/au_interfaces/local/lib/python3.10/dist-packages/au_interfaces/au_interfaces_s__rosidl_typesupport_c.cpython-310-x86_64-linux-gnu.so
[3.676s] -- Set runtime path of "/home/zhaocake/Documents/single_program/rm_hotpot_exam/Folder_2_Ros/Au_miner/install/au_interfaces/local/lib/python3.10/dist-packages/au_interfaces/au_interfaces_s__rosidl_typesupport_c.cpython-310-x86_64-linux-gnu.so" to ""
[3.676s] -- Installing: /home/zhaocake/Documents/single_program/rm_hotpot_exam/Folder_2_Ros/Au_miner/install/au_interfaces/lib/libau_interfaces__rosidl_generator_py.so
[3.676s] -- Set runtime path of "/home/zhaocake/Documents/single_program/rm_hotpot_exam/Folder_2_Ros/Au_miner/install/au_interfaces/lib/libau_interfaces__rosidl_generator_py.so" to ""
[3.676s] -- Up-to-date: /home/zhaocake/Documents/single_program/rm_hotpot_exam/Folder_2_Ros/Au_miner/install/au_interfaces/share/au_interfaces/msg/Mineralsingle.idl
[3.676s] -- Installing: /home/zhaocake/Documents/single_program/rm_hotpot_exam/Folder_2_Ros/Au_miner/install/au_interfaces/share/au_interfaces/action/Mineral.idl
[3.677s] -- Up-to-date: /home/zhaocake/Documents/single_program/rm_hotpot_exam/Folder_2_Ros/Au_miner/install/au_interfaces/share/au_interfaces/msg/Mineralsingle.msg
[3.677s] -- Installing: /home/zhaocake/Documents/single_program/rm_hotpot_exam/Folder_2_Ros/Au_miner/install/au_interfaces/share/au_interfaces/action/Mineral.action
[3.677s] -- Up-to-date: /home/zhaocake/Documents/single_program/rm_hotpot_exam/Folder_2_Ros/Au_miner/install/au_interfaces/share/ament_index/resource_index/package_run_dependencies/au_interfaces
[3.677s] -- Installing: /home/zhaocake/Documents/single_program/rm_hotpot_exam/Folder_2_Ros/Au_miner/install/au_interfaces/share/ament_index/resource_index/parent_prefix_path/au_interfaces
[3.677s] -- Up-to-date: /home/zhaocake/Documents/single_program/rm_hotpot_exam/Folder_2_Ros/Au_miner/install/au_interfaces/share/au_interfaces/environment/ament_prefix_path.sh
[3.677s] -- Installing: /home/zhaocake/Documents/single_program/rm_hotpot_exam/Folder_2_Ros/Au_miner/install/au_interfaces/share/au_interfaces/environment/ament_prefix_path.dsv
[3.677s] -- Up-to-date: /home/zhaocake/Documents/single_program/rm_hotpot_exam/Folder_2_Ros/Au_miner/install/au_interfaces/share/au_interfaces/environment/path.sh
[3.677s] -- Installing: /home/zhaocake/Documents/single_program/rm_hotpot_exam/Folder_2_Ros/Au_miner/install/au_interfaces/share/au_interfaces/environment/path.dsv
[3.677s] -- Up-to-date: /home/zhaocake/Documents/single_program/rm_hotpot_exam/Folder_2_Ros/Au_miner/install/au_interfaces/share/au_interfaces/local_setup.bash
[3.677s] -- Up-to-date: /home/zhaocake/Documents/single_program/rm_hotpot_exam/Folder_2_Ros/Au_miner/install/au_interfaces/share/au_interfaces/local_setup.sh
[3.677s] -- Up-to-date: /home/zhaocake/Documents/single_program/rm_hotpot_exam/Folder_2_Ros/Au_miner/install/au_interfaces/share/au_interfaces/local_setup.zsh
[3.677s] -- Installing: /home/zhaocake/Documents/single_program/rm_hotpot_exam/Folder_2_Ros/Au_miner/install/au_interfaces/share/au_interfaces/local_setup.dsv
[3.677s] -- Installing: /home/zhaocake/Documents/single_program/rm_hotpot_exam/Folder_2_Ros/Au_miner/install/au_interfaces/share/au_interfaces/package.dsv
[3.677s] -- Up-to-date: /home/zhaocake/Documents/single_program/rm_hotpot_exam/Folder_2_Ros/Au_miner/install/au_interfaces/share/ament_index/resource_index/packages/au_interfaces
[3.677s] -- Old export file "/home/zhaocake/Documents/single_program/rm_hotpot_exam/Folder_2_Ros/Au_miner/install/au_interfaces/share/au_interfaces/cmake/export_au_interfaces__rosidl_generator_cExport.cmake" will be replaced.  Removing files [/home/zhaocake/Documents/single_program/rm_hotpot_exam/Folder_2_Ros/Au_miner/install/au_interfaces/share/au_interfaces/cmake/export_au_interfaces__rosidl_generator_cExport-noconfig.cmake].
[3.678s] -- Installing: /home/zhaocake/Documents/single_program/rm_hotpot_exam/Folder_2_Ros/Au_miner/install/au_interfaces/share/au_interfaces/cmake/export_au_interfaces__rosidl_generator_cExport.cmake
[3.678s] -- Installing: /home/zhaocake/Documents/single_program/rm_hotpot_exam/Folder_2_Ros/Au_miner/install/au_interfaces/share/au_interfaces/cmake/export_au_interfaces__rosidl_generator_cExport-noconfig.cmake
[3.678s] -- Old export file "/home/zhaocake/Documents/single_program/rm_hotpot_exam/Folder_2_Ros/Au_miner/install/au_interfaces/share/au_interfaces/cmake/export_au_interfaces__rosidl_typesupport_fastrtps_cExport.cmake" will be replaced.  Removing files [/home/zhaocake/Documents/single_program/rm_hotpot_exam/Folder_2_Ros/Au_miner/install/au_interfaces/share/au_interfaces/cmake/export_au_interfaces__rosidl_typesupport_fastrtps_cExport-noconfig.cmake].
[3.678s] -- Installing: /home/zhaocake/Documents/single_program/rm_hotpot_exam/Folder_2_Ros/Au_miner/install/au_interfaces/share/au_interfaces/cmake/export_au_interfaces__rosidl_typesupport_fastrtps_cExport.cmake
[3.678s] -- Installing: /home/zhaocake/Documents/single_program/rm_hotpot_exam/Folder_2_Ros/Au_miner/install/au_interfaces/share/au_interfaces/cmake/export_au_interfaces__rosidl_typesupport_fastrtps_cExport-noconfig.cmake
[3.678s] -- Installing: /home/zhaocake/Documents/single_program/rm_hotpot_exam/Folder_2_Ros/Au_miner/install/au_interfaces/share/au_interfaces/cmake/export_au_interfaces__rosidl_generator_cppExport.cmake
[3.678s] -- Old export file "/home/zhaocake/Documents/single_program/rm_hotpot_exam/Folder_2_Ros/Au_miner/install/au_interfaces/share/au_interfaces/cmake/export_au_interfaces__rosidl_typesupport_fastrtps_cppExport.cmake" will be replaced.  Removing files [/home/zhaocake/Documents/single_program/rm_hotpot_exam/Folder_2_Ros/Au_miner/install/au_interfaces/share/au_interfaces/cmake/export_au_interfaces__rosidl_typesupport_fastrtps_cppExport-noconfig.cmake].
[3.678s] -- Installing: /home/zhaocake/Documents/single_program/rm_hotpot_exam/Folder_2_Ros/Au_miner/install/au_interfaces/share/au_interfaces/cmake/export_au_interfaces__rosidl_typesupport_fastrtps_cppExport.cmake
[3.678s] -- Installing: /home/zhaocake/Documents/single_program/rm_hotpot_exam/Folder_2_Ros/Au_miner/install/au_interfaces/share/au_interfaces/cmake/export_au_interfaces__rosidl_typesupport_fastrtps_cppExport-noconfig.cmake
[3.678s] -- Old export file "/home/zhaocake/Documents/single_program/rm_hotpot_exam/Folder_2_Ros/Au_miner/install/au_interfaces/share/au_interfaces/cmake/au_interfaces__rosidl_typesupport_introspection_cExport.cmake" will be replaced.  Removing files [/home/zhaocake/Documents/single_program/rm_hotpot_exam/Folder_2_Ros/Au_miner/install/au_interfaces/share/au_interfaces/cmake/au_interfaces__rosidl_typesupport_introspection_cExport-noconfig.cmake].
[3.678s] -- Installing: /home/zhaocake/Documents/single_program/rm_hotpot_exam/Folder_2_Ros/Au_miner/install/au_interfaces/share/au_interfaces/cmake/au_interfaces__rosidl_typesupport_introspection_cExport.cmake
[3.678s] -- Installing: /home/zhaocake/Documents/single_program/rm_hotpot_exam/Folder_2_Ros/Au_miner/install/au_interfaces/share/au_interfaces/cmake/au_interfaces__rosidl_typesupport_introspection_cExport-noconfig.cmake
[3.678s] -- Old export file "/home/zhaocake/Documents/single_program/rm_hotpot_exam/Folder_2_Ros/Au_miner/install/au_interfaces/share/au_interfaces/cmake/au_interfaces__rosidl_typesupport_cExport.cmake" will be replaced.  Removing files [/home/zhaocake/Documents/single_program/rm_hotpot_exam/Folder_2_Ros/Au_miner/install/au_interfaces/share/au_interfaces/cmake/au_interfaces__rosidl_typesupport_cExport-noconfig.cmake].
[3.678s] -- Installing: /home/zhaocake/Documents/single_program/rm_hotpot_exam/Folder_2_Ros/Au_miner/install/au_interfaces/share/au_interfaces/cmake/au_interfaces__rosidl_typesupport_cExport.cmake
[3.679s] -- Installing: /home/zhaocake/Documents/single_program/rm_hotpot_exam/Folder_2_Ros/Au_miner/install/au_interfaces/share/au_interfaces/cmake/au_interfaces__rosidl_typesupport_cExport-noconfig.cmake
[3.679s] -- Old export file "/home/zhaocake/Documents/single_program/rm_hotpot_exam/Folder_2_Ros/Au_miner/install/au_interfaces/share/au_interfaces/cmake/au_interfaces__rosidl_typesupport_introspection_cppExport.cmake" will be replaced.  Removing files [/home/zhaocake/Documents/single_program/rm_hotpot_exam/Folder_2_Ros/Au_miner/install/au_interfaces/share/au_interfaces/cmake/au_interfaces__rosidl_typesupport_introspection_cppExport-noconfig.cmake].
[3.679s] -- Installing: /home/zhaocake/Documents/single_program/rm_hotpot_exam/Folder_2_Ros/Au_miner/install/au_interfaces/share/au_interfaces/cmake/au_interfaces__rosidl_typesupport_introspection_cppExport.cmake
[3.679s] -- Installing: /home/zhaocake/Documents/single_program/rm_hotpot_exam/Folder_2_Ros/Au_miner/install/au_interfaces/share/au_interfaces/cmake/au_interfaces__rosidl_typesupport_introspection_cppExport-noconfig.cmake
[3.679s] -- Old export file "/home/zhaocake/Documents/single_program/rm_hotpot_exam/Folder_2_Ros/Au_miner/install/au_interfaces/share/au_interfaces/cmake/au_interfaces__rosidl_typesupport_cppExport.cmake" will be replaced.  Removing files [/home/zhaocake/Documents/single_program/rm_hotpot_exam/Folder_2_Ros/Au_miner/install/au_interfaces/share/au_interfaces/cmake/au_interfaces__rosidl_typesupport_cppExport-noconfig.cmake].
[3.679s] -- Installing: /home/zhaocake/Documents/single_program/rm_hotpot_exam/Folder_2_Ros/Au_miner/install/au_interfaces/share/au_interfaces/cmake/au_interfaces__rosidl_typesupport_cppExport.cmake
[3.679s] -- Installing: /home/zhaocake/Documents/single_program/rm_hotpot_exam/Folder_2_Ros/Au_miner/install/au_interfaces/share/au_interfaces/cmake/au_interfaces__rosidl_typesupport_cppExport-noconfig.cmake
[3.679s] -- Old export file "/home/zhaocake/Documents/single_program/rm_hotpot_exam/Folder_2_Ros/Au_miner/install/au_interfaces/share/au_interfaces/cmake/export_au_interfaces__rosidl_generator_pyExport.cmake" will be replaced.  Removing files [/home/zhaocake/Documents/single_program/rm_hotpot_exam/Folder_2_Ros/Au_miner/install/au_interfaces/share/au_interfaces/cmake/export_au_interfaces__rosidl_generator_pyExport-noconfig.cmake].
[3.679s] -- Installing: /home/zhaocake/Documents/single_program/rm_hotpot_exam/Folder_2_Ros/Au_miner/install/au_interfaces/share/au_interfaces/cmake/export_au_interfaces__rosidl_generator_pyExport.cmake
[3.679s] -- Installing: /home/zhaocake/Documents/single_program/rm_hotpot_exam/Folder_2_Ros/Au_miner/install/au_interfaces/share/au_interfaces/cmake/export_au_interfaces__rosidl_generator_pyExport-noconfig.cmake
[3.679s] -- Installing: /home/zhaocake/Documents/single_program/rm_hotpot_exam/Folder_2_Ros/Au_miner/install/au_interfaces/share/au_interfaces/cmake/rosidl_cmake-extras.cmake
[3.679s] -- Installing: /home/zhaocake/Documents/single_program/rm_hotpot_exam/Folder_2_Ros/Au_miner/install/au_interfaces/share/au_interfaces/cmake/ament_cmake_export_dependencies-extras.cmake
[3.679s] -- Up-to-date: /home/zhaocake/Documents/single_program/rm_hotpot_exam/Folder_2_Ros/Au_miner/install/au_interfaces/share/au_interfaces/cmake/ament_cmake_export_include_directories-extras.cmake
[3.679s] -- Up-to-date: /home/zhaocake/Documents/single_program/rm_hotpot_exam/Folder_2_Ros/Au_miner/install/au_interfaces/share/au_interfaces/cmake/ament_cmake_export_libraries-extras.cmake
[3.679s] -- Up-to-date: /home/zhaocake/Documents/single_program/rm_hotpot_exam/Folder_2_Ros/Au_miner/install/au_interfaces/share/au_interfaces/cmake/ament_cmake_export_targets-extras.cmake
[3.680s] -- Up-to-date: /home/zhaocake/Documents/single_program/rm_hotpot_exam/Folder_2_Ros/Au_miner/install/au_interfaces/share/au_interfaces/cmake/rosidl_cmake_export_typesupport_targets-extras.cmake
[3.680s] -- Up-to-date: /home/zhaocake/Documents/single_program/rm_hotpot_exam/Folder_2_Ros/Au_miner/install/au_interfaces/share/au_interfaces/cmake/rosidl_cmake_export_typesupport_libraries-extras.cmake
[3.680s] -- Up-to-date: /home/zhaocake/Documents/single_program/rm_hotpot_exam/Folder_2_Ros/Au_miner/install/au_interfaces/share/au_interfaces/cmake/au_interfacesConfig.cmake
[3.680s] -- Up-to-date: /home/zhaocake/Documents/single_program/rm_hotpot_exam/Folder_2_Ros/Au_miner/install/au_interfaces/share/au_interfaces/cmake/au_interfacesConfig-version.cmake
[3.680s] -- Up-to-date: /home/zhaocake/Documents/single_program/rm_hotpot_exam/Folder_2_Ros/Au_miner/install/au_interfaces/share/au_interfaces/package.xml
[3.682s] Invoked command in '/home/zhaocake/Documents/single_program/rm_hotpot_exam/Folder_2_Ros/Au_miner/build/au_interfaces' returned '0': CMAKE_PREFIX_PATH=${CMAKE_PREFIX_PATH}:/opt/ros/humble /usr/bin/cmake --install /home/zhaocake/Documents/single_program/rm_hotpot_exam/Folder_2_Ros/Au_miner/build/au_interfaces
